Log file open, 04/26/25 21:18:49
LogWindows: Failed to load 'aqProf.dll' (GetLastError=126)
LogWindows: File 'aqProf.dll' does not exist
LogWindows: Failed to load 'VtuneApi.dll' (GetLastError=126)
LogWindows: File 'VtuneApi.dll' does not exist
LogWindows: Failed to load 'VtuneApi32e.dll' (GetLastError=126)
LogWindows: File 'VtuneApi32e.dll' does not exist
LogConsoleResponse: Display: Failed to find resolution value strings in scalability ini. Falling back to default.
LogConsoleResponse: Display: Failed to find resolution value strings in scalability ini. Falling back to default.
LogInit: Display: Running engine for game: Vertigo_Protocol
LogPlatformFile: Not using cached read wrapper
LogTaskGraph: Started task graph with 5 named threads and 47 total threads with 3 sets of task threads.
LogStats: Stats thread started at 0.146915
LogICUInternationalization: ICU TimeZone Detection - Raw Offset: -8:00, Platform Override: ''
LogInit: Display: Loading text-based GConfig....
LogPluginManager: Mounting plugin MeshPainting
LogPluginManager: Mounting plugin XGEController
LogPluginManager: Mounting plugin Paper2D
LogPluginManager: Mounting plugin LiveLink
LogPluginManager: Mounting plugin AISupport
LogPluginManager: Mounting plugin LightPropagationVolume
LogPluginManager: Mounting plugin EnvironmentQueryEditor
LogPluginManager: Mounting plugin AnimationSharing
LogPluginManager: Mounting plugin OodleData
LogPluginManager: Mounting plugin OodleNetwork
LogPluginManager: Mounting plugin GitSourceControl
LogPluginManager: Mounting plugin PerforceSourceControl
LogPluginManager: Mounting plugin CLionSourceCodeAccess
LogPluginManager: Mounting plugin KDevelopSourceCodeAccess
LogPluginManager: Mounting plugin CodeLiteSourceCodeAccess
LogPluginManager: Mounting plugin NullSourceCodeAccess
LogPluginManager: Mounting plugin PropertyAccessNode
LogPluginManager: Mounting plugin SubversionSourceControl
LogPluginManager: Mounting plugin PixWinPlugin
LogPluginManager: Mounting plugin PlasticSourceControl
LogPluginManager: Mounting plugin PluginUtils
LogPluginManager: Mounting plugin TextureFormatOodle
LogPluginManager: Mounting plugin RiderSourceCodeAccess
LogPluginManager: Mounting plugin VisualStudioCodeSourceCodeAccess
LogPluginManager: Mounting plugin VisualStudioSourceCodeAccess
LogPluginManager: Mounting plugin UObjectPlugin
LogPluginManager: Mounting plugin XCodeSourceCodeAccess
LogPluginManager: Mounting plugin BackChannel
LogPluginManager: Mounting plugin AlembicImporter
LogPluginManager: Mounting plugin AutomationUtils
LogPluginManager: Mounting plugin ChaosCloth
LogPluginManager: Mounting plugin ChaosClothEditor
LogPluginManager: Mounting plugin ChaosEditor
LogPluginManager: Mounting plugin ChaosSolverPlugin
LogPluginManager: Mounting plugin CharacterAI
LogPluginManager: Mounting plugin ChaosNiagara
LogPluginManager: Mounting plugin DatasmithContent
LogPluginManager: Mounting plugin GeometryCache
LogPluginManager: Mounting plugin GeometryCollectionPlugin
LogPluginManager: Mounting plugin GeometryProcessing
LogPluginManager: Mounting plugin VariantManagerContent
LogPluginManager: Mounting plugin MotoSynth
LogPluginManager: Mounting plugin PlanarCut
LogPluginManager: Mounting plugin PlatformCrypto
LogPluginManager: Mounting plugin PythonScriptPlugin
LogPluginManager: Mounting plugin OpenImageDenoise
LogPluginManager: Mounting plugin ProxyLODPlugin
LogPluginManager: Mounting plugin AssetManagerEditor
LogPluginManager: Mounting plugin SkeletalReduction
LogPluginManager: Mounting plugin CryptoKeys
LogPluginManager: Mounting plugin CurveEditorTools
LogPluginManager: Mounting plugin FacialAnimation
LogPluginManager: Mounting plugin GameplayTagsEditor
LogPluginManager: Mounting plugin GeometryMode
LogPluginManager: Mounting plugin MacGraphicsSwitching
LogPluginManager: Mounting plugin DataValidation
LogPluginManager: Mounting plugin MobileLauncherProfileWizard
LogPluginManager: Mounting plugin PluginBrowser
LogPluginManager: Mounting plugin MaterialAnalyzer
LogPluginManager: Mounting plugin SpeedTreeImporter
LogPluginManager: Mounting plugin LuminPlatformFeatures
LogPluginManager: Mounting plugin MagicLeap
LogPluginManager: Mounting plugin AndroidMedia
LogPluginManager: Mounting plugin MagicLeapLightEstimation
LogPluginManager: Mounting plugin MagicLeapMedia
LogPluginManager: Mounting plugin MagicLeapPassableWorld
LogPluginManager: Mounting plugin AvfMedia
LogPluginManager: Mounting plugin MLSDK
LogPluginManager: Mounting plugin MediaCompositing
LogPluginManager: Mounting plugin MediaPlayerEditor
LogPluginManager: Mounting plugin ImgMedia
LogPluginManager: Mounting plugin TcpMessaging
LogPluginManager: Mounting plugin WebMMedia
LogPluginManager: Mounting plugin UdpMessaging
LogPluginManager: Mounting plugin WmfMedia
LogPluginManager: Mounting plugin OnlineSubsystem
LogPluginManager: Mounting plugin ActorSequence
LogPluginManager: Mounting plugin OnlineSubsystemNull
LogPluginManager: Mounting plugin LevelSequenceEditor
LogPluginManager: Mounting plugin MatineeToLevelSequence
LogPluginManager: Mounting plugin OnlineSubsystemUtils
LogPluginManager: Mounting plugin TemplateSequence
LogPluginManager: Mounting plugin LauncherChunkInstaller
LogPluginManager: Mounting plugin Niagara
LogPluginManager: Mounting plugin ActorLayerUtilities
LogPluginManager: Mounting plugin AndroidMoviePlayer
LogPluginManager: Mounting plugin AndroidDeviceProfileSelector
LogPluginManager: Mounting plugin AppleImageUtils
LogPluginManager: Mounting plugin AndroidPermission
LogPluginManager: Mounting plugin AppleMoviePlayer
LogPluginManager: Mounting plugin AudioCapture
LogPluginManager: Mounting plugin ArchVisCharacter
LogPluginManager: Mounting plugin CableComponent
LogPluginManager: Mounting plugin ChunkDownloader
LogPluginManager: Mounting plugin CustomMeshComponent
LogPluginManager: Mounting plugin AudioSynesthesia
LogPluginManager: Mounting plugin EditableMesh
LogPluginManager: Mounting plugin ExampleDeviceProfileSelector
LogPluginManager: Mounting plugin AssetTags
LogPluginManager: Mounting plugin GoogleCloudMessaging
LogPluginManager: Mounting plugin GooglePAD
LogPluginManager: Mounting plugin Takes
LogPluginManager: Mounting plugin IOSDeviceProfileSelector
LogPluginManager: Mounting plugin LinuxDeviceProfileSelector
LogPluginManager: Mounting plugin LocationServicesBPLibrary
LogPluginManager: Mounting plugin MobilePatchingUtils
LogPluginManager: Mounting plugin OpenXR
LogPluginManager: Mounting plugin OpenXREyeTracker
LogPluginManager: Mounting plugin OpenXRHandTracking
LogPluginManager: Mounting plugin PhysXVehicles
LogPluginManager: Mounting plugin PostSplashScreen
LogPluginManager: Mounting plugin ProceduralMeshComponent
LogPluginManager: Mounting plugin PropertyAccessEditor
LogPluginManager: Mounting plugin RuntimePhysXCooking
LogPluginManager: Mounting plugin ScreenshotTools
LogPluginManager: Mounting plugin SignificanceManager
LogPluginManager: Mounting plugin SoundFields
LogPluginManager: Mounting plugin Synthesis
LogPluginManager: Mounting plugin WebMMoviePlayer
LogPluginManager: Mounting plugin CameraShakePreviewer
LogPluginManager: Mounting plugin GameplayCameras
LogPluginManager: Mounting plugin WindowsMoviePlayer
LogPluginManager: Mounting plugin ContentBrowserAssetDataSource
LogPluginManager: Mounting plugin ContentBrowserClassDataSource
LogPluginManager: Mounting plugin ContentBrowserFileDataSource
LogPluginManager: Mounting plugin OnlineSubsystemIOS
LogPluginManager: Mounting plugin OnlineSubsystemGooglePlay
LogPluginManager: Mounting plugin OculusVR
LogPluginManager: Mounting plugin SteamVR
PixWinPlugin: PIX capture plugin failed to initialize! Check that the process is launched from PIX.
LogInit: Using libcurl 7.55.1-DEV
LogInit:  - built for x86_64-pc-win32
LogInit:  - supports SSL with OpenSSL/1.1.1
LogInit:  - supports HTTP deflate (compression) using libz 1.2.8
LogInit:  - other features:
LogInit:      CURL_VERSION_SSL
LogInit:      CURL_VERSION_LIBZ
LogInit:      CURL_VERSION_IPV6
LogInit:      CURL_VERSION_ASYNCHDNS
LogInit:      CURL_VERSION_LARGEFILE
LogInit:      CURL_VERSION_IDN
LogInit:  CurlRequestOptions (configurable via config and command line):
LogInit:  - bVerifyPeer = true  - Libcurl will verify peer certificate
LogInit:  - bUseHttpProxy = false  - Libcurl will NOT use HTTP proxy
LogInit:  - bDontReuseConnections = false  - Libcurl will reuse connections
LogInit:  - MaxHostConnections = 16  - Libcurl will limit the number of connections to a host
LogInit:  - LocalHostAddr = Default
LogInit:  - BufferSize = 65536
LogOnline: OSS: Creating online subsystem instance for: NULL
LogInit: WinSock: version 1.1 (2.2), MaxSocks=32767, MaxUdp=65467
LogOnline: OSS: TryLoadSubsystemAndSetDefault: Loaded subsystem for module [NULL]
LogOculusPluginWrapper: OculusPlugin initialized successfully
LogHMD: Failed initializing OVRPlugin 1.59.0
LogInit: Build: ++UE4+Release-4.27-CL-18319896
LogInit: Engine Version: 4.27.2-18319896+++UE4+Release-4.27
LogInit: Compatible Engine Version: 4.27.0-17155196+++UE4+Release-4.27
LogInit: Net CL: 17155196
LogInit: OS: Windows 10 (Release 2009) (), CPU: AMD Ryzen 7 9800X3D 8-Core Processor           , GPU: NVIDIA GeForce RTX 3080
LogInit: Compiled (64-bit): Nov 30 2021 07:12:08
LogInit: Compiled with Visual C++: 19.24.28315.00
LogInit: Build Configuration: Development
LogInit: Branch Name: ++UE4+Release-4.27
LogInit: Command Line:  /Game/Dynamic/Levels/MainMenuMap -game -PIEVIACONSOLE -Multiprocess "GameUserSettingsINI=C:/Users/Tenrek/Documents/Unreal Projects/Vertigo_Protocol/Vertigo_Protocol/Saved/Config/Windows/PIEGameUserSettings0.ini" -MultiprocessSaveConfig -forcepassthrough -messaging -SessionName="Play in Standalone Game" -windowed -ResX=1280 -ResY=720
LogInit: Base Directory: C:/Program Files/Epic Games/UE_4.27/Engine/Binaries/Win64/
LogInit: Allocator: TBB
LogInit: Installed Engine Build: 1
LogDevObjectVersion: Number of dev versions registered: 29
LogDevObjectVersion:   Dev-Blueprints (B0D832E4-1F89-4F0D-ACCF-7EB736FD4AA2): 10
LogDevObjectVersion:   Dev-Build (E1C64328-A22C-4D53-A36C-8E866417BD8C): 0
LogDevObjectVersion:   Dev-Core (375EC13C-06E4-48FB-B500-84F0262A717E): 4
LogDevObjectVersion:   Dev-Editor (E4B068ED-F494-42E9-A231-DA0B2E46BB41): 40
LogDevObjectVersion:   Dev-Framework (CFFC743F-43B0-4480-9391-14DF171D2073): 37
LogDevObjectVersion:   Dev-Mobile (B02B49B5-BB20-44E9-A304-32B752E40360): 3
LogDevObjectVersion:   Dev-Networking (A4E4105C-59A1-49B5-A7C5-40C4547EDFEE): 0
LogDevObjectVersion:   Dev-Online (39C831C9-5AE6-47DC-9A44-9C173E1C8E7C): 0
LogDevObjectVersion:   Dev-Physics (78F01B33-EBEA-4F98-B9B4-84EACCB95AA2): 14
LogDevObjectVersion:   Dev-Platform (6631380F-2D4D-43E0-8009-CF276956A95A): 0
LogDevObjectVersion:   Dev-Rendering (12F88B9F-8875-4AFC-A67C-D90C383ABD29): 45
LogDevObjectVersion:   Dev-Sequencer (7B5AE74C-D270-4C10-A958-57980B212A5A): 13
LogDevObjectVersion:   Dev-VR (D7296918-1DD6-4BDD-9DE2-64A83CC13884): 3
LogDevObjectVersion:   Dev-LoadTimes (C2A15278-BFE7-4AFE-6C17-90FF531DF755): 1
LogDevObjectVersion:   Private-Geometry (6EACA3D4-40EC-4CC1-B786-8BED09428FC5): 3
LogDevObjectVersion:   Dev-AnimPhys (29E575DD-E0A3-4627-9D10-D276232CDCEA): 17
LogDevObjectVersion:   Dev-Anim (AF43A65D-7FD3-4947-9873-3E8ED9C1BB05): 15
LogDevObjectVersion:   Dev-ReflectionCapture (6B266CEC-1EC7-4B8F-A30B-E4D90942FC07): 1
LogDevObjectVersion:   Dev-Automation (0DF73D61-A23F-47EA-B727-89E90C41499A): 1
LogDevObjectVersion:   FortniteMain (601D1886-AC64-4F84-AA16-D3DE0DEAC7D6): 47
LogDevObjectVersion:   FortniteRelease (E7086368-6B23-4C58-8439-1B7016265E91): 1
LogDevObjectVersion:   Dev-Enterprise (9DFFBCD6-494F-0158-E221-12823C92A888): 10
LogDevObjectVersion:   Dev-Niagara (F2AED0AC-9AFE-416F-8664-AA7FFA26D6FC): 1
LogDevObjectVersion:   Dev-Destruction (174F1F0B-B4C6-45A5-B13F-2EE8D0FB917D): 10
LogDevObjectVersion:   Dev-Physics-Ext (35F94A83-E258-406C-A318-09F59610247C): 41
LogDevObjectVersion:   Dev-PhysicsMaterial-Chaos (B68FC16E-8B1B-42E2-B453-215C058844FE): 1
LogDevObjectVersion:   Dev-CineCamera (B2E18506-4273-CFC2-A54E-F4BB758BBA07): 1
LogDevObjectVersion:   Dev-VirtualProduction (64F58936-FD1B-42BA-BA96-7289D5D0FA4E): 1
LogDevObjectVersion:   Dev-MediaFramework (6F0ED827-A609-4895-9C91-998D90180EA4): 2
LogInit: Presizing for max 25165824 objects, including 0 objects not considered by GC, pre-allocating 0 bytes for permanent pool.
LogConfig: Applying CVar settings from Section [/Script/Engine.StreamingSettings] File [C:/Users/Tenrek/Documents/Unreal Projects/Vertigo_Protocol/Vertigo_Protocol/Saved/Config/Windows/Engine.ini]
LogConfig: Setting CVar [[s.MinBulkDataSizeForAsyncLoading:131072]]
LogConfig: Setting CVar [[s.AsyncLoadingThreadEnabled:0]]
LogConfig: Setting CVar [[s.EventDrivenLoaderEnabled:1]]
LogConfig: Setting CVar [[s.WarnIfTimeLimitExceeded:0]]
LogConfig: Setting CVar [[s.TimeLimitExceededMultiplier:1.5]]
LogConfig: Setting CVar [[s.TimeLimitExceededMinTime:0.005]]
LogConfig: Setting CVar [[s.UseBackgroundLevelStreaming:1]]
LogConfig: Setting CVar [[s.PriorityAsyncLoadingExtraTime:15.0]]
LogConfig: Setting CVar [[s.LevelStreamingActorsUpdateTimeLimit:5.0]]
LogConfig: Setting CVar [[s.PriorityLevelStreamingActorsUpdateExtraTime:5.0]]
LogConfig: Setting CVar [[s.LevelStreamingComponentsRegistrationGranularity:10]]
LogConfig: Setting CVar [[s.UnregisterComponentsTimeLimit:1.0]]
LogConfig: Setting CVar [[s.LevelStreamingComponentsUnregistrationGranularity:5]]
LogConfig: Setting CVar [[s.FlushStreamingOnExit:1]]
LogInit: Object subsystem initialized
LogConfig: Setting CVar [[con.DebugEarlyDefault:1]]
LogConfig: Setting CVar [[r.setres:1280x720]]
[2025.04.27-04.18.49:573][  0]LogConfig: Setting CVar [[con.DebugEarlyDefault:1]]
[2025.04.27-04.18.49:573][  0]LogConfig: Setting CVar [[r.setres:1280x720]]
[2025.04.27-04.18.49:573][  0]LogConfig: Applying CVar settings from Section [/Script/Engine.RendererSettings] File [C:/Users/Tenrek/Documents/Unreal Projects/Vertigo_Protocol/Vertigo_Protocol/Saved/Config/Windows/Engine.ini]
[2025.04.27-04.18.49:573][  0]LogConfig: Setting CVar [[r.GPUCrashDebugging:0]]
[2025.04.27-04.18.49:573][  0]LogConfig: Setting CVar [[r.DefaultFeature.MotionBlur:0]]
[2025.04.27-04.18.49:573][  0]LogConfig: Applying CVar settings from Section [/Script/Engine.RendererOverrideSettings] File [C:/Users/Tenrek/Documents/Unreal Projects/Vertigo_Protocol/Vertigo_Protocol/Saved/Config/Windows/Engine.ini]
[2025.04.27-04.18.49:573][  0]LogConfig: Applying CVar settings from Section [/Script/Engine.StreamingSettings] File [C:/Users/Tenrek/Documents/Unreal Projects/Vertigo_Protocol/Vertigo_Protocol/Saved/Config/Windows/Engine.ini]
[2025.04.27-04.18.49:573][  0]LogConfig: Setting CVar [[s.MinBulkDataSizeForAsyncLoading:131072]]
[2025.04.27-04.18.49:573][  0]LogConfig: Setting CVar [[s.AsyncLoadingThreadEnabled:0]]
[2025.04.27-04.18.49:573][  0]LogConfig: Setting CVar [[s.EventDrivenLoaderEnabled:1]]
[2025.04.27-04.18.49:573][  0]LogConfig: Setting CVar [[s.WarnIfTimeLimitExceeded:0]]
[2025.04.27-04.18.49:573][  0]LogConfig: Setting CVar [[s.TimeLimitExceededMultiplier:1.5]]
[2025.04.27-04.18.49:573][  0]LogConfig: Setting CVar [[s.TimeLimitExceededMinTime:0.005]]
[2025.04.27-04.18.49:573][  0]LogConfig: Setting CVar [[s.UseBackgroundLevelStreaming:1]]
[2025.04.27-04.18.49:573][  0]LogConfig: Setting CVar [[s.PriorityAsyncLoadingExtraTime:15.0]]
[2025.04.27-04.18.49:573][  0]LogConfig: Setting CVar [[s.LevelStreamingActorsUpdateTimeLimit:5.0]]
[2025.04.27-04.18.49:573][  0]LogConfig: Setting CVar [[s.PriorityLevelStreamingActorsUpdateExtraTime:5.0]]
[2025.04.27-04.18.49:573][  0]LogConfig: Setting CVar [[s.LevelStreamingComponentsRegistrationGranularity:10]]
[2025.04.27-04.18.49:573][  0]LogConfig: Setting CVar [[s.UnregisterComponentsTimeLimit:1.0]]
[2025.04.27-04.18.49:573][  0]LogConfig: Setting CVar [[s.LevelStreamingComponentsUnregistrationGranularity:5]]
[2025.04.27-04.18.49:573][  0]LogConfig: Setting CVar [[s.FlushStreamingOnExit:1]]
[2025.04.27-04.18.49:573][  0]LogConfig: Applying CVar settings from Section [/Script/Engine.GarbageCollectionSettings] File [C:/Users/Tenrek/Documents/Unreal Projects/Vertigo_Protocol/Vertigo_Protocol/Saved/Config/Windows/Engine.ini]
[2025.04.27-04.18.49:573][  0]LogConfig: Setting CVar [[gc.MaxObjectsNotConsideredByGC:1]]
[2025.04.27-04.18.49:573][  0]LogConfig: Setting CVar [[gc.SizeOfPermanentObjectPool:0]]
[2025.04.27-04.18.49:573][  0]LogConfig: Setting CVar [[gc.FlushStreamingOnGC:0]]
[2025.04.27-04.18.49:573][  0]LogConfig: Setting CVar [[gc.NumRetriesBeforeForcingGC:10]]
[2025.04.27-04.18.49:573][  0]LogConfig: Setting CVar [[gc.AllowParallelGC:1]]
[2025.04.27-04.18.49:573][  0]LogConfig: Setting CVar [[gc.TimeBetweenPurgingPendingKillObjects:61.1]]
[2025.04.27-04.18.49:573][  0]LogConfig: Setting CVar [[gc.MaxObjectsInEditor:25165824]]
[2025.04.27-04.18.49:573][  0]LogConfig: Setting CVar [[gc.IncrementalBeginDestroyEnabled:1]]
[2025.04.27-04.18.49:573][  0]LogConfig: Setting CVar [[gc.CreateGCClusters:1]]
[2025.04.27-04.18.49:573][  0]LogConfig: Setting CVar [[gc.MinGCClusterSize:5]]
[2025.04.27-04.18.49:573][  0]LogConfig: Setting CVar [[gc.ActorClusteringEnabled:0]]
[2025.04.27-04.18.49:573][  0]LogConfig: Setting CVar [[gc.BlueprintClusteringEnabled:0]]
[2025.04.27-04.18.49:573][  0]LogConfig: Setting CVar [[gc.UseDisregardForGCOnDedicatedServers:0]]
[2025.04.27-04.18.49:573][  0]LogConfig: Setting CVar [[gc.MultithreadedDestructionEnabled:1]]
[2025.04.27-04.18.49:573][  0]LogConfig: Applying CVar settings from Section [/Script/Engine.NetworkSettings] File [C:/Users/Tenrek/Documents/Unreal Projects/Vertigo_Protocol/Vertigo_Protocol/Saved/Config/Windows/Engine.ini]
[2025.04.27-04.18.49:573][  0]LogConfig: Applying CVar settings from Section [/Script/UnrealEd.CookerSettings] File [C:/Users/Tenrek/Documents/Unreal Projects/Vertigo_Protocol/Vertigo_Protocol/Saved/Config/Windows/Engine.ini]
[2025.04.27-04.18.49:586][  0]LogConfig: Applying CVar settings from Section [ViewDistanceQuality@3] File [C:/Users/Tenrek/Documents/Unreal Projects/Vertigo_Protocol/Vertigo_Protocol/Saved/Config/Windows/Scalability.ini]
[2025.04.27-04.18.49:586][  0]LogConfig: Setting CVar [[r.SkeletalMeshLODBias:0]]
[2025.04.27-04.18.49:586][  0]LogConfig: Setting CVar [[r.ViewDistanceScale:1.0]]
[2025.04.27-04.18.49:586][  0]LogConfig: Applying CVar settings from Section [AntiAliasingQuality@3] File [C:/Users/Tenrek/Documents/Unreal Projects/Vertigo_Protocol/Vertigo_Protocol/Saved/Config/Windows/Scalability.ini]
[2025.04.27-04.18.49:586][  0]LogConfig: Setting CVar [[r.PostProcessAAQuality:4]]
[2025.04.27-04.18.49:586][  0]LogConfig: Applying CVar settings from Section [ShadowQuality@3] File [C:/Users/Tenrek/Documents/Unreal Projects/Vertigo_Protocol/Vertigo_Protocol/Saved/Config/Windows/Scalability.ini]
[2025.04.27-04.18.49:586][  0]LogConfig: Setting CVar [[r.LightFunctionQuality:1]]
[2025.04.27-04.18.49:586][  0]LogConfig: Setting CVar [[r.ShadowQuality:5]]
[2025.04.27-04.18.49:586][  0]LogConfig: Setting CVar [[r.Shadow.CSM.MaxCascades:10]]
[2025.04.27-04.18.49:586][  0]LogConfig: Setting CVar [[r.Shadow.MaxResolution:2048]]
[2025.04.27-04.18.49:586][  0]LogConfig: Setting CVar [[r.Shadow.MaxCSMResolution:2048]]
[2025.04.27-04.18.49:586][  0]LogConfig: Setting CVar [[r.Shadow.RadiusThreshold:0.01]]
[2025.04.27-04.18.49:586][  0]LogConfig: Setting CVar [[r.Shadow.DistanceScale:1.0]]
[2025.04.27-04.18.49:586][  0]LogConfig: Setting CVar [[r.Shadow.CSM.TransitionScale:1.0]]
[2025.04.27-04.18.49:586][  0]LogConfig: Setting CVar [[r.Shadow.PreShadowResolutionFactor:1.0]]
[2025.04.27-04.18.49:586][  0]LogConfig: Setting CVar [[r.DistanceFieldShadowing:1]]
[2025.04.27-04.18.49:587][  0]LogConfig: Setting CVar [[r.DistanceFieldAO:1]]
[2025.04.27-04.18.49:587][  0]LogConfig: Setting CVar [[r.AOQuality:2]]
[2025.04.27-04.18.49:587][  0]LogConfig: Setting CVar [[r.VolumetricFog:1]]
[2025.04.27-04.18.49:587][  0]LogConfig: Setting CVar [[r.VolumetricFog.GridPixelSize:8]]
[2025.04.27-04.18.49:587][  0]LogConfig: Setting CVar [[r.VolumetricFog.GridSizeZ:128]]
[2025.04.27-04.18.49:587][  0]LogConfig: Setting CVar [[r.VolumetricFog.HistoryMissSupersampleCount:4]]
[2025.04.27-04.18.49:587][  0]LogConfig: Setting CVar [[r.LightMaxDrawDistanceScale:1]]
[2025.04.27-04.18.49:587][  0]LogConfig: Setting CVar [[r.CapsuleShadows:1]]
[2025.04.27-04.18.49:587][  0]LogConfig: Applying CVar settings from Section [PostProcessQuality@3] File [C:/Users/Tenrek/Documents/Unreal Projects/Vertigo_Protocol/Vertigo_Protocol/Saved/Config/Windows/Scalability.ini]
[2025.04.27-04.18.49:587][  0]LogConfig: Setting CVar [[r.MotionBlurQuality:4]]
[2025.04.27-04.18.49:587][  0]LogConfig: Setting CVar [[r.AmbientOcclusionMipLevelFactor:0.4]]
[2025.04.27-04.18.49:587][  0]LogConfig: Setting CVar [[r.AmbientOcclusionMaxQuality:100]]
[2025.04.27-04.18.49:587][  0]LogConfig: Setting CVar [[r.AmbientOcclusionLevels:-1]]
[2025.04.27-04.18.49:587][  0]LogConfig: Setting CVar [[r.AmbientOcclusionRadiusScale:1.0]]
[2025.04.27-04.18.49:587][  0]LogConfig: Setting CVar [[r.DepthOfFieldQuality:2]]
[2025.04.27-04.18.49:587][  0]LogConfig: Setting CVar [[r.RenderTargetPoolMin:400]]
[2025.04.27-04.18.49:587][  0]LogConfig: Setting CVar [[r.LensFlareQuality:2]]
[2025.04.27-04.18.49:587][  0]LogConfig: Setting CVar [[r.SceneColorFringeQuality:1]]
[2025.04.27-04.18.49:587][  0]LogConfig: Setting CVar [[r.EyeAdaptationQuality:2]]
[2025.04.27-04.18.49:587][  0]LogConfig: Setting CVar [[r.BloomQuality:5]]
[2025.04.27-04.18.49:587][  0]LogConfig: Setting CVar [[r.FastBlurThreshold:100]]
[2025.04.27-04.18.49:587][  0]LogConfig: Setting CVar [[r.Upscale.Quality:3]]
[2025.04.27-04.18.49:587][  0]LogConfig: Setting CVar [[r.Tonemapper.GrainQuantization:1]]
[2025.04.27-04.18.49:587][  0]LogConfig: Setting CVar [[r.LightShaftQuality:1]]
[2025.04.27-04.18.49:587][  0]LogConfig: Setting CVar [[r.Filter.SizeScale:1]]
[2025.04.27-04.18.49:587][  0]LogConfig: Setting CVar [[r.Tonemapper.Quality:5]]
[2025.04.27-04.18.49:587][  0]LogConfig: Setting CVar [[r.DOF.Gather.AccumulatorQuality:1        ; higher gathering accumulator quality]]
[2025.04.27-04.18.49:587][  0]LogConfig: Setting CVar [[r.DOF.Gather.PostfilterMethod:1          ; Median3x3 postfilering method]]
[2025.04.27-04.18.49:587][  0]LogConfig: Setting CVar [[r.DOF.Gather.EnableBokehSettings:0       ; no bokeh simulation when gathering]]
[2025.04.27-04.18.49:587][  0]LogConfig: Setting CVar [[r.DOF.Gather.RingCount:4                 ; medium number of samples when gathering]]
[2025.04.27-04.18.49:587][  0]LogConfig: Setting CVar [[r.DOF.Scatter.ForegroundCompositing:1    ; additive foreground scattering]]
[2025.04.27-04.18.49:587][  0]LogConfig: Setting CVar [[r.DOF.Scatter.BackgroundCompositing:2    ; additive background scattering]]
[2025.04.27-04.18.49:587][  0]LogConfig: Setting CVar [[r.DOF.Scatter.EnableBokehSettings:1      ; bokeh simulation when scattering]]
[2025.04.27-04.18.49:587][  0]LogConfig: Setting CVar [[r.DOF.Scatter.MaxSpriteRatio:0.1         ; only a maximum of 10% of scattered bokeh]]
[2025.04.27-04.18.49:587][  0]LogConfig: Setting CVar [[r.DOF.Recombine.Quality:1                ; cheap slight out of focus]]
[2025.04.27-04.18.49:587][  0]LogConfig: Setting CVar [[r.DOF.Recombine.EnableBokehSettings:0    ; no bokeh simulation on slight out of focus]]
[2025.04.27-04.18.49:587][  0]LogConfig: Setting CVar [[r.DOF.TemporalAAQuality:1                ; more stable temporal accumulation]]
[2025.04.27-04.18.49:587][  0]LogConfig: Setting CVar [[r.DOF.Kernel.MaxForegroundRadius:0.025]]
[2025.04.27-04.18.49:587][  0]LogConfig: Setting CVar [[r.DOF.Kernel.MaxBackgroundRadius:0.025]]
[2025.04.27-04.18.49:587][  0]LogConfig: Applying CVar settings from Section [TextureQuality@3] File [C:/Users/Tenrek/Documents/Unreal Projects/Vertigo_Protocol/Vertigo_Protocol/Saved/Config/Windows/Scalability.ini]
[2025.04.27-04.18.49:587][  0]LogConfig: Setting CVar [[r.Streaming.MipBias:0]]
[2025.04.27-04.18.49:587][  0]LogConfig: Setting CVar [[r.Streaming.AmortizeCPUToGPUCopy:0]]
[2025.04.27-04.18.49:587][  0]LogConfig: Setting CVar [[r.Streaming.MaxNumTexturesToStreamPerFrame:0]]
[2025.04.27-04.18.49:587][  0]LogConfig: Setting CVar [[r.Streaming.Boost:1]]
[2025.04.27-04.18.49:587][  0]LogConfig: Setting CVar [[r.MaxAnisotropy:8]]
[2025.04.27-04.18.49:587][  0]LogConfig: Setting CVar [[r.VT.MaxAnisotropy:8]]
[2025.04.27-04.18.49:587][  0]LogConfig: Setting CVar [[r.Streaming.LimitPoolSizeToVRAM:0]]
[2025.04.27-04.18.49:587][  0]LogConfig: Setting CVar [[r.Streaming.PoolSize:1000]]
[2025.04.27-04.18.49:587][  0]LogConfig: Setting CVar [[r.Streaming.MaxEffectiveScreenSize:0]]
[2025.04.27-04.18.49:587][  0]LogConfig: Applying CVar settings from Section [EffectsQuality@3] File [C:/Users/Tenrek/Documents/Unreal Projects/Vertigo_Protocol/Vertigo_Protocol/Saved/Config/Windows/Scalability.ini]
[2025.04.27-04.18.49:587][  0]LogConfig: Setting CVar [[r.TranslucencyLightingVolumeDim:64]]
[2025.04.27-04.18.49:587][  0]LogConfig: Setting CVar [[r.RefractionQuality:2]]
[2025.04.27-04.18.49:587][  0]LogConfig: Setting CVar [[r.SSR.Quality:3]]
[2025.04.27-04.18.49:587][  0]LogConfig: Setting CVar [[r.SSR.HalfResSceneColor:0]]
[2025.04.27-04.18.49:587][  0]LogConfig: Setting CVar [[r.SceneColorFormat:4]]
[2025.04.27-04.18.49:587][  0]LogConfig: Setting CVar [[r.DetailMode:2]]
[2025.04.27-04.18.49:587][  0]LogConfig: Setting CVar [[r.TranslucencyVolumeBlur:1]]
[2025.04.27-04.18.49:587][  0]LogConfig: Setting CVar [[r.MaterialQualityLevel:1 ; High quality]]
[2025.04.27-04.18.49:587][  0]LogConfig: Setting CVar [[r.AnisotropicMaterials:1]]
[2025.04.27-04.18.49:587][  0]LogConfig: Setting CVar [[r.SSS.Scale:1]]
[2025.04.27-04.18.49:587][  0]LogConfig: Setting CVar [[r.SSS.SampleSet:2]]
[2025.04.27-04.18.49:587][  0]LogConfig: Setting CVar [[r.SSS.Quality:1]]
[2025.04.27-04.18.49:587][  0]LogConfig: Setting CVar [[r.SSS.HalfRes:0]]
[2025.04.27-04.18.49:587][  0]LogConfig: Setting CVar [[r.SSGI.Quality:3]]
[2025.04.27-04.18.49:587][  0]LogConfig: Setting CVar [[r.EmitterSpawnRateScale:1.0]]
[2025.04.27-04.18.49:587][  0]LogConfig: Setting CVar [[r.ParticleLightQuality:2]]
[2025.04.27-04.18.49:587][  0]LogConfig: Setting CVar [[r.SkyAtmosphere.AerialPerspectiveLUT.FastApplyOnOpaque:1 ; Always have FastSkyLUT 1 in this case to avoid wrong sky]]
[2025.04.27-04.18.49:587][  0]LogConfig: Setting CVar [[r.SkyAtmosphere.AerialPerspectiveLUT.SampleCountMaxPerSlice:4]]
[2025.04.27-04.18.49:587][  0]LogConfig: Setting CVar [[r.SkyAtmosphere.AerialPerspectiveLUT.DepthResolution:16.0]]
[2025.04.27-04.18.49:587][  0]LogConfig: Setting CVar [[r.SkyAtmosphere.FastSkyLUT:1]]
[2025.04.27-04.18.49:587][  0]LogConfig: Setting CVar [[r.SkyAtmosphere.FastSkyLUT.SampleCountMin:4.0]]
[2025.04.27-04.18.49:587][  0]LogConfig: Setting CVar [[r.SkyAtmosphere.FastSkyLUT.SampleCountMax:128.0]]
[2025.04.27-04.18.49:587][  0]LogConfig: Setting CVar [[r.SkyAtmosphere.SampleCountMin:4.0]]
[2025.04.27-04.18.49:587][  0]LogConfig: Setting CVar [[r.SkyAtmosphere.SampleCountMax:128.0]]
[2025.04.27-04.18.49:587][  0]LogConfig: Setting CVar [[r.SkyAtmosphere.TransmittanceLUT.UseSmallFormat:0]]
[2025.04.27-04.18.49:587][  0]LogConfig: Setting CVar [[r.SkyAtmosphere.TransmittanceLUT.SampleCount:10.0]]
[2025.04.27-04.18.49:587][  0]LogConfig: Setting CVar [[r.SkyAtmosphere.MultiScatteringLUT.SampleCount:15.0]]
[2025.04.27-04.18.49:587][  0]LogConfig: Setting CVar [[r.SkyLight.RealTimeReflectionCapture:1]]
[2025.04.27-04.18.49:587][  0]LogConfig: Applying CVar settings from Section [FoliageQuality@3] File [C:/Users/Tenrek/Documents/Unreal Projects/Vertigo_Protocol/Vertigo_Protocol/Saved/Config/Windows/Scalability.ini]
[2025.04.27-04.18.49:587][  0]LogConfig: Setting CVar [[foliage.DensityScale:1.0]]
[2025.04.27-04.18.49:587][  0]LogConfig: Setting CVar [[grass.DensityScale:1.0]]
[2025.04.27-04.18.49:587][  0]LogConfig: Applying CVar settings from Section [ShadingQuality@3] File [C:/Users/Tenrek/Documents/Unreal Projects/Vertigo_Protocol/Vertigo_Protocol/Saved/Config/Windows/Scalability.ini]
[2025.04.27-04.18.49:587][  0]LogConfig: Setting CVar [[r.HairStrands.SkyLighting.IntegrationType:2]]
[2025.04.27-04.18.49:587][  0]LogConfig: Setting CVar [[r.HairStrands.SkyAO.SampleCount:4]]
[2025.04.27-04.18.49:587][  0]LogConfig: Setting CVar [[r.HairStrands.Visibility.MSAA.SamplePerPixel:4]]
[2025.04.27-04.18.49:587][  0]LogInit: Selected Device Profile: [Windows]
[2025.04.27-04.18.49:587][  0]LogInit: Applying CVar settings loaded from the selected device profile: [Windows]
[2025.04.27-04.18.49:587][  0]LogHAL: Display: Platform has ~ 32 GB [33946263552 / 34359738368 / 32], which maps to Largest [LargestMinGB=32, LargerMinGB=12, DefaultMinGB=8, SmallerMinGB=6, SmallestMinGB=0)
[2025.04.27-04.18.49:587][  0]LogInit: Going up to parent DeviceProfile []
[2025.04.27-04.18.49:587][  0]LogConfig: Applying CVar settings from Section [ViewDistanceQuality@3] File [C:/Users/Tenrek/Documents/Unreal Projects/Vertigo_Protocol/Vertigo_Protocol/Saved/Config/Windows/Scalability.ini]
[2025.04.27-04.18.49:587][  0]LogConfig: Setting CVar [[r.SkeletalMeshLODBias:0]]
[2025.04.27-04.18.49:587][  0]LogConfig: Setting CVar [[r.ViewDistanceScale:1.0]]
[2025.04.27-04.18.49:587][  0]LogConfig: Applying CVar settings from Section [AntiAliasingQuality@3] File [C:/Users/Tenrek/Documents/Unreal Projects/Vertigo_Protocol/Vertigo_Protocol/Saved/Config/Windows/Scalability.ini]
[2025.04.27-04.18.49:587][  0]LogConfig: Setting CVar [[r.PostProcessAAQuality:4]]
[2025.04.27-04.18.49:587][  0]LogConfig: Applying CVar settings from Section [ShadowQuality@3] File [C:/Users/Tenrek/Documents/Unreal Projects/Vertigo_Protocol/Vertigo_Protocol/Saved/Config/Windows/Scalability.ini]
[2025.04.27-04.18.49:587][  0]LogConfig: Setting CVar [[r.LightFunctionQuality:1]]
[2025.04.27-04.18.49:587][  0]LogConfig: Setting CVar [[r.ShadowQuality:5]]
[2025.04.27-04.18.49:587][  0]LogConfig: Setting CVar [[r.Shadow.CSM.MaxCascades:10]]
[2025.04.27-04.18.49:587][  0]LogConfig: Setting CVar [[r.Shadow.MaxResolution:2048]]
[2025.04.27-04.18.49:587][  0]LogConfig: Setting CVar [[r.Shadow.MaxCSMResolution:2048]]
[2025.04.27-04.18.49:587][  0]LogConfig: Setting CVar [[r.Shadow.RadiusThreshold:0.01]]
[2025.04.27-04.18.49:587][  0]LogConfig: Setting CVar [[r.Shadow.DistanceScale:1.0]]
[2025.04.27-04.18.49:587][  0]LogConfig: Setting CVar [[r.Shadow.CSM.TransitionScale:1.0]]
[2025.04.27-04.18.49:587][  0]LogConfig: Setting CVar [[r.Shadow.PreShadowResolutionFactor:1.0]]
[2025.04.27-04.18.49:587][  0]LogConfig: Setting CVar [[r.DistanceFieldShadowing:1]]
[2025.04.27-04.18.49:587][  0]LogConfig: Setting CVar [[r.DistanceFieldAO:1]]
[2025.04.27-04.18.49:587][  0]LogConfig: Setting CVar [[r.AOQuality:2]]
[2025.04.27-04.18.49:587][  0]LogConfig: Setting CVar [[r.VolumetricFog:1]]
[2025.04.27-04.18.49:587][  0]LogConfig: Setting CVar [[r.VolumetricFog.GridPixelSize:8]]
[2025.04.27-04.18.49:587][  0]LogConfig: Setting CVar [[r.VolumetricFog.GridSizeZ:128]]
[2025.04.27-04.18.49:587][  0]LogConfig: Setting CVar [[r.VolumetricFog.HistoryMissSupersampleCount:4]]
[2025.04.27-04.18.49:587][  0]LogConfig: Setting CVar [[r.LightMaxDrawDistanceScale:1]]
[2025.04.27-04.18.49:587][  0]LogConfig: Setting CVar [[r.CapsuleShadows:1]]
[2025.04.27-04.18.49:587][  0]LogConfig: Applying CVar settings from Section [PostProcessQuality@3] File [C:/Users/Tenrek/Documents/Unreal Projects/Vertigo_Protocol/Vertigo_Protocol/Saved/Config/Windows/Scalability.ini]
[2025.04.27-04.18.49:587][  0]LogConfig: Setting CVar [[r.MotionBlurQuality:4]]
[2025.04.27-04.18.49:587][  0]LogConfig: Setting CVar [[r.AmbientOcclusionMipLevelFactor:0.4]]
[2025.04.27-04.18.49:587][  0]LogConfig: Setting CVar [[r.AmbientOcclusionMaxQuality:100]]
[2025.04.27-04.18.49:587][  0]LogConfig: Setting CVar [[r.AmbientOcclusionLevels:-1]]
[2025.04.27-04.18.49:587][  0]LogConfig: Setting CVar [[r.AmbientOcclusionRadiusScale:1.0]]
[2025.04.27-04.18.49:587][  0]LogConfig: Setting CVar [[r.DepthOfFieldQuality:2]]
[2025.04.27-04.18.49:587][  0]LogConfig: Setting CVar [[r.RenderTargetPoolMin:400]]
[2025.04.27-04.18.49:587][  0]LogConfig: Setting CVar [[r.LensFlareQuality:2]]
[2025.04.27-04.18.49:587][  0]LogConfig: Setting CVar [[r.SceneColorFringeQuality:1]]
[2025.04.27-04.18.49:587][  0]LogConfig: Setting CVar [[r.EyeAdaptationQuality:2]]
[2025.04.27-04.18.49:587][  0]LogConfig: Setting CVar [[r.BloomQuality:5]]
[2025.04.27-04.18.49:587][  0]LogConfig: Setting CVar [[r.FastBlurThreshold:100]]
[2025.04.27-04.18.49:587][  0]LogConfig: Setting CVar [[r.Upscale.Quality:3]]
[2025.04.27-04.18.49:587][  0]LogConfig: Setting CVar [[r.Tonemapper.GrainQuantization:1]]
[2025.04.27-04.18.49:587][  0]LogConfig: Setting CVar [[r.LightShaftQuality:1]]
[2025.04.27-04.18.49:587][  0]LogConfig: Setting CVar [[r.Filter.SizeScale:1]]
[2025.04.27-04.18.49:587][  0]LogConfig: Setting CVar [[r.Tonemapper.Quality:5]]
[2025.04.27-04.18.49:587][  0]LogConfig: Setting CVar [[r.DOF.Gather.AccumulatorQuality:1        ; higher gathering accumulator quality]]
[2025.04.27-04.18.49:587][  0]LogConfig: Setting CVar [[r.DOF.Gather.PostfilterMethod:1          ; Median3x3 postfilering method]]
[2025.04.27-04.18.49:587][  0]LogConfig: Setting CVar [[r.DOF.Gather.EnableBokehSettings:0       ; no bokeh simulation when gathering]]
[2025.04.27-04.18.49:587][  0]LogConfig: Setting CVar [[r.DOF.Gather.RingCount:4                 ; medium number of samples when gathering]]
[2025.04.27-04.18.49:587][  0]LogConfig: Setting CVar [[r.DOF.Scatter.ForegroundCompositing:1    ; additive foreground scattering]]
[2025.04.27-04.18.49:587][  0]LogConfig: Setting CVar [[r.DOF.Scatter.BackgroundCompositing:2    ; additive background scattering]]
[2025.04.27-04.18.49:587][  0]LogConfig: Setting CVar [[r.DOF.Scatter.EnableBokehSettings:1      ; bokeh simulation when scattering]]
[2025.04.27-04.18.49:587][  0]LogConfig: Setting CVar [[r.DOF.Scatter.MaxSpriteRatio:0.1         ; only a maximum of 10% of scattered bokeh]]
[2025.04.27-04.18.49:587][  0]LogConfig: Setting CVar [[r.DOF.Recombine.Quality:1                ; cheap slight out of focus]]
[2025.04.27-04.18.49:587][  0]LogConfig: Setting CVar [[r.DOF.Recombine.EnableBokehSettings:0    ; no bokeh simulation on slight out of focus]]
[2025.04.27-04.18.49:587][  0]LogConfig: Setting CVar [[r.DOF.TemporalAAQuality:1                ; more stable temporal accumulation]]
[2025.04.27-04.18.49:587][  0]LogConfig: Setting CVar [[r.DOF.Kernel.MaxForegroundRadius:0.025]]
[2025.04.27-04.18.49:587][  0]LogConfig: Setting CVar [[r.DOF.Kernel.MaxBackgroundRadius:0.025]]
[2025.04.27-04.18.49:587][  0]LogConfig: Applying CVar settings from Section [TextureQuality@3] File [C:/Users/Tenrek/Documents/Unreal Projects/Vertigo_Protocol/Vertigo_Protocol/Saved/Config/Windows/Scalability.ini]
[2025.04.27-04.18.49:587][  0]LogConfig: Setting CVar [[r.Streaming.MipBias:0]]
[2025.04.27-04.18.49:587][  0]LogConfig: Setting CVar [[r.Streaming.AmortizeCPUToGPUCopy:0]]
[2025.04.27-04.18.49:587][  0]LogConfig: Setting CVar [[r.Streaming.MaxNumTexturesToStreamPerFrame:0]]
[2025.04.27-04.18.49:587][  0]LogConfig: Setting CVar [[r.Streaming.Boost:1]]
[2025.04.27-04.18.49:587][  0]LogConfig: Setting CVar [[r.MaxAnisotropy:8]]
[2025.04.27-04.18.49:587][  0]LogConfig: Setting CVar [[r.VT.MaxAnisotropy:8]]
[2025.04.27-04.18.49:587][  0]LogConfig: Setting CVar [[r.Streaming.LimitPoolSizeToVRAM:0]]
[2025.04.27-04.18.49:587][  0]LogConfig: Setting CVar [[r.Streaming.PoolSize:1000]]
[2025.04.27-04.18.49:587][  0]LogConfig: Setting CVar [[r.Streaming.MaxEffectiveScreenSize:0]]
[2025.04.27-04.18.49:587][  0]LogConfig: Applying CVar settings from Section [EffectsQuality@3] File [C:/Users/Tenrek/Documents/Unreal Projects/Vertigo_Protocol/Vertigo_Protocol/Saved/Config/Windows/Scalability.ini]
[2025.04.27-04.18.49:587][  0]LogConfig: Setting CVar [[r.TranslucencyLightingVolumeDim:64]]
[2025.04.27-04.18.49:587][  0]LogConfig: Setting CVar [[r.RefractionQuality:2]]
[2025.04.27-04.18.49:587][  0]LogConfig: Setting CVar [[r.SSR.Quality:3]]
[2025.04.27-04.18.49:587][  0]LogConfig: Setting CVar [[r.SSR.HalfResSceneColor:0]]
[2025.04.27-04.18.49:587][  0]LogConfig: Setting CVar [[r.SceneColorFormat:4]]
[2025.04.27-04.18.49:587][  0]LogConfig: Setting CVar [[r.DetailMode:2]]
[2025.04.27-04.18.49:587][  0]LogConfig: Setting CVar [[r.TranslucencyVolumeBlur:1]]
[2025.04.27-04.18.49:587][  0]LogConfig: Setting CVar [[r.MaterialQualityLevel:1 ; High quality]]
[2025.04.27-04.18.49:587][  0]LogConfig: Setting CVar [[r.AnisotropicMaterials:1]]
[2025.04.27-04.18.49:587][  0]LogConfig: Setting CVar [[r.SSS.Scale:1]]
[2025.04.27-04.18.49:587][  0]LogConfig: Setting CVar [[r.SSS.SampleSet:2]]
[2025.04.27-04.18.49:587][  0]LogConfig: Setting CVar [[r.SSS.Quality:1]]
[2025.04.27-04.18.49:587][  0]LogConfig: Setting CVar [[r.SSS.HalfRes:0]]
[2025.04.27-04.18.49:587][  0]LogConfig: Setting CVar [[r.SSGI.Quality:3]]
[2025.04.27-04.18.49:587][  0]LogConfig: Setting CVar [[r.EmitterSpawnRateScale:1.0]]
[2025.04.27-04.18.49:587][  0]LogConfig: Setting CVar [[r.ParticleLightQuality:2]]
[2025.04.27-04.18.49:587][  0]LogConfig: Setting CVar [[r.SkyAtmosphere.AerialPerspectiveLUT.FastApplyOnOpaque:1 ; Always have FastSkyLUT 1 in this case to avoid wrong sky]]
[2025.04.27-04.18.49:587][  0]LogConfig: Setting CVar [[r.SkyAtmosphere.AerialPerspectiveLUT.SampleCountMaxPerSlice:4]]
[2025.04.27-04.18.49:587][  0]LogConfig: Setting CVar [[r.SkyAtmosphere.AerialPerspectiveLUT.DepthResolution:16.0]]
[2025.04.27-04.18.49:587][  0]LogConfig: Setting CVar [[r.SkyAtmosphere.FastSkyLUT:1]]
[2025.04.27-04.18.49:587][  0]LogConfig: Setting CVar [[r.SkyAtmosphere.FastSkyLUT.SampleCountMin:4.0]]
[2025.04.27-04.18.49:587][  0]LogConfig: Setting CVar [[r.SkyAtmosphere.FastSkyLUT.SampleCountMax:128.0]]
[2025.04.27-04.18.49:587][  0]LogConfig: Setting CVar [[r.SkyAtmosphere.SampleCountMin:4.0]]
[2025.04.27-04.18.49:587][  0]LogConfig: Setting CVar [[r.SkyAtmosphere.SampleCountMax:128.0]]
[2025.04.27-04.18.49:587][  0]LogConfig: Setting CVar [[r.SkyAtmosphere.TransmittanceLUT.UseSmallFormat:0]]
[2025.04.27-04.18.49:587][  0]LogConfig: Setting CVar [[r.SkyAtmosphere.TransmittanceLUT.SampleCount:10.0]]
[2025.04.27-04.18.49:587][  0]LogConfig: Setting CVar [[r.SkyAtmosphere.MultiScatteringLUT.SampleCount:15.0]]
[2025.04.27-04.18.49:587][  0]LogConfig: Setting CVar [[r.SkyLight.RealTimeReflectionCapture:1]]
[2025.04.27-04.18.49:587][  0]LogConfig: Applying CVar settings from Section [FoliageQuality@3] File [C:/Users/Tenrek/Documents/Unreal Projects/Vertigo_Protocol/Vertigo_Protocol/Saved/Config/Windows/Scalability.ini]
[2025.04.27-04.18.49:587][  0]LogConfig: Setting CVar [[foliage.DensityScale:1.0]]
[2025.04.27-04.18.49:587][  0]LogConfig: Setting CVar [[grass.DensityScale:1.0]]
[2025.04.27-04.18.49:587][  0]LogConfig: Applying CVar settings from Section [ShadingQuality@3] File [C:/Users/Tenrek/Documents/Unreal Projects/Vertigo_Protocol/Vertigo_Protocol/Saved/Config/Windows/Scalability.ini]
[2025.04.27-04.18.49:587][  0]LogConfig: Setting CVar [[r.HairStrands.SkyLighting.IntegrationType:2]]
[2025.04.27-04.18.49:587][  0]LogConfig: Setting CVar [[r.HairStrands.SkyAO.SampleCount:4]]
[2025.04.27-04.18.49:588][  0]LogConfig: Setting CVar [[r.HairStrands.Visibility.MSAA.SamplePerPixel:4]]
[2025.04.27-04.18.49:588][  0]LogConfig: Applying CVar settings from Section [Startup] File [../../../Engine/Config/ConsoleVariables.ini]
[2025.04.27-04.18.49:588][  0]LogConfig: Setting CVar [[net.UseAdaptiveNetUpdateFrequency:0]]
[2025.04.27-04.18.49:588][  0]LogConfig: Setting CVar [[p.chaos.AllowCreatePhysxBodies:1]]
[2025.04.27-04.18.49:588][  0]LogConfig: Setting CVar [[fx.SkipVectorVMBackendOptimizations:1]]
[2025.04.27-04.18.49:588][  0]LogConfig: Applying CVar settings from Section [ConsoleVariables] File [C:/Users/Tenrek/Documents/Unreal Projects/Vertigo_Protocol/Vertigo_Protocol/Saved/Config/Windows/Engine.ini]
[2025.04.27-04.18.49:588][  0]LogConfig: Applying CVar settings from Section [ConsoleVariables] File [C:/Users/Tenrek/Documents/Unreal Projects/Vertigo_Protocol/Vertigo_Protocol/Saved/Config/Windows/Editor.ini]
[2025.04.27-04.18.49:588][  0]LogInit: Computer: DESKTOP-79GI1OH
[2025.04.27-04.18.49:588][  0]LogInit: User: Tenrek
[2025.04.27-04.18.49:588][  0]LogInit: CPU Page size=4096, Cores=8
[2025.04.27-04.18.49:588][  0]LogInit: High frequency timer resolution =10.000000 MHz
[2025.04.27-04.18.49:588][  0]LogMemory: Memory total: Physical=31.6GB (32GB approx)
[2025.04.27-04.18.49:588][  0]LogMemory: Platform Memory Stats for Windows
[2025.04.27-04.18.49:588][  0]LogMemory: Process Physical Memory: 152.74 MB used, 152.74 MB peak
[2025.04.27-04.18.49:588][  0]LogMemory: Process Virtual Memory: 131.80 MB used, 131.80 MB peak
[2025.04.27-04.18.49:588][  0]LogMemory: Physical Memory: 10541.08 MB used,  21832.60 MB free, 32373.68 MB total
[2025.04.27-04.18.49:588][  0]LogMemory: Virtual Memory: 134197416.00 MB used,  20311.31 MB free, 134217728.00 MB total
[2025.04.27-04.18.49:590][  0]LogWindows: WindowsPlatformFeatures enabled
[2025.04.27-04.18.49:613][  0]LogInit: Physics initialised using underlying interface: PhysX
[2025.04.27-04.18.49:613][  0]LogInit: Using OS detected language (en-US).
[2025.04.27-04.18.49:613][  0]LogInit: Using OS detected locale (en-US).
[2025.04.27-04.18.49:616][  0]LogTextLocalizationManager: No specific localization for 'en-US' exists, so the 'en' localization will be used.
[2025.04.27-04.18.49:703][  0]LogWindowsTextInputMethodSystem: Display: IME system deactivated.
[2025.04.27-04.18.49:735][  0]LogSlate: New Slate User Created.  User Index 0, Is Virtual User: 0
[2025.04.27-04.18.49:735][  0]LogSlate: Slate User Registered.  User Index 0, Is Virtual User: 0
[2025.04.27-04.18.49:755][  0]LogD3D11RHI: Loaded GFSDK_Aftermath_Lib.x64.dll
[2025.04.27-04.18.49:757][  0]LogHMD: Failed to initialize OpenVR with code 110
[2025.04.27-04.18.49:757][  0]LogD3D11RHI: D3D11 min allowed feature level: 11_0
[2025.04.27-04.18.49:757][  0]LogD3D11RHI: D3D11 max allowed feature level: 11_0
[2025.04.27-04.18.49:757][  0]LogD3D11RHI: D3D11 adapters:
[2025.04.27-04.18.49:841][  0]LogD3D11RHI:    0. 'NVIDIA GeForce RTX 3080' (Feature Level 11_0)
[2025.04.27-04.18.49:841][  0]LogD3D11RHI:       10053/0/16186 MB DedicatedVideo/DedicatedSystem/SharedSystem, Outputs:1, VendorId:0x10de
[2025.04.27-04.18.49:842][  0]LogD3D11RHI:    1. 'Microsoft Basic Render Driver' (Feature Level 11_0)
[2025.04.27-04.18.49:842][  0]LogD3D11RHI:       0/0/16186 MB DedicatedVideo/DedicatedSystem/SharedSystem, Outputs:0, VendorId:0x1414
[2025.04.27-04.18.49:842][  0]LogD3D11RHI: Chosen D3D11 Adapter:
[2025.04.27-04.18.49:842][  0]LogD3D11RHI:     Description : NVIDIA GeForce RTX 3080
[2025.04.27-04.18.49:842][  0]LogD3D11RHI:     VendorId    : 10de
[2025.04.27-04.18.49:842][  0]LogD3D11RHI:     DeviceId    : 2216
[2025.04.27-04.18.49:842][  0]LogD3D11RHI:     SubSysId    : 88d7103c
[2025.04.27-04.18.49:842][  0]LogD3D11RHI:     Revision    : 00a1
[2025.04.27-04.18.49:842][  0]LogD3D11RHI:     DedicatedVideoMemory : 10541334528 bytes
[2025.04.27-04.18.49:842][  0]LogD3D11RHI:     DedicatedSystemMemory : 0 bytes
[2025.04.27-04.18.49:842][  0]LogD3D11RHI:     SharedSystemMemory : 16973131776 bytes
[2025.04.27-04.18.49:842][  0]LogD3D11RHI:     AdapterLuid : 0 65118
[2025.04.27-04.18.49:846][  0]LogD3D11RHI: Creating new Direct3DDevice
[2025.04.27-04.18.49:846][  0]LogD3D11RHI:     GPU DeviceId: 0x2216 (for the marketing name, search the web for "GPU Device Id")
[2025.04.27-04.18.49:846][  0]LogWindows: EnumDisplayDevices:
[2025.04.27-04.18.49:846][  0]LogWindows:    0. 'NVIDIA GeForce RTX 3080' (P:1 D:1)
[2025.04.27-04.18.49:846][  0]LogWindows:    1. 'NVIDIA GeForce RTX 3080' (P:0 D:0)
[2025.04.27-04.18.49:846][  0]LogWindows:    2. 'NVIDIA GeForce RTX 3080' (P:0 D:0)
[2025.04.27-04.18.49:846][  0]LogWindows:    3. 'NVIDIA GeForce RTX 3080' (P:0 D:0)
[2025.04.27-04.18.49:846][  0]LogWindows: DebugString: FoundDriverCount:4 
[2025.04.27-04.18.49:846][  0]LogD3D11RHI:     Adapter Name: NVIDIA GeForce RTX 3080
[2025.04.27-04.18.49:846][  0]LogD3D11RHI:   Driver Version: 576.02 (internal:32.0.15.7602, unified:576.02)
[2025.04.27-04.18.49:846][  0]LogD3D11RHI:      Driver Date: 4-12-2025
[2025.04.27-04.18.49:846][  0]LogRHI: Texture pool is 7037 MB (70% of 10053 MB)
[2025.04.27-04.18.49:846][  0]LogD3D11RHI: Creating D3DDevice using adapter:
[2025.04.27-04.18.49:846][  0]LogD3D11RHI:     Description : NVIDIA GeForce RTX 3080
[2025.04.27-04.18.49:846][  0]LogD3D11RHI:     VendorId    : 10de
[2025.04.27-04.18.49:846][  0]LogD3D11RHI:     DeviceId    : 2216
[2025.04.27-04.18.49:846][  0]LogD3D11RHI:     SubSysId    : 88d7103c
[2025.04.27-04.18.49:846][  0]LogD3D11RHI:     Revision    : 00a1
[2025.04.27-04.18.49:846][  0]LogD3D11RHI:     DedicatedVideoMemory : 10541334528 bytes
[2025.04.27-04.18.49:846][  0]LogD3D11RHI:     DedicatedSystemMemory : 0 bytes
[2025.04.27-04.18.49:846][  0]LogD3D11RHI:     SharedSystemMemory : 16973131776 bytes
[2025.04.27-04.18.49:846][  0]LogD3D11RHI:     AdapterLuid : 0 65118
[2025.04.27-04.18.49:910][  0]LogD3D11RHI: RHI has support for 64 bit atomics
[2025.04.27-04.18.49:910][  0]LogD3D11RHI: Async texture creation enabled
[2025.04.27-04.18.49:910][  0]LogD3D11RHI: Array index from any shader is supported
[2025.04.27-04.18.49:910][  0]LogD3D11RHI: HDR output is supported on display 0 (NvId: 0x80061086).
[2025.04.27-04.18.49:926][  0]LogD3D11RHI: GPU Timing Frequency: 1000.000000 (Debug: 2 2)
[2025.04.27-04.18.49:942][  0]LogRHI: GeForceNow SDK initialized: 1
[2025.04.27-04.18.50:107][  0]LogTargetPlatformManager: Display: Loaded TargetPlatform 'WindowsNoEditor'
[2025.04.27-04.18.50:110][  0]LogTargetPlatformManager: Display: Loaded TargetPlatform 'Windows'
[2025.04.27-04.18.50:112][  0]LogTargetPlatformManager: Display: Loaded TargetPlatform 'WindowsClient'
[2025.04.27-04.18.50:114][  0]LogTargetPlatformManager: Display: Loaded TargetPlatform 'WindowsServer'
[2025.04.27-04.18.50:114][  0]LogTargetPlatformManager: Display: Building Assets For Windows
[2025.04.27-04.18.50:119][  0]LogAudioDebug: Display: Lib vorbis DLL was dynamically loaded.
[2025.04.27-04.18.50:136][  0]LogTextureFormatOodle: Display: Oodle Texture 2.9.0 init RDO Off
[2025.04.27-04.18.50:152][  0]LogRendererCore: Ray tracing is disabled. Reason: r.RayTracing=0.
[2025.04.27-04.18.50:152][  0]LogShaderCompilers: Guid format shader working directory is -43 characters bigger than the processId version (../../../../../../Users/Tenrek/Documents/Unreal Projects/Vertigo_Protocol/Vertigo_Protocol/Intermediate/Shaders/WorkingDirectory/4676/).
[2025.04.27-04.18.50:152][  0]LogShaderCompilers: Cleaned the shader compiler working directory 'C:/Users/Tenrek/AppData/Local/Temp/UnrealShaderWorkingDir/2D9378BD4FCFB54523A14AB3F21C7583/'.
[2025.04.27-04.18.50:152][  0]LogXGEController: Cannot use XGE Controller as Incredibuild is not installed on this machine.
[2025.04.27-04.18.50:152][  0]LogShaderCompilers: Cannot use XGE Shader Compiler as Incredibuild is not installed on this machine.
[2025.04.27-04.18.50:152][  0]LogShaderCompilers: Display: Using Local Shader Compiler.
[2025.04.27-04.18.50:506][  0]LogDerivedDataCache: Display: Max Cache Size: 512 MB
[2025.04.27-04.18.50:532][  0]LogDerivedDataCache: Loaded boot cache 0.03s 94MB C:/Users/Tenrek/AppData/Local/UnrealEngine/4.27/DerivedDataCache/Boot.ddc.
[2025.04.27-04.18.50:532][  0]LogDerivedDataCache: Display: Loaded Boot cache: C:/Users/Tenrek/AppData/Local/UnrealEngine/4.27/DerivedDataCache/Boot.ddc
[2025.04.27-04.18.50:532][  0]LogDerivedDataCache: FDerivedDataBackendGraph:  Pak pak cache file ../../../../../../Users/Tenrek/Documents/Unreal Projects/Vertigo_Protocol/Vertigo_Protocol/DerivedDataCache/DDC.ddp not found, will not use a pak cache.
[2025.04.27-04.18.50:532][  0]LogDerivedDataCache: Unable to find inner node Pak for hierarchical cache Hierarchy.
[2025.04.27-04.18.50:532][  0]LogDerivedDataCache: FDerivedDataBackendGraph:  CompressedPak pak cache file ../../../../../../Users/Tenrek/Documents/Unreal Projects/Vertigo_Protocol/Vertigo_Protocol/DerivedDataCache/Compressed.ddp not found, will not use a pak cache.
[2025.04.27-04.18.50:532][  0]LogDerivedDataCache: Unable to find inner node CompressedPak for hierarchical cache Hierarchy.
[2025.04.27-04.18.50:545][  0]LogDerivedDataCache: Display: Pak cache opened for reading ../../../Engine/DerivedDataCache/Compressed.ddp.
[2025.04.27-04.18.50:545][  0]LogDerivedDataCache: FDerivedDataBackendGraph:  EnterprisePak pak cache file ../../../Enterprise/DerivedDataCache/Compressed.ddp not found, will not use a pak cache.
[2025.04.27-04.18.50:545][  0]LogDerivedDataCache: Unable to find inner node EnterprisePak for hierarchical cache Hierarchy.
[2025.04.27-04.18.50:549][  0]LogDerivedDataCache: Speed tests for C:/Users/Tenrek/AppData/Local/UnrealEngine/Common/DerivedDataCache took 0.00 seconds
[2025.04.27-04.18.50:549][  0]LogDerivedDataCache: Display: Performance to C:/Users/Tenrek/AppData/Local/UnrealEngine/Common/DerivedDataCache: Latency=0.02ms. RandomReadSpeed=2144.11MBs, RandomWriteSpeed=248.67MBs. Assigned SpeedClass 'Local'
[2025.04.27-04.18.50:549][  0]LogDerivedDataCache: Using Local data cache path C:/Users/Tenrek/AppData/Local/UnrealEngine/Common/DerivedDataCache: Writable
[2025.04.27-04.18.50:549][  0]LogDerivedDataCache: Shared data cache path not found in *engine.ini, will not use an Shared cache.
[2025.04.27-04.18.50:549][  0]LogDerivedDataCache: Unable to find inner node Shared for hierarchical cache Hierarchy.
[2025.04.27-04.18.50:567][  0]LogSlate: Using FreeType 2.10.0
[2025.04.27-04.18.50:568][  0]LogSlate: SlateFontServices - WITH_FREETYPE: 1, WITH_HARFBUZZ: 1
[2025.04.27-04.18.50:608][  0]LogInit: Using OS detected language (en-US).
[2025.04.27-04.18.50:608][  0]LogInit: Using OS detected locale (en-US).
[2025.04.27-04.18.50:608][  0]LogTextLocalizationManager: No localization for 'en-US' exists, so 'en' will be used for the language.
[2025.04.27-04.18.50:608][  0]LogTextLocalizationManager: No localization for 'en-US' exists, so 'en' will be used for the locale.
[2025.04.27-04.18.50:608][  0]LogSlate: FontCache flush requested. Reason: Culture for localization was changed
[2025.04.27-04.18.50:608][  0]LogSlate: FontCache flush requested. Reason: Culture for localization was changed
[2025.04.27-04.18.50:610][  0]LogTextLocalizationManager: Compacting localization data took   0.00ms
[2025.04.27-04.18.50:610][  0]LogAssetRegistry: FAssetRegistry took 0.0010 seconds to start up
[2025.04.27-04.18.50:686][  0]LogPackageLocalizationCache: Processed 27 localized package path(s) for 1 prioritized culture(s) in 0.000532 seconds
[2025.04.27-04.18.50:719][  0]LogInit: Selected Device Profile: [Windows]
[2025.04.27-04.18.50:719][  0]LogInit: Active device profile: [0000019EF8002C00][0000019EF579B640 49] Windows
[2025.04.27-04.18.50:719][  0]LogInit: Profiles: [0000019EF8002C00][0000019EF579B640 49] Windows, [0000019EF8000100][0000019EF579F8C0 49] WindowsNoEditor, [0000019EF8001700][0000019EF5261B40 49] WindowsServer, [0000019EF8000200][0000019EF5268280 49] WindowsClient, [0000019EF7F8BE00][0000019EF526C540 49] IOS, [0000019EF7F8E400][0000019EF5270800 49] iPadAir, [0000019EF7F88300][0000019EF5274AC0 49] iPadAir2, [0000019EF7F48D00][0000019EF51B7000 49] IPadPro, [0000019EF7F48E00][0000019EF5279040 49] iPadAir3, [0000019EF7F8A000][0000019EF51AF300 49] iPadAir4, [0000019EF7F48500][0000019EF51AB5C0 49] iPadMini2, [0000019EF7F88800][0000019EF51B3880 49] iPadMini3, [0000019EF7F49700][0000019EF5265B00 49] iPadMini4, [0000019EF7F8B100][0000019EF51BA200 49] iPadMini5, [0000019EF7F8D900][0000019EF51D2740 49] iPhone6, [0000019EF7F8DA00][0000019EF51C2780 49] iPodTouch6, [0000019EF7F4B600][0000019EF51DACC0 49] iPhone7, [0000019EF7F4B500][0000019EF51CAD00 49] iPodTouch7, [0000019EF7F8CB00][0000019EF51CEFC0 49] iPhone5S, [0000019EF7F49200][0000019EF51C7280 49] iPhone6Plus, [0000019EF7F8E200][0000019EF51D7540 49] iPhone6S, [0000019EF7F48300][0000019EF51DF800 49] iPhone6SPlus, [0000019EF7F8F300][0000019EF51E3AC0 49] iPhone7Plus, [0000019EF7F49C00][0000019EF51BE1C0 49] iPhoneSE, [0000019EF7F8D000][0000019EF51E6440 49] iPhone8, [0000019EF7F48C00][0000019EF51EE700 49] iPhone8Plus, [0000019EF7F8EC00][0000019EF51F29C0 49] iPhoneX, [0000019EF7F4A300][0000019EF70D4C80 49] iPhoneXS, [0000019EF7F8D500][0000019EF70D8F40 49] iPhoneXSMax, [0000019EF7F4BA00][0000019EF70DD200 49] iPhoneXR, [0000019EF7F8C100][0000019EF70E14C0 49] iPhone11, [0000019EF7F4A800][0000019EF70E5780 49] iPhone11Pro, [0000019EF7F8F900][0000019EF70E9A40 49] iPhone11ProMax, [0000019EF7F49600][0000019EF70EC180 49] iPhoneSE2, [0000019EF7F8D200][0000019EF51EA400 49] iPhone12Mini, [0000019EF7F49000][0000019EF70F0680 49] iPhone12, [0000019EF7F8F000][0000019EF70F8940 49] iPhone12Pro, [0000019EF7F4A100][0000019EF70FCC00 49] iPhone12ProMax, [0000019EF7F8F500][0000019EF7100EC0 49] iPadPro105, [0000019EF7F4BB00][0000019EF7105180 49] iPadPro129, [0000019EF7F8D700][0000019EF7109440 49] iPadPro97, [0000019EF7F48200][0000019EF710D700 49] iPadPro2_129, [0000019EF7F8F200][0000019EF71119C0 49] iPad5, [0000019EF7F4BD00][0000019EF7114100 49] iPad6, [0000019EF7F8FA00][0000019EF71183C0 49] iPad7, [0000019EF7F4A400][0000019EF70F4640 49] iPad8, [0000019EF7F8C200][0000019EF711C8C0 49] iPadPro11, [0000019EF7F48800][0000019EF7124B80 49] iPadPro2_11, [0000019EF7F8F400][0000019EF7128E40 49] iPadPro3_129, [0000019EF7F4A900][0000019EF712D100 49] iPadPro4_129, [0000019EF7F8E900][0000019EF71313C0 49] AppleTV, [0000019EF7F4B700][0000019EF7135680 49] AppleTV4K, [0000019EF7F8C600][0000019EF7139940 49] TVOS, [0000019EF7F49800][0000019EF713DC00 49] Mac, [0000019EF7F8EE00][0000019EF7140340 49] MacClient, [0000019EF7F49900][0000019EF7144600 49] MacNoEditor, [0000019EF7F8DE00][0000019EF7120880 49] MacServer, [0000019EF7F48F00][0000019EF7148B00 49] Linux, [0000019EF7F8E300][0000019EF7150DC0 49] LinuxAArch64, [0000019EF7F4B900][0000019EF7155080 49] LinuxNoEditor, [0000019EF7F8FF00][0000019EF7159340 49] LinuxAArch64NoEditor, [0000019EF7F4B200][0000019EF715D600 49] LinuxClient, [0000019EF7F8F800][0000019EF71618C0 49] LinuxAArch64Client, [0000019EF7F4A200][0000019EF7165B80 49] LinuxServer, [0000019EF7F8EB00][0000019EF71682C0 49] LinuxAArch64Server, [0000019EF7F4AC00][0000019EF716C580 49] Android, [0000019EF7F8D300][0000019EF7170840 49] Android_Low, [0000019EF8001400][0000019EF714CAC0 49] Android_Mid, [0000019EF7F88E00][0000019EF7174D40 49] Android_High, [0000019EF8000300][0000019EF717D000 49] Android_Default, [0000019EF7F89800][0000019EF71812C0 49] Android_Adreno4xx, [0000019EF8002100][0000019EF7185580 49] Android_Adreno5xx_Low, [0000019EF7F8A800][0000019EF7189840 49] Android_Adreno5xx, [0000019EF8001F00][0000019EF718DB00 49] Android_Adreno6xx, [0000019EF7F89F00][0000019EF7190240 49] Android_Adreno6xx_Vulkan, [0000019EF8002A00][0000019EF7194500 49] Android_Mali_T6xx, [0000019EF7F8BB00][0000019EF71987C0 49] Android_Mali_T7xx, [0000019EF8000D00][0000019EF719CA80 49] Android_Mali_T8xx, [0000019EF7F8B300][0000019EF7178D00 49] Android_Mali_G71, [0000019EF8000800][0000019EF51F6F80 49] Android_Mali_G72, [0000019EF7F8B600][0000019EF51FF240 49] Android_Mali_G72_Vulkan, [0000019EF8000500][0000019EF5203500 49] Android_Mali_G76, [0000019EF7F89D00][0000019EF52077C0 49] Android_Mali_G76_Vulkan, [0000019EF8000E00][0000019EF520BA80 49] Android_Mali_G77, [0000019EF7F88B00][0000019EF520E1C0 49] Android_Mali_G77_Vulkan, [0000019EF8002F00][0000019EF5212480 49] Android_Mali_G78, [0000019EF7F8A300][0000019EF5216740 49] Android_Mali_G78_Vulkan, [0000019EF8003000][0000019EF521AA00 49] Android_Mali_G710, [0000019EF7F88700][0000019EFA5C0CC0 49] Android_Mali_G710_Vulkan, [0000019EF7F8EA00][0000019EF51FAF40 49] Android_Vulkan_SM5, [0000019EF7F89900][0000019EFA5C51C0 49] Android_PowerVR_G6xxx, [0000019EF7F8CF00][0000019EFA5CD480 49] Android_PowerVR_GT7xxx, [0000019EF7F88F00][0000019EFA5D1740 49] Android_PowerVR_GE8xxx, [0000019EF8002200][0000019EFA5D5A00 49] Android_PowerVR_GM9xxx, [0000019EF7F4BC00][0000019EFA5D8140 49] Android_PowerVR_GM9xxx_Vulkan, [0000019EF8001100][0000019EFA5DC400 49] Android_TegraK1, [0000019EF7F4A600][0000019EFA5E06C0 49] Android_Unknown_Vulkan, [0000019EF8000900][0000019EFA5E4980 49] Lumin, [0000019EF7F4BF00][0000019EFA5E8C40 49] Lumin_Desktop, [0000019EF8002600][0000019EFA5ECF00 49] HoloLens, 
[2025.04.27-04.18.50:743][  0]LogMeshReduction: Using QuadricMeshReduction for automatic static mesh reduction
[2025.04.27-04.18.50:743][  0]LogMeshReduction: Using SimplygonMeshReduction for automatic skeletal mesh reduction
[2025.04.27-04.18.50:743][  0]LogMeshReduction: Using ProxyLODMeshReduction for automatic mesh merging
[2025.04.27-04.18.50:743][  0]LogMeshReduction: No distributed automatic mesh merging module available
[2025.04.27-04.18.50:743][  0]LogMeshMerging: No distributed automatic mesh merging module available
[2025.04.27-04.18.50:808][  0]LogNetVersion: Vertigo_Protocol 1.0.0, NetCL: 17155196, EngineNetVer: 17, GameNetVer: 0 (Checksum: 1914338960)
[2025.04.27-04.18.50:929][  0]LogTexture: Default maximum texture size for cubemaps generated from long-lat sources has been changed from 512 to unlimited. In order to preserve old behaiour for '/Engine/MapTemplates/Sky/DaylightAmbientCubemap.DaylightAmbientCubemap', its maximum texture size has been explicitly set to 512.
[2025.04.27-04.18.50:953][  0]LogHMD: PokeAHoleMaterial loaded successfully
[2025.04.27-04.18.51:008][  0]LogMoviePlayer: Initializing movie player
[2025.04.27-04.18.51:070][  0]LogPython: Using Python 3.7.7
[2025.04.27-04.18.51:321][  0]LogTcpMessaging: Initializing TcpMessaging bridge
[2025.04.27-04.18.51:323][  0]LogUdpMessaging: Initializing bridge on interface 0.0.0.0:0 to multicast group 230.0.0.1:6666.
[2025.04.27-04.18.51:336][  0]LogNiagaraDebuggerClient: Niagara Debugger Client Initialized | Session: 0669AEE941B31D85AA6DD9BA07C4889B | Instance: CB6F38604B380D5926AA4F8D6C32210C (DESKTOP-79GI1OH-4676).
[2025.04.27-04.18.51:346][  0]LogCollectionManager: Loaded 0 collections in 0.000799 seconds
[2025.04.27-04.18.51:347][  0]LogFileCache: Scanning file cache for directory 'C:/Users/Tenrek/Documents/Unreal Projects/Vertigo_Protocol/Vertigo_Protocol/Saved/Collections/' took 0.00s
[2025.04.27-04.18.51:347][  0]LogFileCache: Scanning file cache for directory 'C:/Users/Tenrek/Documents/Unreal Projects/Vertigo_Protocol/Vertigo_Protocol/Content/Developers/Tenrek/Collections/' took 0.00s
[2025.04.27-04.18.51:347][  0]LogFileCache: Scanning file cache for directory 'C:/Users/Tenrek/Documents/Unreal Projects/Vertigo_Protocol/Vertigo_Protocol/Content/Collections/' took 0.00s
[2025.04.27-04.18.51:347][  0]LogCollectionManager: Fixed up redirectors for 0 collections in 0.000001 seconds (updated 0 objects)
[2025.04.27-04.18.51:402][  0]SourceControl: Source control is disabled
[2025.04.27-04.18.51:402][  0]SourceControl: Source control is disabled
[2025.04.27-04.18.51:406][  0]SourceControl: Source control is disabled
[2025.04.27-04.18.51:408][  0]LogUProjectInfo: Found projects:
[2025.04.27-04.18.51:450][  0]LogOpenImageDenoise: OIDN starting up
[2025.04.27-04.18.51:471][  0]LogAndroidPermission: UAndroidPermissionCallbackProxy::GetInstance
[2025.04.27-04.18.51:474][  0]LogAudioCaptureCore: Display: No Audio Capture implementations found. Audio input will be silent.
[2025.04.27-04.18.51:474][  0]LogAudioCaptureCore: Display: No Audio Capture implementations found. Audio input will be silent.
[2025.04.27-04.18.51:510][  0]LogOcInput: OculusInput pre-init called
[2025.04.27-04.18.51:515][  0]LogUObjectArray: 22121 objects as part of root set at end of initial load.
[2025.04.27-04.18.51:515][  0]LogUObjectAllocator: 5975632 out of 0 bytes used by permanent object pool.
[2025.04.27-04.18.51:515][  0]LogUObjectArray: CloseDisregardForGC: 0/0 objects in disregard for GC pool
[2025.04.27-04.18.51:539][  0]LogEngine: Initializing Engine...
[2025.04.27-04.18.51:540][  0]LogHMD: Failed to enumerate extensions. Please check that you have a valid OpenXR runtime installed.
[2025.04.27-04.18.51:540][  0]LogHMD: Failed to initialize OpenVR with code 110
[2025.04.27-04.18.51:540][  0]LogMagicLeap: Warning: VR disabled because ZI is not enabled.  To enable, in the editor, Edit -> Project Settings -> Plugins -> Magic Leap Plugin -> Enable Zero Iteration
[2025.04.27-04.18.51:541][  0]LogStats: UGameplayTagsManager::InitializeManager -  0.000 s
[2025.04.27-04.18.51:583][  0]LogInit: Initializing FReadOnlyCVARCache
[2025.04.27-04.18.51:583][  0]LogAudio: Display: Initializing Audio Device Manager...
[2025.04.27-04.18.51:585][  0]LogAudio: Display: Loading Default Audio Settings Objects...
[2025.04.27-04.18.51:585][  0]LogAudio: Display: No default SoundConcurrencyObject specified (or failed to load).
[2025.04.27-04.18.51:585][  0]LogAudio: Display: Audio Device Manager Initialized
[2025.04.27-04.18.51:585][  0]LogAudio: Display: Creating Audio Device:                 Id: 1, Scope: Shared, Realtime: True
[2025.04.27-04.18.51:585][  0]LogAudioMixer: Display: Audio Mixer Platform Settings:
[2025.04.27-04.18.51:585][  0]LogAudioMixer: Display: 	Sample Rate:						  48000
[2025.04.27-04.18.51:585][  0]LogAudioMixer: Display: 	Callback Buffer Frame Size Requested: 1024
[2025.04.27-04.18.51:585][  0]LogAudioMixer: Display: 	Callback Buffer Frame Size To Use:	  1024
[2025.04.27-04.18.51:585][  0]LogAudioMixer: Display: 	Number of buffers to queue:			  2
[2025.04.27-04.18.51:585][  0]LogAudioMixer: Display: 	Max Channels (voices):				  32
[2025.04.27-04.18.51:585][  0]LogAudioMixer: Display: 	Number of Async Source Workers:		  0
[2025.04.27-04.18.51:585][  0]LogAudio: Display: AudioDevice MaxSources: 32
[2025.04.27-04.18.51:585][  0]LogAudio: Display: Audio Spatialization Plugin: None (built-in).
[2025.04.27-04.18.51:585][  0]LogAudio: Display: Audio Reverb Plugin: None (built-in).
[2025.04.27-04.18.51:586][  0]LogAudio: Display: Audio Occlusion Plugin: None (built-in).
[2025.04.27-04.18.51:586][  0]LogAudioMixer: Display: Initializing audio mixer.
[2025.04.27-04.18.51:593][  0]LogAudioMixer: Display: 0: FrontLeft
[2025.04.27-04.18.51:593][  0]LogAudioMixer: Display: 1: FrontRight
[2025.04.27-04.18.51:608][  0]LogAudioMixer: Display: Using Audio Device Speakers (I'm Fulla Schiit)
[2025.04.27-04.18.51:610][  0]LogAudioMixer: Display: Initializing Sound Submixes...
[2025.04.27-04.18.51:611][  0]LogAudioMixer: Display: Creating Master Submix 'MasterSubmixDefault'
[2025.04.27-04.18.51:611][  0]LogAudioMixer: Display: Creating Master Submix 'MasterReverbSubmixDefault'
[2025.04.27-04.18.51:611][  0]LogAudioMixer: Display: Creating Master Submix 'MasterEQSubmixDefault'
[2025.04.27-04.18.51:611][  0]LogAudioMixer: FMixerPlatformXAudio2::StartAudioStream() called
[2025.04.27-04.18.51:611][  0]LogAudioMixer: Display: Output buffers initialized: Frames=1024, Channels=2, Samples=2048
[2025.04.27-04.18.51:612][  0]LogAudioMixer: Display: Starting AudioMixerPlatformInterface::RunInternal()
[2025.04.27-04.18.51:612][  0]LogAudioMixer: Display: FMixerPlatformXAudio2::SubmitBuffer() called for the first time
[2025.04.27-04.18.51:612][  0]LogInit: FAudioDevice initialized.
[2025.04.27-04.18.51:612][  0]LogNetVersion: Set ProjectVersion to 1.0.0.0. Version Checksum will be recalculated on next use.
[2025.04.27-04.18.51:612][  0]LogInit: Texture streaming: Enabled
[2025.04.27-04.18.51:645][  0]LogAudio: Display: Audio Device (ID: 1) registered with world 'Untitled'.
[2025.04.27-04.18.51:645][  0]LogSlate: Updating window title bar state: overlay mode, drag disabled, window buttons hidden, title bar hidden
[2025.04.27-04.18.51:646][  0]LogInit: Display: Game Engine Initialized.
[2025.04.27-04.18.51:646][  0]LogNiagaraEditor: GEditor isn't valid! Particle reset commands will not work for Niagara components!
[2025.04.27-04.18.51:707][  0]LogInit: Display: Starting Game.
[2025.04.27-04.18.51:707][  0]LogNet: Browse: /Game/Dynamic/Levels/MainMenuMap?Name=Player
[2025.04.27-04.18.51:707][  0]LogLoad: LoadMap: /Game/Dynamic/Levels/MainMenuMap?Name=Player
[2025.04.27-04.18.51:707][  0]LogWorld: BeginTearingDown for /Temp/Untitled_0
[2025.04.27-04.18.51:707][  0]LogWorld: UWorld::CleanupWorld for Untitled, bSessionEnded=true, bCleanupResources=true
[2025.04.27-04.18.51:707][  0]LogSlate: InvalidateAllWidgets triggered.  All widgets were invalidated
[2025.04.27-04.18.51:713][  0]LogAudio: Display: Audio Device unregistered from world 'None'.
[2025.04.27-04.18.51:714][  0]LogUObjectHash: Compacting FUObjectHashTables data took   0.36ms
[2025.04.27-04.18.52:479][  0]LogAudio: Display: Audio Device (ID: 1) registered with world 'MainMenuMap'.
[2025.04.27-04.18.52:483][  0]LogAIModule: Creating AISystem for world MainMenuMap
[2025.04.27-04.18.52:484][  0]LogLoad: Game class is 'MainMenuGameMode_C'
[2025.04.27-04.18.52:485][  0]LogWorld: Bringing World /Game/Dynamic/Levels/MainMenuMap.MainMenuMap up for play (max tick rate 0) at 2025.04.26-21.18.52
[2025.04.27-04.18.52:485][  0]LogOutputDevice: Warning: 

Script Stack (0 frames):

[2025.04.27-04.18.52:497][  0]LogStats: FPlatformStackWalk::StackWalkAndDump -  0.013 s
[2025.04.27-04.18.52:497][  0]LogOutputDevice: Error: === Handled ensure: ===
[2025.04.27-04.18.52:497][  0]LogOutputDevice: Error: 
[2025.04.27-04.18.52:497][  0]LogOutputDevice: Error: Ensure condition failed: Class.IsValid() [File:D:/Build/++UE4/Sync/Engine/Source/Runtime/Engine/Private/UserInterface/InputSettings.cpp] [Line: 460]
[2025.04.27-04.18.52:497][  0]LogOutputDevice: Error: Invalid InputComponent class in Input Settings. Manual reset required.
[2025.04.27-04.18.52:497][  0]LogOutputDevice: Error: Stack: 
[2025.04.27-04.18.52:497][  0]LogOutputDevice: Error: [Callstack] 0x00007ffb986b1e99 UE4Editor-Engine.dll!UnknownFunction []
[2025.04.27-04.18.52:497][  0]LogOutputDevice: Error: [Callstack] 0x00007ffb97ec6373 UE4Editor-Engine.dll!UnknownFunction []
[2025.04.27-04.18.52:497][  0]LogOutputDevice: Error: [Callstack] 0x00007ffb97490454 UE4Editor-Engine.dll!UnknownFunction []
[2025.04.27-04.18.52:497][  0]LogOutputDevice: Error: [Callstack] 0x00007ffb974a2da8 UE4Editor-Engine.dll!UnknownFunction []
[2025.04.27-04.18.52:497][  0]LogOutputDevice: Error: [Callstack] 0x00007ffb97f4461d UE4Editor-Engine.dll!UnknownFunction []
[2025.04.27-04.18.52:497][  0]LogOutputDevice: Error: [Callstack] 0x00007ffb97e4e389 UE4Editor-Engine.dll!UnknownFunction []
[2025.04.27-04.18.52:497][  0]LogOutputDevice: Error: [Callstack] 0x00007ffb97df89a3 UE4Editor-Engine.dll!UnknownFunction []
[2025.04.27-04.18.52:497][  0]LogOutputDevice: Error: [Callstack] 0x00007ffb972ddbfe UE4Editor-Engine.dll!UnknownFunction []
[2025.04.27-04.18.52:497][  0]LogOutputDevice: Error: [Callstack] 0x00007ff76b373290 UE4Editor.exe!UnknownFunction []
[2025.04.27-04.18.52:497][  0]LogOutputDevice: Error: [Callstack] 0x00007ff76b390e42 UE4Editor.exe!UnknownFunction []
[2025.04.27-04.18.52:497][  0]LogOutputDevice: Error: [Callstack] 0x00007ff76b3910ba UE4Editor.exe!UnknownFunction []
[2025.04.27-04.18.52:497][  0]LogOutputDevice: Error: [Callstack] 0x00007ff76b3940dd UE4Editor.exe!UnknownFunction []
[2025.04.27-04.18.52:497][  0]LogOutputDevice: Error: [Callstack] 0x00007ff76b3a5984 UE4Editor.exe!UnknownFunction []
[2025.04.27-04.18.52:497][  0]LogOutputDevice: Error: [Callstack] 0x00007ff76b3a853a UE4Editor.exe!UnknownFunction []
[2025.04.27-04.18.52:497][  0]LogOutputDevice: Error: [Callstack] 0x00007ffc01b1e8d7 KERNEL32.DLL!UnknownFunction []
[2025.04.27-04.18.52:497][  0]LogOutputDevice: Error: [Callstack] 0x00007ffc01e914fc ntdll.dll!UnknownFunction []
[2025.04.27-04.18.52:497][  0]LogOutputDevice: Error: 
[2025.04.27-04.18.52:503][  0]LogStats:                SubmitErrorReport -  0.000 s
[2025.04.27-04.18.53:165][  0]LogStats:                    SendNewReport -  0.662 s
[2025.04.27-04.18.53:165][  0]LogStats:             FDebug::EnsureFailed -  0.680 s
[2025.04.27-04.18.53:166][  0]LogWorld: Bringing up level for play took: 0.680856
[2025.04.27-04.18.53:166][  0]LogGameMode: FindPlayerStart: PATHS NOT DEFINED or NO PLAYERSTART with positive rating
[2025.04.27-04.18.53:166][  0]LogOutputDevice: Warning: 

Script Stack (0 frames):

[2025.04.27-04.18.53:173][  0]LogStats: FPlatformStackWalk::StackWalkAndDump -  0.008 s
[2025.04.27-04.18.53:173][  0]LogOutputDevice: Error: === Handled ensure: ===
[2025.04.27-04.18.53:173][  0]LogOutputDevice: Error: 
[2025.04.27-04.18.53:173][  0]LogOutputDevice: Error: Ensure condition failed: Class.IsValid() [File:D:/Build/++UE4/Sync/Engine/Source/Runtime/Engine/Private/UserInterface/InputSettings.cpp] [Line: 453]
[2025.04.27-04.18.53:173][  0]LogOutputDevice: Error: Invalid PlayerInput class in Input Settings. Manual reset required.
[2025.04.27-04.18.53:173][  0]LogOutputDevice: Error: Stack: 
[2025.04.27-04.18.53:173][  0]LogOutputDevice: Error: [Callstack] 0x00007ffb986b2709 UE4Editor-Engine.dll!UnknownFunction []
[2025.04.27-04.18.53:173][  0]LogOutputDevice: Error: [Callstack] 0x00007ffb97ec66f3 UE4Editor-Engine.dll!UnknownFunction []
[2025.04.27-04.18.53:173][  0]LogOutputDevice: Error: [Callstack] 0x00007ffb979bd7ee UE4Editor-Engine.dll!UnknownFunction []
[2025.04.27-04.18.53:173][  0]LogOutputDevice: Error: [Callstack] 0x00007ffb979d105b UE4Editor-Engine.dll!UnknownFunction []
[2025.04.27-04.18.53:173][  0]LogOutputDevice: Error: [Callstack] 0x00007ffb974ab769 UE4Editor-Engine.dll!UnknownFunction []
[2025.04.27-04.18.53:173][  0]LogOutputDevice: Error: [Callstack] 0x00007ffb975098ad UE4Editor-Engine.dll!UnknownFunction []
[2025.04.27-04.18.53:173][  0]LogOutputDevice: Error: [Callstack] 0x00007ffb97e4e4ee UE4Editor-Engine.dll!UnknownFunction []
[2025.04.27-04.18.53:173][  0]LogOutputDevice: Error: [Callstack] 0x00007ffb97df89a3 UE4Editor-Engine.dll!UnknownFunction []
[2025.04.27-04.18.53:173][  0]LogOutputDevice: Error: [Callstack] 0x00007ffb972ddbfe UE4Editor-Engine.dll!UnknownFunction []
[2025.04.27-04.18.53:173][  0]LogOutputDevice: Error: [Callstack] 0x00007ff76b373290 UE4Editor.exe!UnknownFunction []
[2025.04.27-04.18.53:173][  0]LogOutputDevice: Error: [Callstack] 0x00007ff76b390e42 UE4Editor.exe!UnknownFunction []
[2025.04.27-04.18.53:173][  0]LogOutputDevice: Error: [Callstack] 0x00007ff76b3910ba UE4Editor.exe!UnknownFunction []
[2025.04.27-04.18.53:173][  0]LogOutputDevice: Error: [Callstack] 0x00007ff76b3940dd UE4Editor.exe!UnknownFunction []
[2025.04.27-04.18.53:173][  0]LogOutputDevice: Error: [Callstack] 0x00007ff76b3a5984 UE4Editor.exe!UnknownFunction []
[2025.04.27-04.18.53:173][  0]LogOutputDevice: Error: [Callstack] 0x00007ff76b3a853a UE4Editor.exe!UnknownFunction []
[2025.04.27-04.18.53:173][  0]LogOutputDevice: Error: [Callstack] 0x00007ffc01b1e8d7 KERNEL32.DLL!UnknownFunction []
[2025.04.27-04.18.53:173][  0]LogOutputDevice: Error: [Callstack] 0x00007ffc01e914fc ntdll.dll!UnknownFunction []
[2025.04.27-04.18.53:173][  0]LogOutputDevice: Error: 
[2025.04.27-04.18.53:175][  0]LogStats:                SubmitErrorReport -  0.000 s
[2025.04.27-04.18.56:181][  0]LogStats:                    SendNewReport -  3.005 s
[2025.04.27-04.18.56:181][  0]LogStats:             FDebug::EnsureFailed -  3.015 s
[2025.04.27-04.18.56:181][  0]LogSpawn: Warning: SpawnActor failed because no class was specified
[2025.04.27-04.18.56:181][  0]LogBlueprintUserMessages: [BP_MusicManager_2] Fading to new music
[2025.04.27-04.18.56:182][  0]LogViewport: Display: Viewport MouseLockMode Changed, LockOnCapture -> DoNotLock
[2025.04.27-04.18.56:182][  0]LogViewport: Display: Viewport MouseCaptureMode Changed, CapturePermanently_IncludingInitialMouseDown -> CaptureDuringMouseDown
[2025.04.27-04.18.56:182][  0]LogLoad: Took 4.475708 seconds to LoadMap(/Game/Dynamic/Levels/MainMenuMap)
[2025.04.27-04.18.56:254][  0]LogSlate: Took 0.000098 seconds to synchronously load lazily loaded font '../../../Engine/Content/Slate/Fonts/Roboto-Regular.ttf' (155K)
[2025.04.27-04.18.56:288][  0]LogRenderer: Reallocating scene render targets to support 1280x720 Format 10 NumSamples 1 (Frame:1).
[2025.04.27-04.18.56:288][  0]LogInit: Display: Engine is initialized. Leaving FEngineLoop::Init()
[2025.04.27-04.18.56:288][  0]LogLoad: (Engine Initialization) Total time: 7.29 seconds
[2025.04.27-04.18.56:288][  0]LogLoad: (Engine Initialization) Total Blueprint compile time: 0.00 seconds
[2025.04.27-04.18.56:295][  0]LogContentStreaming: Texture pool size now 1000 MB
[2025.04.27-04.18.56:297][  0]LogSlate: InvalidateAllWidgets triggered.  All widgets were invalidated
[2025.04.27-04.18.56:301][  1]LogSlate: Took 0.000110 seconds to synchronously load lazily loaded font '../../../Engine/Content/Slate/Fonts/Roboto-Regular.ttf' (155K)
[2025.04.27-04.18.56:791][118]Closing by request
[2025.04.27-04.18.56:791][118]LogWindows: FPlatformMisc::RequestExit(0)
[2025.04.27-04.18.56:791][118]LogWindows: FPlatformMisc::RequestExitWithStatus(0, 0)
[2025.04.27-04.18.56:791][118]LogCore: Engine exit requested (reason: Win RequestExit)
[2025.04.27-04.18.56:795][119]LogCore: Engine exit requested (reason: EngineExit() was called; note: exit was already requested)
[2025.04.27-04.18.56:795][119]LogInit: Display: PreExit Game.
[2025.04.27-04.18.56:801][119]LogWorld: BeginTearingDown for /Game/Dynamic/Levels/MainMenuMap
[2025.04.27-04.18.56:801][119]LogWorld: UWorld::CleanupWorld for MainMenuMap, bSessionEnded=true, bCleanupResources=true
[2025.04.27-04.18.56:801][119]LogSlate: InvalidateAllWidgets triggered.  All widgets were invalidated
[2025.04.27-04.18.57:544][119]LogAudio: Display: Beginning Audio Device Manager Shutdown (Module: AudioMixerXAudio2)...
[2025.04.27-04.18.57:544][119]LogAudio: Display: Destroying 1 Remaining Audio Device(s)...
[2025.04.27-04.18.57:544][119]LogAudio: Display: Audio Device unregistered from world 'MainMenuMap'.
[2025.04.27-04.18.57:575][119]LogAudioMixer: FMixerPlatformXAudio2::StopAudioStream() called
[2025.04.27-04.18.57:575][119]LogAudioMixer: FMixerPlatformXAudio2::StopAudioStream() called
[2025.04.27-04.18.57:576][119]LogAudio: Display: Audio Device Manager Shutdown
[2025.04.27-04.18.57:583][119]LogSlate: Window 'Vertigo_Protocol (64-bit Development PCD3D_SM5) ' being destroyed
[2025.04.27-04.18.57:584][119]LogWindowsTextInputMethodSystem: Display: IME system deactivated.
[2025.04.27-04.18.57:585][119]LogWindowsTextInputMethodSystem: Display: IME system deactivated.
[2025.04.27-04.18.57:591][119]LogExit: Preparing to exit.
[2025.04.27-04.18.58:351][119]LogUObjectHash: Compacting FUObjectHashTables data took   0.64ms
[2025.04.27-04.18.58:366][119]LogMoviePlayer: Shutting down movie player
[2025.04.27-04.18.58:453][119]LogSlate: Updating window title bar state: overlay mode, drag disabled, window buttons hidden, title bar hidden
[2025.04.27-04.18.58:472][119]LogDemo: Cleaned up 0 splitscreen connections with owner deletion
[2025.04.27-04.18.58:473][119]LogExit: Game engine shut down
[2025.04.27-04.18.58:500][119]LogExit: Object subsystem successfully closed.
[2025.04.27-04.18.58:507][119]LogShaderCompilers: Display: === FShaderJobCache stats ===
[2025.04.27-04.18.58:507][119]LogShaderCompilers: Display: Total job queries 0, among them cache hits 0 (0.00%)
[2025.04.27-04.18.58:507][119]LogShaderCompilers: Display: Tracking 0 distinct input hashes that result in 0 distinct outputs (0.00%)
[2025.04.27-04.18.58:507][119]LogShaderCompilers: Display: RAM used: 0.00 MB (0.00 GB) of 1638.40 MB (1.60 GB) budget. Usage: 0.00%
[2025.04.27-04.18.58:507][119]LogShaderCompilers: Display: ================================================
[2025.04.27-04.18.58:513][119]LogShaderCompilers: Display: Shaders left to compile 0
[2025.04.27-04.18.58:525][119]LogModuleManager: Shutting down and abandoning module SequenceRecorderSections (558)
[2025.04.27-04.18.58:525][119]LogModuleManager: Shutting down and abandoning module SequenceRecorder (556)
[2025.04.27-04.18.58:525][119]LogModuleManager: Shutting down and abandoning module AutomationController (554)
[2025.04.27-04.18.58:525][119]LogModuleManager: Shutting down and abandoning module AutomationWorker (552)
[2025.04.27-04.18.58:525][119]LogModuleManager: Shutting down and abandoning module Voice (550)
[2025.04.27-04.18.58:525][119]LogModuleManager: Shutting down and abandoning module AIModule (548)
[2025.04.27-04.18.58:525][119]LogModuleManager: Shutting down and abandoning module GameplayDebugger (547)
[2025.04.27-04.18.58:525][119]LogModuleManager: Shutting down and abandoning module AITestSuite (545)
[2025.04.27-04.18.58:525][119]LogModuleManager: Shutting down and abandoning module NavigationSystem (543)
[2025.04.27-04.18.58:525][119]LogModuleManager: Shutting down and abandoning module SteamVREditor (540)
[2025.04.27-04.18.58:525][119]LogModuleManager: Shutting down and abandoning module ToolMenus (539)
[2025.04.27-04.18.58:525][119]LogModuleManager: Shutting down and abandoning module OculusMR (536)
[2025.04.27-04.18.58:525][119]LogModuleManager: Shutting down and abandoning module OpenXRInput (534)
[2025.04.27-04.18.58:525][119]LogModuleManager: Shutting down and abandoning module TakeRecorderSources (532)
[2025.04.27-04.18.58:525][119]LogModuleManager: Shutting down and abandoning module TakeRecorder (531)
[2025.04.27-04.18.58:525][119]LogModuleManager: Shutting down and abandoning module TakeTrackRecorders (528)
[2025.04.27-04.18.58:525][119]LogModuleManager: Shutting down and abandoning module TakesCore (526)
[2025.04.27-04.18.58:525][119]LogModuleManager: Shutting down and abandoning module WmfMediaFactory (524)
[2025.04.27-04.18.58:525][119]LogModuleManager: Shutting down and abandoning module WebMMediaFactory (522)
[2025.04.27-04.18.58:525][119]LogModuleManager: Shutting down and abandoning module WebMMedia (520)
[2025.04.27-04.18.58:525][119]LogModuleManager: Shutting down and abandoning module OpenExrWrapper (518)
[2025.04.27-04.18.58:525][119]LogModuleManager: Shutting down and abandoning module ImgMediaFactory (516)
[2025.04.27-04.18.58:525][119]LogModuleManager: Shutting down and abandoning module AvfMediaFactory (514)
[2025.04.27-04.18.58:525][119]LogModuleManager: Shutting down and abandoning module MagicLeapMediaCodecFactory (512)
[2025.04.27-04.18.58:525][119]LogModuleManager: Shutting down and abandoning module MagicLeapMediaFactory (510)
[2025.04.27-04.18.58:525][119]LogModuleManager: Shutting down and abandoning module PlanarCut (508)
[2025.04.27-04.18.58:525][119]LogModuleManager: Shutting down and abandoning module CharacterAI (506)
[2025.04.27-04.18.58:525][119]LogModuleManager: Shutting down and abandoning module SessionServices (504)
[2025.04.27-04.18.58:525][119]LogModuleManager: Shutting down and abandoning module MovieSceneCapture (502)
[2025.04.27-04.18.58:525][119]LogModuleManager: Shutting down and abandoning module LiveCoding (500)
[2025.04.27-04.18.58:525][119]LogModuleManager: Shutting down and abandoning module LevelSequence (498)
[2025.04.27-04.18.58:525][119]LogModuleManager: Shutting down and abandoning module MovieSceneTracks (496)
[2025.04.27-04.18.58:525][119]LogModuleManager: Shutting down and abandoning module MovieScene (494)
[2025.04.27-04.18.58:525][119]LogModuleManager: Shutting down and abandoning module StreamingPauseRendering (492)
[2025.04.27-04.18.58:525][119]LogModuleManager: Shutting down and abandoning module PortalServices (490)
[2025.04.27-04.18.58:525][119]LogModuleManager: Shutting down and abandoning module PortalRpc (488)
[2025.04.27-04.18.58:525][119]LogModuleManager: Shutting down and abandoning module MessagingRpc (486)
[2025.04.27-04.18.58:525][119]LogModuleManager: Shutting down and abandoning module AudioMixerXAudio2 (484)
[2025.04.27-04.18.58:525][119]LogModuleManager: Shutting down and abandoning module AudioMixerCore (483)
[2025.04.27-04.18.58:525][119]LogModuleManager: Shutting down and abandoning module ImageWriteQueue (480)
[2025.04.27-04.18.58:527][119]LogModuleManager: Shutting down and abandoning module ProfilerService (478)
[2025.04.27-04.18.58:684][119]LogModuleManager: Shutting down and abandoning module TaskGraph (476)
[2025.04.27-04.18.58:684][119]LogModuleManager: Shutting down and abandoning module OculusInput (474)
[2025.04.27-04.18.58:684][119]LogModuleManager: Shutting down and abandoning module Synthesis (472)
[2025.04.27-04.18.58:684][119]LogModuleManager: Shutting down and abandoning module ProceduralMeshComponent (470)
[2025.04.27-04.18.58:684][119]LogModuleManager: Shutting down and abandoning module MobilePatchingUtils (468)
[2025.04.27-04.18.58:684][119]LogModuleManager: Shutting down and abandoning module TakeMovieScene (466)
[2025.04.27-04.18.58:684][119]LogModuleManager: Shutting down and abandoning module GooglePAD (464)
[2025.04.27-04.18.58:684][119]LogModuleManager: Shutting down and abandoning module AssetTags (462)
[2025.04.27-04.18.58:684][119]LogModuleManager: Shutting down and abandoning module EditableMesh (460)
[2025.04.27-04.18.58:684][119]LogModuleManager: Shutting down and abandoning module CustomMeshComponent (458)
[2025.04.27-04.18.58:684][119]LogModuleManager: Shutting down and abandoning module CableComponent (456)
[2025.04.27-04.18.58:684][119]LogModuleManager: Shutting down and abandoning module ArchVisCharacter (454)
[2025.04.27-04.18.58:684][119]LogModuleManager: Shutting down and abandoning module AudioCapture (452)
[2025.04.27-04.18.58:684][119]LogModuleManager: Shutting down and abandoning module AudioCaptureRtAudio (451)
[2025.04.27-04.18.58:684][119]LogModuleManager: Shutting down and abandoning module AndroidPermission (448)
[2025.04.27-04.18.58:684][119]LogModuleManager: Shutting down and abandoning module AppleImageUtilsBlueprintSupport (446)
[2025.04.27-04.18.58:684][119]LogModuleManager: Shutting down and abandoning module AppleImageUtils (444)
[2025.04.27-04.18.58:684][119]LogModuleManager: Shutting down and abandoning module ActorLayerUtilities (442)
[2025.04.27-04.18.58:684][119]LogModuleManager: Shutting down and abandoning module TemplateSequence (440)
[2025.04.27-04.18.58:684][119]LogModuleManager: Shutting down and abandoning module ImgMedia (438)
[2025.04.27-04.18.58:684][119]LogModuleManager: Shutting down and abandoning module MediaCompositing (436)
[2025.04.27-04.18.58:684][119]LogModuleManager: Shutting down and abandoning module MagicLeapSharedWorld (434)
[2025.04.27-04.18.58:684][119]LogModuleManager: Shutting down and abandoning module MagicLeapLightEstimation (432)
[2025.04.27-04.18.58:684][119]LogModuleManager: Shutting down and abandoning module MagicLeapHelperVulkan (430)
[2025.04.27-04.18.58:684][119]LogModuleManager: Shutting down and abandoning module MagicLeapHelperOpenGL (428)
[2025.04.27-04.18.58:684][119]LogModuleManager: Shutting down and abandoning module MagicLeapAudio (426)
[2025.04.27-04.18.58:684][119]LogModuleManager: Shutting down and abandoning module OpenImageDenoise (424)
[2025.04.27-04.18.58:684][119]LogOpenImageDenoise: OIDN shutting down
[2025.04.27-04.18.58:684][119]LogModuleManager: Shutting down and abandoning module MotoSynth (422)
[2025.04.27-04.18.58:684][119]LogModuleManager: Shutting down and abandoning module MeshConversion (420)
[2025.04.27-04.18.58:684][119]LogModuleManager: Shutting down and abandoning module DynamicMesh (418)
[2025.04.27-04.18.58:684][119]LogModuleManager: Shutting down and abandoning module GeometryAlgorithms (416)
[2025.04.27-04.18.58:684][119]LogModuleManager: Shutting down and abandoning module GeometricObjects (414)
[2025.04.27-04.18.58:684][119]LogModuleManager: Shutting down and abandoning module GeometryCollectionTracks (412)
[2025.04.27-04.18.58:684][119]LogModuleManager: Shutting down and abandoning module GeometryCollectionSequencer (411)
[2025.04.27-04.18.58:684][119]LogModuleManager: Shutting down and abandoning module GeometryCacheTracks (408)
[2025.04.27-04.18.58:684][119]LogModuleManager: Shutting down and abandoning module GeometryCacheSequencer (407)
[2025.04.27-04.18.58:684][119]LogModuleManager: Shutting down and abandoning module GeometryCache (404)
[2025.04.27-04.18.58:684][119]LogModuleManager: Shutting down and abandoning module GeometryCacheEd (403)
[2025.04.27-04.18.58:684][119]LogModuleManager: Shutting down and abandoning module ChaosNiagara (400)
[2025.04.27-04.18.58:684][119]LogModuleManager: Shutting down and abandoning module FieldSystemEngine (399)
[2025.04.27-04.18.58:684][119]LogModuleManager: Shutting down and abandoning module AutomationUtils (396)
[2025.04.27-04.18.58:684][119]LogModuleManager: Shutting down and abandoning module BackChannel (394)
[2025.04.27-04.18.58:684][119]LogModuleManager: Shutting down and abandoning module UObjectPlugin (392)
[2025.04.27-04.18.58:684][119]LogModuleManager: Shutting down and abandoning module VisualStudioSourceCodeAccess (390)
[2025.04.27-04.18.58:684][119]LogModuleManager: Shutting down and abandoning module HotReload (389)
[2025.04.27-04.18.58:684][119]LogModuleManager: Shutting down and abandoning module VisualStudioCodeSourceCodeAccess (386)
[2025.04.27-04.18.58:684][119]LogModuleManager: Shutting down and abandoning module SubversionSourceControl (384)
[2025.04.27-04.18.58:684][119]LogModuleManager: Shutting down and abandoning module CLionSourceCodeAccess (382)
[2025.04.27-04.18.58:684][119]LogModuleManager: Shutting down and abandoning module PerforceSourceControl (380)
[2025.04.27-04.18.58:684][119]LogModuleManager: Shutting down and abandoning module SourceControl (379)
[2025.04.27-04.18.58:684][119]LogModuleManager: Shutting down and abandoning module OodleNetworkHandlerComponent (376)
[2025.04.27-04.18.58:684][119]LogModuleManager: Shutting down and abandoning module LiveLinkSequencer (374)
[2025.04.27-04.18.58:684][119]LogModuleManager: Shutting down and abandoning module LiveLinkMovieScene (372)
[2025.04.27-04.18.58:684][119]LogModuleManager: Shutting down and abandoning module LiveLinkGraphNode (370)
[2025.04.27-04.18.58:684][119]LogModuleManager: Shutting down and abandoning module LiveLinkComponents (368)
[2025.04.27-04.18.58:684][119]LogModuleManager: Shutting down and abandoning module LiveLink (366)
