Log file open, 10/30/24 17:45:26
LogWindows: Failed to load 'aqProf.dll' (GetLastError=126)
LogWindows: File 'aqProf.dll' does not exist
LogWindows: Failed to load 'VtuneApi.dll' (GetLastError=126)
LogWindows: File 'VtuneApi.dll' does not exist
LogWindows: Failed to load 'VtuneApi32e.dll' (GetLastError=126)
LogWindows: File 'VtuneApi32e.dll' does not exist
LogConsoleResponse: Display: Failed to find resolution value strings in scalability ini. Falling back to default.
LogConsoleResponse: Display: Failed to find resolution value strings in scalability ini. Falling back to default.
LogInit: Display: Running engine for game: Vertigo_Protocol
LogPlatformFile: Not using cached read wrapper
LogTaskGraph: Started task graph with 5 named threads and 47 total threads with 3 sets of task threads.
LogStats: Stats thread started at 0.210071
LogICUInternationalization: ICU TimeZone Detection - Raw Offset: -8:00, Platform Override: ''
LogInit: Display: Loading text-based GConfig....
LogPluginManager: Mounting plugin MeshPainting
LogPluginManager: Mounting plugin XGEController
LogPluginManager: Mounting plugin Paper2D
LogPluginManager: Mounting plugin EnvironmentQueryEditor
LogPluginManager: Mounting plugin AISupport
LogPluginManager: Mounting plugin LiveLink
LogPluginManager: Mounting plugin LightPropagationVolume
LogPluginManager: Mounting plugin CameraShakePreviewer
LogPluginManager: Mounting plugin GameplayCameras
LogPluginManager: Mounting plugin OodleData
LogPluginManager: Mounting plugin OodleNetwork
LogPluginManager: Mounting plugin AnimationSharing
LogPluginManager: Mounting plugin CLionSourceCodeAccess
LogPluginManager: Mounting plugin GitSourceControl
LogPluginManager: Mounting plugin KDevelopSourceCodeAccess
LogPluginManager: Mounting plugin NullSourceCodeAccess
LogPluginManager: Mounting plugin CodeLiteSourceCodeAccess
LogPluginManager: Mounting plugin PixWinPlugin
LogPluginManager: Mounting plugin PlasticSourceControl
LogPluginManager: Mounting plugin PerforceSourceControl
LogPluginManager: Mounting plugin PluginUtils
LogPluginManager: Mounting plugin RiderSourceCodeAccess
LogPluginManager: Mounting plugin SubversionSourceControl
LogPluginManager: Mounting plugin UObjectPlugin
LogPluginManager: Mounting plugin PropertyAccessNode
LogPluginManager: Mounting plugin TextureFormatOodle
LogPluginManager: Mounting plugin VisualStudioCodeSourceCodeAccess
LogPluginManager: Mounting plugin VisualStudioSourceCodeAccess
LogPluginManager: Mounting plugin AssetManagerEditor
LogPluginManager: Mounting plugin CryptoKeys
LogPluginManager: Mounting plugin CurveEditorTools
LogPluginManager: Mounting plugin FacialAnimation
LogPluginManager: Mounting plugin DataValidation
LogPluginManager: Mounting plugin MacGraphicsSwitching
LogPluginManager: Mounting plugin GeometryMode
LogPluginManager: Mounting plugin MobileLauncherProfileWizard
LogPluginManager: Mounting plugin SpeedTreeImporter
LogPluginManager: Mounting plugin XCodeSourceCodeAccess
LogPluginManager: Mounting plugin MaterialAnalyzer
LogPluginManager: Mounting plugin GameplayTagsEditor
LogPluginManager: Mounting plugin PluginBrowser
LogPluginManager: Mounting plugin DatasmithContent
LogPluginManager: Mounting plugin VariantManagerContent
LogPluginManager: Mounting plugin Niagara
LogPluginManager: Mounting plugin MagicLeap
LogPluginManager: Mounting plugin LuminPlatformFeatures
LogPluginManager: Mounting plugin MagicLeapLightEstimation
LogPluginManager: Mounting plugin MagicLeapPassableWorld
LogPluginManager: Mounting plugin MagicLeapMedia
LogPluginManager: Mounting plugin MLSDK
LogPluginManager: Mounting plugin RestartEditor
LogPluginManager: Mounting plugin AndroidMedia
LogPluginManager: Mounting plugin AvfMedia
LogPluginManager: Mounting plugin MediaCompositing
LogPluginManager: Mounting plugin MediaPlayerEditor
LogPluginManager: Mounting plugin WebMMedia
LogPluginManager: Mounting plugin WmfMedia
LogPluginManager: Mounting plugin UdpMessaging
LogPluginManager: Mounting plugin ImgMedia
LogPluginManager: Mounting plugin LevelSequenceEditor
LogPluginManager: Mounting plugin MatineeToLevelSequence
LogPluginManager: Mounting plugin TemplateSequence
LogPluginManager: Mounting plugin LauncherChunkInstaller
LogPluginManager: Mounting plugin OnlineSubsystem
LogPluginManager: Mounting plugin OnlineSubsystemNull
LogPluginManager: Mounting plugin OnlineSubsystemUtils
LogPluginManager: Mounting plugin AlembicImporter
LogPluginManager: Mounting plugin AutomationUtils
LogPluginManager: Mounting plugin BackChannel
LogPluginManager: Mounting plugin TcpMessaging
LogPluginManager: Mounting plugin ChaosCloth
LogPluginManager: Mounting plugin ChaosEditor
LogPluginManager: Mounting plugin ActorSequence
LogPluginManager: Mounting plugin ChaosClothEditor
LogPluginManager: Mounting plugin ChaosNiagara
LogPluginManager: Mounting plugin ChaosSolverPlugin
LogPluginManager: Mounting plugin CharacterAI
LogPluginManager: Mounting plugin ActorLayerUtilities
LogPluginManager: Mounting plugin GeometryCache
LogPluginManager: Mounting plugin AndroidMoviePlayer
LogPluginManager: Mounting plugin AndroidPermission
LogPluginManager: Mounting plugin GeometryCollectionPlugin
LogPluginManager: Mounting plugin AndroidDeviceProfileSelector
LogPluginManager: Mounting plugin AppleImageUtils
LogPluginManager: Mounting plugin AssetTags
LogPluginManager: Mounting plugin AudioCapture
LogPluginManager: Mounting plugin AppleMoviePlayer
LogPluginManager: Mounting plugin ArchVisCharacter
LogPluginManager: Mounting plugin AudioSynesthesia
LogPluginManager: Mounting plugin CableComponent
LogPluginManager: Mounting plugin ChunkDownloader
LogPluginManager: Mounting plugin CustomMeshComponent
LogPluginManager: Mounting plugin EditableMesh
LogPluginManager: Mounting plugin ExampleDeviceProfileSelector
LogPluginManager: Mounting plugin GooglePAD
LogPluginManager: Mounting plugin GoogleCloudMessaging
LogPluginManager: Mounting plugin GeometryProcessing
LogPluginManager: Mounting plugin OpenImageDenoise
LogPluginManager: Mounting plugin PlanarCut
LogPluginManager: Mounting plugin PlatformCrypto
LogPluginManager: Mounting plugin ProxyLODPlugin
LogPluginManager: Mounting plugin MotoSynth
LogPluginManager: Mounting plugin PythonScriptPlugin
LogPluginManager: Mounting plugin SkeletalReduction
LogPluginManager: Mounting plugin LinuxDeviceProfileSelector
LogPluginManager: Mounting plugin LocationServicesBPLibrary
LogPluginManager: Mounting plugin IOSDeviceProfileSelector
LogPluginManager: Mounting plugin MobilePatchingUtils
LogPluginManager: Mounting plugin OpenXR
LogPluginManager: Mounting plugin OpenXREyeTracker
LogPluginManager: Mounting plugin OpenXRHandTracking
LogPluginManager: Mounting plugin PhysXVehicles
LogPluginManager: Mounting plugin ProceduralMeshComponent
LogPluginManager: Mounting plugin PropertyAccessEditor
LogPluginManager: Mounting plugin PostSplashScreen
LogPluginManager: Mounting plugin SoundFields
LogPluginManager: Mounting plugin SignificanceManager
LogPluginManager: Mounting plugin RuntimePhysXCooking
LogPluginManager: Mounting plugin Synthesis
LogPluginManager: Mounting plugin WebMMoviePlayer
LogPluginManager: Mounting plugin WindowsMoviePlayer
LogPluginManager: Mounting plugin Takes
LogPluginManager: Mounting plugin ScreenshotTools
LogPluginManager: Mounting plugin ContentBrowserAssetDataSource
LogPluginManager: Mounting plugin ContentBrowserFileDataSource
LogPluginManager: Mounting plugin ContentBrowserClassDataSource
LogPluginManager: Mounting plugin OnlineSubsystemGooglePlay
LogPluginManager: Mounting plugin OnlineSubsystemIOS
LogPluginManager: Mounting plugin OculusVR
LogPluginManager: Mounting plugin SteamVR
PixWinPlugin: PIX capture plugin failed to initialize! Check that the process is launched from PIX.
LogInit: Using libcurl 7.55.1-DEV
LogInit:  - built for x86_64-pc-win32
LogInit:  - supports SSL with OpenSSL/1.1.1
LogInit:  - supports HTTP deflate (compression) using libz 1.2.8
LogInit:  - other features:
LogInit:      CURL_VERSION_SSL
LogInit:      CURL_VERSION_LIBZ
LogInit:      CURL_VERSION_IPV6
LogInit:      CURL_VERSION_ASYNCHDNS
LogInit:      CURL_VERSION_LARGEFILE
LogInit:      CURL_VERSION_IDN
LogInit:  CurlRequestOptions (configurable via config and command line):
LogInit:  - bVerifyPeer = true  - Libcurl will verify peer certificate
LogInit:  - bUseHttpProxy = false  - Libcurl will NOT use HTTP proxy
LogInit:  - bDontReuseConnections = false  - Libcurl will reuse connections
LogInit:  - MaxHostConnections = 16  - Libcurl will limit the number of connections to a host
LogInit:  - LocalHostAddr = Default
LogInit:  - BufferSize = 65536
LogOnline: OSS: Creating online subsystem instance for: NULL
LogInit: WinSock: version 1.1 (2.2), MaxSocks=32767, MaxUdp=65467
LogOnline: OSS: TryLoadSubsystemAndSetDefault: Loaded subsystem for module [NULL]
LogOculusPluginWrapper: OculusPlugin initialized successfully
LogHMD: Failed initializing OVRPlugin 1.59.0
LogInit: Build: ++UE4+Release-4.27-CL-18319896
LogInit: Engine Version: 4.27.2-18319896+++UE4+Release-4.27
LogInit: Compatible Engine Version: 4.27.0-17155196+++UE4+Release-4.27
LogInit: Net CL: 17155196
LogInit: OS: Windows 10 (Release 2009) (), CPU: Intel(R) Core(TM) i9-9900KF CPU @ 3.60GHz, GPU: NVIDIA GeForce RTX 2080 Ti
LogInit: Compiled (64-bit): Nov 30 2021 07:12:08
LogInit: Compiled with Visual C++: 19.24.28315.00
LogInit: Build Configuration: Development
LogInit: Branch Name: ++UE4+Release-4.27
LogInit: Command Line: 
LogInit: Base Directory: G:/unreal engine 5.1/UE_4.27/Engine/Binaries/Win64/
LogInit: Allocator: TBB
LogInit: Installed Engine Build: 1
LogDevObjectVersion: Number of dev versions registered: 29
LogDevObjectVersion:   Dev-Blueprints (B0D832E4-1F89-4F0D-ACCF-7EB736FD4AA2): 10
LogDevObjectVersion:   Dev-Build (E1C64328-A22C-4D53-A36C-8E866417BD8C): 0
LogDevObjectVersion:   Dev-Core (375EC13C-06E4-48FB-B500-84F0262A717E): 4
LogDevObjectVersion:   Dev-Editor (E4B068ED-F494-42E9-A231-DA0B2E46BB41): 40
LogDevObjectVersion:   Dev-Framework (CFFC743F-43B0-4480-9391-14DF171D2073): 37
LogDevObjectVersion:   Dev-Mobile (B02B49B5-BB20-44E9-A304-32B752E40360): 3
LogDevObjectVersion:   Dev-Networking (A4E4105C-59A1-49B5-A7C5-40C4547EDFEE): 0
LogDevObjectVersion:   Dev-Online (39C831C9-5AE6-47DC-9A44-9C173E1C8E7C): 0
LogDevObjectVersion:   Dev-Physics (78F01B33-EBEA-4F98-B9B4-84EACCB95AA2): 14
LogDevObjectVersion:   Dev-Platform (6631380F-2D4D-43E0-8009-CF276956A95A): 0
LogDevObjectVersion:   Dev-Rendering (12F88B9F-8875-4AFC-A67C-D90C383ABD29): 45
LogDevObjectVersion:   Dev-Sequencer (7B5AE74C-D270-4C10-A958-57980B212A5A): 13
LogDevObjectVersion:   Dev-VR (D7296918-1DD6-4BDD-9DE2-64A83CC13884): 3
LogDevObjectVersion:   Dev-LoadTimes (C2A15278-BFE7-4AFE-6C17-90FF531DF755): 1
LogDevObjectVersion:   Private-Geometry (6EACA3D4-40EC-4CC1-B786-8BED09428FC5): 3
LogDevObjectVersion:   Dev-AnimPhys (29E575DD-E0A3-4627-9D10-D276232CDCEA): 17
LogDevObjectVersion:   Dev-Anim (AF43A65D-7FD3-4947-9873-3E8ED9C1BB05): 15
LogDevObjectVersion:   Dev-ReflectionCapture (6B266CEC-1EC7-4B8F-A30B-E4D90942FC07): 1
LogDevObjectVersion:   Dev-Automation (0DF73D61-A23F-47EA-B727-89E90C41499A): 1
LogDevObjectVersion:   FortniteMain (601D1886-AC64-4F84-AA16-D3DE0DEAC7D6): 47
LogDevObjectVersion:   FortniteRelease (E7086368-6B23-4C58-8439-1B7016265E91): 1
LogDevObjectVersion:   Dev-Enterprise (9DFFBCD6-494F-0158-E221-12823C92A888): 10
LogDevObjectVersion:   Dev-Niagara (F2AED0AC-9AFE-416F-8664-AA7FFA26D6FC): 1
LogDevObjectVersion:   Dev-Destruction (174F1F0B-B4C6-45A5-B13F-2EE8D0FB917D): 10
LogDevObjectVersion:   Dev-Physics-Ext (35F94A83-E258-406C-A318-09F59610247C): 41
LogDevObjectVersion:   Dev-PhysicsMaterial-Chaos (B68FC16E-8B1B-42E2-B453-215C058844FE): 1
LogDevObjectVersion:   Dev-CineCamera (B2E18506-4273-CFC2-A54E-F4BB758BBA07): 1
LogDevObjectVersion:   Dev-VirtualProduction (64F58936-FD1B-42BA-BA96-7289D5D0FA4E): 1
LogDevObjectVersion:   Dev-MediaFramework (6F0ED827-A609-4895-9C91-998D90180EA4): 2
LogInit: Presizing for max 25165824 objects, including 0 objects not considered by GC, pre-allocating 0 bytes for permanent pool.
LogConfig: Applying CVar settings from Section [/Script/Engine.StreamingSettings] File [G:/CS425_SeniorProject/MainProject/Vertigo_Protocol/Vertigo_Protocol/Saved/Config/Windows/Engine.ini]
LogConfig: Setting CVar [[s.MinBulkDataSizeForAsyncLoading:131072]]
LogConfig: Setting CVar [[s.AsyncLoadingThreadEnabled:0]]
LogConfig: Setting CVar [[s.EventDrivenLoaderEnabled:1]]
LogConfig: Setting CVar [[s.WarnIfTimeLimitExceeded:0]]
LogConfig: Setting CVar [[s.TimeLimitExceededMultiplier:1.5]]
LogConfig: Setting CVar [[s.TimeLimitExceededMinTime:0.005]]
LogConfig: Setting CVar [[s.UseBackgroundLevelStreaming:1]]
LogConfig: Setting CVar [[s.PriorityAsyncLoadingExtraTime:15.0]]
LogConfig: Setting CVar [[s.LevelStreamingActorsUpdateTimeLimit:5.0]]
LogConfig: Setting CVar [[s.PriorityLevelStreamingActorsUpdateExtraTime:5.0]]
LogConfig: Setting CVar [[s.LevelStreamingComponentsRegistrationGranularity:10]]
LogConfig: Setting CVar [[s.UnregisterComponentsTimeLimit:1.0]]
LogConfig: Setting CVar [[s.LevelStreamingComponentsUnregistrationGranularity:5]]
LogConfig: Setting CVar [[s.FlushStreamingOnExit:1]]
LogInit: Object subsystem initialized
LogConfig: Setting CVar [[con.DebugEarlyDefault:1]]
LogConfig: Setting CVar [[r.EarlyZPass:2]]
LogConfig: Setting CVar [[r.DBuffer:1]]
LogConfig: Setting CVar [[r.setres:1280x720]]
[2024.10.31-00.45.26:750][  0]LogConfig: Setting CVar [[r.VSync:0]]
[2024.10.31-00.45.26:750][  0]LogConfig: Setting CVar [[r.RHICmdBypass:0]]
[2024.10.31-00.45.26:750][  0]LogConfig: Applying CVar settings from Section [/Script/Engine.RendererSettings] File [G:/CS425_SeniorProject/MainProject/Vertigo_Protocol/Vertigo_Protocol/Saved/Config/Windows/Engine.ini]
[2024.10.31-00.45.26:750][  0]LogConfig: Setting CVar [[r.GPUCrashDebugging:0]]
[2024.10.31-00.45.26:750][  0]LogConfig: Setting CVar [[r.DefaultFeature.MotionBlur:0]]
[2024.10.31-00.45.26:750][  0]LogConfig: Applying CVar settings from Section [/Script/Engine.RendererOverrideSettings] File [G:/CS425_SeniorProject/MainProject/Vertigo_Protocol/Vertigo_Protocol/Saved/Config/Windows/Engine.ini]
[2024.10.31-00.45.26:750][  0]LogConfig: Applying CVar settings from Section [/Script/Engine.StreamingSettings] File [G:/CS425_SeniorProject/MainProject/Vertigo_Protocol/Vertigo_Protocol/Saved/Config/Windows/Engine.ini]
[2024.10.31-00.45.26:750][  0]LogConfig: Setting CVar [[s.MinBulkDataSizeForAsyncLoading:131072]]
[2024.10.31-00.45.26:750][  0]LogConfig: Setting CVar [[s.AsyncLoadingThreadEnabled:0]]
[2024.10.31-00.45.26:750][  0]LogConfig: Setting CVar [[s.EventDrivenLoaderEnabled:1]]
[2024.10.31-00.45.26:750][  0]LogConfig: Setting CVar [[s.WarnIfTimeLimitExceeded:0]]
[2024.10.31-00.45.26:750][  0]LogConfig: Setting CVar [[s.TimeLimitExceededMultiplier:1.5]]
[2024.10.31-00.45.26:750][  0]LogConfig: Setting CVar [[s.TimeLimitExceededMinTime:0.005]]
[2024.10.31-00.45.26:750][  0]LogConfig: Setting CVar [[s.UseBackgroundLevelStreaming:1]]
[2024.10.31-00.45.26:750][  0]LogConfig: Setting CVar [[s.PriorityAsyncLoadingExtraTime:15.0]]
[2024.10.31-00.45.26:750][  0]LogConfig: Setting CVar [[s.LevelStreamingActorsUpdateTimeLimit:5.0]]
[2024.10.31-00.45.26:750][  0]LogConfig: Setting CVar [[s.PriorityLevelStreamingActorsUpdateExtraTime:5.0]]
[2024.10.31-00.45.26:750][  0]LogConfig: Setting CVar [[s.LevelStreamingComponentsRegistrationGranularity:10]]
[2024.10.31-00.45.26:750][  0]LogConfig: Setting CVar [[s.UnregisterComponentsTimeLimit:1.0]]
[2024.10.31-00.45.26:750][  0]LogConfig: Setting CVar [[s.LevelStreamingComponentsUnregistrationGranularity:5]]
[2024.10.31-00.45.26:750][  0]LogConfig: Setting CVar [[s.FlushStreamingOnExit:1]]
[2024.10.31-00.45.26:750][  0]LogConfig: Applying CVar settings from Section [/Script/Engine.GarbageCollectionSettings] File [G:/CS425_SeniorProject/MainProject/Vertigo_Protocol/Vertigo_Protocol/Saved/Config/Windows/Engine.ini]
[2024.10.31-00.45.26:750][  0]LogConfig: Setting CVar [[gc.MaxObjectsNotConsideredByGC:1]]
[2024.10.31-00.45.26:750][  0]LogConfig: Setting CVar [[gc.SizeOfPermanentObjectPool:0]]
[2024.10.31-00.45.26:750][  0]LogConfig: Setting CVar [[gc.FlushStreamingOnGC:0]]
[2024.10.31-00.45.26:750][  0]LogConfig: Setting CVar [[gc.NumRetriesBeforeForcingGC:10]]
[2024.10.31-00.45.26:750][  0]LogConfig: Setting CVar [[gc.AllowParallelGC:1]]
[2024.10.31-00.45.26:750][  0]LogConfig: Setting CVar [[gc.TimeBetweenPurgingPendingKillObjects:61.1]]
[2024.10.31-00.45.26:750][  0]LogConfig: Setting CVar [[gc.MaxObjectsInEditor:25165824]]
[2024.10.31-00.45.26:750][  0]LogConfig: Setting CVar [[gc.IncrementalBeginDestroyEnabled:1]]
[2024.10.31-00.45.26:750][  0]LogConfig: Setting CVar [[gc.CreateGCClusters:1]]
[2024.10.31-00.45.26:750][  0]LogConfig: Setting CVar [[gc.MinGCClusterSize:5]]
[2024.10.31-00.45.26:750][  0]LogConfig: Setting CVar [[gc.ActorClusteringEnabled:0]]
[2024.10.31-00.45.26:750][  0]LogConfig: Setting CVar [[gc.BlueprintClusteringEnabled:0]]
[2024.10.31-00.45.26:750][  0]LogConfig: Setting CVar [[gc.UseDisregardForGCOnDedicatedServers:0]]
[2024.10.31-00.45.26:750][  0]LogConfig: Setting CVar [[gc.MultithreadedDestructionEnabled:1]]
[2024.10.31-00.45.26:750][  0]LogConfig: Applying CVar settings from Section [/Script/Engine.NetworkSettings] File [G:/CS425_SeniorProject/MainProject/Vertigo_Protocol/Vertigo_Protocol/Saved/Config/Windows/Engine.ini]
[2024.10.31-00.45.26:750][  0]LogConfig: Applying CVar settings from Section [/Script/UnrealEd.CookerSettings] File [G:/CS425_SeniorProject/MainProject/Vertigo_Protocol/Vertigo_Protocol/Saved/Config/Windows/Engine.ini]
[2024.10.31-00.45.26:808][  0]LogConfig: Applying CVar settings from Section [ViewDistanceQuality@3] File [G:/CS425_SeniorProject/MainProject/Vertigo_Protocol/Vertigo_Protocol/Saved/Config/Windows/Scalability.ini]
[2024.10.31-00.45.26:808][  0]LogConfig: Setting CVar [[r.SkeletalMeshLODBias:0]]
[2024.10.31-00.45.26:808][  0]LogConfig: Setting CVar [[r.ViewDistanceScale:1.0]]
[2024.10.31-00.45.26:808][  0]LogConfig: Applying CVar settings from Section [AntiAliasingQuality@3] File [G:/CS425_SeniorProject/MainProject/Vertigo_Protocol/Vertigo_Protocol/Saved/Config/Windows/Scalability.ini]
[2024.10.31-00.45.26:808][  0]LogConfig: Setting CVar [[r.PostProcessAAQuality:4]]
[2024.10.31-00.45.26:808][  0]LogConfig: Applying CVar settings from Section [ShadowQuality@3] File [G:/CS425_SeniorProject/MainProject/Vertigo_Protocol/Vertigo_Protocol/Saved/Config/Windows/Scalability.ini]
[2024.10.31-00.45.26:808][  0]LogConfig: Setting CVar [[r.LightFunctionQuality:1]]
[2024.10.31-00.45.26:808][  0]LogConfig: Setting CVar [[r.ShadowQuality:5]]
[2024.10.31-00.45.26:808][  0]LogConfig: Setting CVar [[r.Shadow.CSM.MaxCascades:10]]
[2024.10.31-00.45.26:808][  0]LogConfig: Setting CVar [[r.Shadow.MaxResolution:2048]]
[2024.10.31-00.45.26:808][  0]LogConfig: Setting CVar [[r.Shadow.MaxCSMResolution:2048]]
[2024.10.31-00.45.26:808][  0]LogConfig: Setting CVar [[r.Shadow.RadiusThreshold:0.01]]
[2024.10.31-00.45.26:808][  0]LogConfig: Setting CVar [[r.Shadow.DistanceScale:1.0]]
[2024.10.31-00.45.26:808][  0]LogConfig: Setting CVar [[r.Shadow.CSM.TransitionScale:1.0]]
[2024.10.31-00.45.26:808][  0]LogConfig: Setting CVar [[r.Shadow.PreShadowResolutionFactor:1.0]]
[2024.10.31-00.45.26:808][  0]LogConfig: Setting CVar [[r.DistanceFieldShadowing:1]]
[2024.10.31-00.45.26:808][  0]LogConfig: Setting CVar [[r.DistanceFieldAO:1]]
[2024.10.31-00.45.26:808][  0]LogConfig: Setting CVar [[r.AOQuality:2]]
[2024.10.31-00.45.26:808][  0]LogConfig: Setting CVar [[r.VolumetricFog:1]]
[2024.10.31-00.45.26:808][  0]LogConfig: Setting CVar [[r.VolumetricFog.GridPixelSize:8]]
[2024.10.31-00.45.26:808][  0]LogConfig: Setting CVar [[r.VolumetricFog.GridSizeZ:128]]
[2024.10.31-00.45.26:808][  0]LogConfig: Setting CVar [[r.VolumetricFog.HistoryMissSupersampleCount:4]]
[2024.10.31-00.45.26:808][  0]LogConfig: Setting CVar [[r.LightMaxDrawDistanceScale:1]]
[2024.10.31-00.45.26:808][  0]LogConfig: Setting CVar [[r.CapsuleShadows:1]]
[2024.10.31-00.45.26:808][  0]LogConfig: Applying CVar settings from Section [PostProcessQuality@3] File [G:/CS425_SeniorProject/MainProject/Vertigo_Protocol/Vertigo_Protocol/Saved/Config/Windows/Scalability.ini]
[2024.10.31-00.45.26:808][  0]LogConfig: Setting CVar [[r.MotionBlurQuality:4]]
[2024.10.31-00.45.26:808][  0]LogConfig: Setting CVar [[r.AmbientOcclusionMipLevelFactor:0.4]]
[2024.10.31-00.45.26:808][  0]LogConfig: Setting CVar [[r.AmbientOcclusionMaxQuality:100]]
[2024.10.31-00.45.26:808][  0]LogConfig: Setting CVar [[r.AmbientOcclusionLevels:-1]]
[2024.10.31-00.45.26:808][  0]LogConfig: Setting CVar [[r.AmbientOcclusionRadiusScale:1.0]]
[2024.10.31-00.45.26:808][  0]LogConfig: Setting CVar [[r.DepthOfFieldQuality:2]]
[2024.10.31-00.45.26:808][  0]LogConfig: Setting CVar [[r.RenderTargetPoolMin:400]]
[2024.10.31-00.45.26:808][  0]LogConfig: Setting CVar [[r.LensFlareQuality:2]]
[2024.10.31-00.45.26:808][  0]LogConfig: Setting CVar [[r.SceneColorFringeQuality:1]]
[2024.10.31-00.45.26:808][  0]LogConfig: Setting CVar [[r.EyeAdaptationQuality:2]]
[2024.10.31-00.45.26:808][  0]LogConfig: Setting CVar [[r.BloomQuality:5]]
[2024.10.31-00.45.26:808][  0]LogConfig: Setting CVar [[r.FastBlurThreshold:100]]
[2024.10.31-00.45.26:808][  0]LogConfig: Setting CVar [[r.Upscale.Quality:3]]
[2024.10.31-00.45.26:808][  0]LogConfig: Setting CVar [[r.Tonemapper.GrainQuantization:1]]
[2024.10.31-00.45.26:808][  0]LogConfig: Setting CVar [[r.LightShaftQuality:1]]
[2024.10.31-00.45.26:808][  0]LogConfig: Setting CVar [[r.Filter.SizeScale:1]]
[2024.10.31-00.45.26:808][  0]LogConfig: Setting CVar [[r.Tonemapper.Quality:5]]
[2024.10.31-00.45.26:808][  0]LogConfig: Setting CVar [[r.DOF.Gather.AccumulatorQuality:1        ; higher gathering accumulator quality]]
[2024.10.31-00.45.26:808][  0]LogConfig: Setting CVar [[r.DOF.Gather.PostfilterMethod:1          ; Median3x3 postfilering method]]
[2024.10.31-00.45.26:808][  0]LogConfig: Setting CVar [[r.DOF.Gather.EnableBokehSettings:0       ; no bokeh simulation when gathering]]
[2024.10.31-00.45.26:808][  0]LogConfig: Setting CVar [[r.DOF.Gather.RingCount:4                 ; medium number of samples when gathering]]
[2024.10.31-00.45.26:808][  0]LogConfig: Setting CVar [[r.DOF.Scatter.ForegroundCompositing:1    ; additive foreground scattering]]
[2024.10.31-00.45.26:808][  0]LogConfig: Setting CVar [[r.DOF.Scatter.BackgroundCompositing:2    ; additive background scattering]]
[2024.10.31-00.45.26:808][  0]LogConfig: Setting CVar [[r.DOF.Scatter.EnableBokehSettings:1      ; bokeh simulation when scattering]]
[2024.10.31-00.45.26:808][  0]LogConfig: Setting CVar [[r.DOF.Scatter.MaxSpriteRatio:0.1         ; only a maximum of 10% of scattered bokeh]]
[2024.10.31-00.45.26:808][  0]LogConfig: Setting CVar [[r.DOF.Recombine.Quality:1                ; cheap slight out of focus]]
[2024.10.31-00.45.26:808][  0]LogConfig: Setting CVar [[r.DOF.Recombine.EnableBokehSettings:0    ; no bokeh simulation on slight out of focus]]
[2024.10.31-00.45.26:808][  0]LogConfig: Setting CVar [[r.DOF.TemporalAAQuality:1                ; more stable temporal accumulation]]
[2024.10.31-00.45.26:808][  0]LogConfig: Setting CVar [[r.DOF.Kernel.MaxForegroundRadius:0.025]]
[2024.10.31-00.45.26:808][  0]LogConfig: Setting CVar [[r.DOF.Kernel.MaxBackgroundRadius:0.025]]
[2024.10.31-00.45.26:809][  0]LogConfig: Applying CVar settings from Section [TextureQuality@3] File [G:/CS425_SeniorProject/MainProject/Vertigo_Protocol/Vertigo_Protocol/Saved/Config/Windows/Scalability.ini]
[2024.10.31-00.45.26:809][  0]LogConfig: Setting CVar [[r.Streaming.MipBias:0]]
[2024.10.31-00.45.26:809][  0]LogConfig: Setting CVar [[r.Streaming.AmortizeCPUToGPUCopy:0]]
[2024.10.31-00.45.26:809][  0]LogConfig: Setting CVar [[r.Streaming.MaxNumTexturesToStreamPerFrame:0]]
[2024.10.31-00.45.26:809][  0]LogConfig: Setting CVar [[r.Streaming.Boost:1]]
[2024.10.31-00.45.26:809][  0]LogConfig: Setting CVar [[r.MaxAnisotropy:8]]
[2024.10.31-00.45.26:809][  0]LogConfig: Setting CVar [[r.VT.MaxAnisotropy:8]]
[2024.10.31-00.45.26:809][  0]LogConfig: Setting CVar [[r.Streaming.LimitPoolSizeToVRAM:0]]
[2024.10.31-00.45.26:809][  0]LogConfig: Setting CVar [[r.Streaming.PoolSize:1000]]
[2024.10.31-00.45.26:809][  0]LogConfig: Setting CVar [[r.Streaming.MaxEffectiveScreenSize:0]]
[2024.10.31-00.45.26:809][  0]LogConfig: Applying CVar settings from Section [EffectsQuality@3] File [G:/CS425_SeniorProject/MainProject/Vertigo_Protocol/Vertigo_Protocol/Saved/Config/Windows/Scalability.ini]
[2024.10.31-00.45.26:809][  0]LogConfig: Setting CVar [[r.TranslucencyLightingVolumeDim:64]]
[2024.10.31-00.45.26:809][  0]LogConfig: Setting CVar [[r.RefractionQuality:2]]
[2024.10.31-00.45.26:809][  0]LogConfig: Setting CVar [[r.SSR.Quality:3]]
[2024.10.31-00.45.26:809][  0]LogConfig: Setting CVar [[r.SSR.HalfResSceneColor:0]]
[2024.10.31-00.45.26:809][  0]LogConfig: Setting CVar [[r.SceneColorFormat:4]]
[2024.10.31-00.45.26:809][  0]LogConfig: Setting CVar [[r.DetailMode:2]]
[2024.10.31-00.45.26:809][  0]LogConfig: Setting CVar [[r.TranslucencyVolumeBlur:1]]
[2024.10.31-00.45.26:809][  0]LogConfig: Setting CVar [[r.MaterialQualityLevel:1 ; High quality]]
[2024.10.31-00.45.26:809][  0]LogConfig: Setting CVar [[r.AnisotropicMaterials:1]]
[2024.10.31-00.45.26:809][  0]LogConfig: Setting CVar [[r.SSS.Scale:1]]
[2024.10.31-00.45.26:809][  0]LogConfig: Setting CVar [[r.SSS.SampleSet:2]]
[2024.10.31-00.45.26:809][  0]LogConfig: Setting CVar [[r.SSS.Quality:1]]
[2024.10.31-00.45.26:809][  0]LogConfig: Setting CVar [[r.SSS.HalfRes:0]]
[2024.10.31-00.45.26:809][  0]LogConfig: Setting CVar [[r.SSGI.Quality:3]]
[2024.10.31-00.45.26:809][  0]LogConfig: Setting CVar [[r.EmitterSpawnRateScale:1.0]]
[2024.10.31-00.45.26:809][  0]LogConfig: Setting CVar [[r.ParticleLightQuality:2]]
[2024.10.31-00.45.26:809][  0]LogConfig: Setting CVar [[r.SkyAtmosphere.AerialPerspectiveLUT.FastApplyOnOpaque:1 ; Always have FastSkyLUT 1 in this case to avoid wrong sky]]
[2024.10.31-00.45.26:809][  0]LogConfig: Setting CVar [[r.SkyAtmosphere.AerialPerspectiveLUT.SampleCountMaxPerSlice:4]]
[2024.10.31-00.45.26:809][  0]LogConfig: Setting CVar [[r.SkyAtmosphere.AerialPerspectiveLUT.DepthResolution:16.0]]
[2024.10.31-00.45.26:809][  0]LogConfig: Setting CVar [[r.SkyAtmosphere.FastSkyLUT:1]]
[2024.10.31-00.45.26:809][  0]LogConfig: Setting CVar [[r.SkyAtmosphere.FastSkyLUT.SampleCountMin:4.0]]
[2024.10.31-00.45.26:809][  0]LogConfig: Setting CVar [[r.SkyAtmosphere.FastSkyLUT.SampleCountMax:128.0]]
[2024.10.31-00.45.26:809][  0]LogConfig: Setting CVar [[r.SkyAtmosphere.SampleCountMin:4.0]]
[2024.10.31-00.45.26:809][  0]LogConfig: Setting CVar [[r.SkyAtmosphere.SampleCountMax:128.0]]
[2024.10.31-00.45.26:809][  0]LogConfig: Setting CVar [[r.SkyAtmosphere.TransmittanceLUT.UseSmallFormat:0]]
[2024.10.31-00.45.26:809][  0]LogConfig: Setting CVar [[r.SkyAtmosphere.TransmittanceLUT.SampleCount:10.0]]
[2024.10.31-00.45.26:809][  0]LogConfig: Setting CVar [[r.SkyAtmosphere.MultiScatteringLUT.SampleCount:15.0]]
[2024.10.31-00.45.26:809][  0]LogConfig: Setting CVar [[r.SkyLight.RealTimeReflectionCapture:1]]
[2024.10.31-00.45.26:809][  0]LogConfig: Applying CVar settings from Section [FoliageQuality@3] File [G:/CS425_SeniorProject/MainProject/Vertigo_Protocol/Vertigo_Protocol/Saved/Config/Windows/Scalability.ini]
[2024.10.31-00.45.26:809][  0]LogConfig: Setting CVar [[foliage.DensityScale:1.0]]
[2024.10.31-00.45.26:809][  0]LogConfig: Setting CVar [[grass.DensityScale:1.0]]
[2024.10.31-00.45.26:809][  0]LogConfig: Applying CVar settings from Section [ShadingQuality@3] File [G:/CS425_SeniorProject/MainProject/Vertigo_Protocol/Vertigo_Protocol/Saved/Config/Windows/Scalability.ini]
[2024.10.31-00.45.26:809][  0]LogConfig: Setting CVar [[r.HairStrands.SkyLighting.IntegrationType:2]]
[2024.10.31-00.45.26:809][  0]LogConfig: Setting CVar [[r.HairStrands.SkyAO.SampleCount:4]]
[2024.10.31-00.45.26:809][  0]LogConfig: Setting CVar [[r.HairStrands.Visibility.MSAA.SamplePerPixel:4]]
[2024.10.31-00.45.26:809][  0]LogInit: Selected Device Profile: [Windows]
[2024.10.31-00.45.26:809][  0]LogInit: Applying CVar settings loaded from the selected device profile: [Windows]
[2024.10.31-00.45.26:809][  0]LogHAL: Display: Platform has ~ 32 GB [34285932544 / 34359738368 / 32], which maps to Largest [LargestMinGB=32, LargerMinGB=12, DefaultMinGB=8, SmallerMinGB=6, SmallestMinGB=0)
[2024.10.31-00.45.26:809][  0]LogInit: Going up to parent DeviceProfile []
[2024.10.31-00.45.26:809][  0]LogConfig: Applying CVar settings from Section [ViewDistanceQuality@3] File [G:/CS425_SeniorProject/MainProject/Vertigo_Protocol/Vertigo_Protocol/Saved/Config/Windows/Scalability.ini]
[2024.10.31-00.45.26:809][  0]LogConfig: Setting CVar [[r.SkeletalMeshLODBias:0]]
[2024.10.31-00.45.26:809][  0]LogConfig: Setting CVar [[r.ViewDistanceScale:1.0]]
[2024.10.31-00.45.26:809][  0]LogConfig: Applying CVar settings from Section [AntiAliasingQuality@3] File [G:/CS425_SeniorProject/MainProject/Vertigo_Protocol/Vertigo_Protocol/Saved/Config/Windows/Scalability.ini]
[2024.10.31-00.45.26:809][  0]LogConfig: Setting CVar [[r.PostProcessAAQuality:4]]
[2024.10.31-00.45.26:809][  0]LogConfig: Applying CVar settings from Section [ShadowQuality@3] File [G:/CS425_SeniorProject/MainProject/Vertigo_Protocol/Vertigo_Protocol/Saved/Config/Windows/Scalability.ini]
[2024.10.31-00.45.26:809][  0]LogConfig: Setting CVar [[r.LightFunctionQuality:1]]
[2024.10.31-00.45.26:809][  0]LogConfig: Setting CVar [[r.ShadowQuality:5]]
[2024.10.31-00.45.26:809][  0]LogConfig: Setting CVar [[r.Shadow.CSM.MaxCascades:10]]
[2024.10.31-00.45.26:809][  0]LogConfig: Setting CVar [[r.Shadow.MaxResolution:2048]]
[2024.10.31-00.45.26:809][  0]LogConfig: Setting CVar [[r.Shadow.MaxCSMResolution:2048]]
[2024.10.31-00.45.26:810][  0]LogConfig: Setting CVar [[r.Shadow.RadiusThreshold:0.01]]
[2024.10.31-00.45.26:810][  0]LogConfig: Setting CVar [[r.Shadow.DistanceScale:1.0]]
[2024.10.31-00.45.26:810][  0]LogConfig: Setting CVar [[r.Shadow.CSM.TransitionScale:1.0]]
[2024.10.31-00.45.26:810][  0]LogConfig: Setting CVar [[r.Shadow.PreShadowResolutionFactor:1.0]]
[2024.10.31-00.45.26:810][  0]LogConfig: Setting CVar [[r.DistanceFieldShadowing:1]]
[2024.10.31-00.45.26:810][  0]LogConfig: Setting CVar [[r.DistanceFieldAO:1]]
[2024.10.31-00.45.26:810][  0]LogConfig: Setting CVar [[r.AOQuality:2]]
[2024.10.31-00.45.26:810][  0]LogConfig: Setting CVar [[r.VolumetricFog:1]]
[2024.10.31-00.45.26:810][  0]LogConfig: Setting CVar [[r.VolumetricFog.GridPixelSize:8]]
[2024.10.31-00.45.26:810][  0]LogConfig: Setting CVar [[r.VolumetricFog.GridSizeZ:128]]
[2024.10.31-00.45.26:810][  0]LogConfig: Setting CVar [[r.VolumetricFog.HistoryMissSupersampleCount:4]]
[2024.10.31-00.45.26:810][  0]LogConfig: Setting CVar [[r.LightMaxDrawDistanceScale:1]]
[2024.10.31-00.45.26:810][  0]LogConfig: Setting CVar [[r.CapsuleShadows:1]]
[2024.10.31-00.45.26:810][  0]LogConfig: Applying CVar settings from Section [PostProcessQuality@3] File [G:/CS425_SeniorProject/MainProject/Vertigo_Protocol/Vertigo_Protocol/Saved/Config/Windows/Scalability.ini]
[2024.10.31-00.45.26:810][  0]LogConfig: Setting CVar [[r.MotionBlurQuality:4]]
[2024.10.31-00.45.26:810][  0]LogConfig: Setting CVar [[r.AmbientOcclusionMipLevelFactor:0.4]]
[2024.10.31-00.45.26:810][  0]LogConfig: Setting CVar [[r.AmbientOcclusionMaxQuality:100]]
[2024.10.31-00.45.26:810][  0]LogConfig: Setting CVar [[r.AmbientOcclusionLevels:-1]]
[2024.10.31-00.45.26:810][  0]LogConfig: Setting CVar [[r.AmbientOcclusionRadiusScale:1.0]]
[2024.10.31-00.45.26:810][  0]LogConfig: Setting CVar [[r.DepthOfFieldQuality:2]]
[2024.10.31-00.45.26:810][  0]LogConfig: Setting CVar [[r.RenderTargetPoolMin:400]]
[2024.10.31-00.45.26:810][  0]LogConfig: Setting CVar [[r.LensFlareQuality:2]]
[2024.10.31-00.45.26:810][  0]LogConfig: Setting CVar [[r.SceneColorFringeQuality:1]]
[2024.10.31-00.45.26:810][  0]LogConfig: Setting CVar [[r.EyeAdaptationQuality:2]]
[2024.10.31-00.45.26:810][  0]LogConfig: Setting CVar [[r.BloomQuality:5]]
[2024.10.31-00.45.26:810][  0]LogConfig: Setting CVar [[r.FastBlurThreshold:100]]
[2024.10.31-00.45.26:810][  0]LogConfig: Setting CVar [[r.Upscale.Quality:3]]
[2024.10.31-00.45.26:810][  0]LogConfig: Setting CVar [[r.Tonemapper.GrainQuantization:1]]
[2024.10.31-00.45.26:810][  0]LogConfig: Setting CVar [[r.LightShaftQuality:1]]
[2024.10.31-00.45.26:810][  0]LogConfig: Setting CVar [[r.Filter.SizeScale:1]]
[2024.10.31-00.45.26:810][  0]LogConfig: Setting CVar [[r.Tonemapper.Quality:5]]
[2024.10.31-00.45.26:810][  0]LogConfig: Setting CVar [[r.DOF.Gather.AccumulatorQuality:1        ; higher gathering accumulator quality]]
[2024.10.31-00.45.26:810][  0]LogConfig: Setting CVar [[r.DOF.Gather.PostfilterMethod:1          ; Median3x3 postfilering method]]
[2024.10.31-00.45.26:810][  0]LogConfig: Setting CVar [[r.DOF.Gather.EnableBokehSettings:0       ; no bokeh simulation when gathering]]
[2024.10.31-00.45.26:810][  0]LogConfig: Setting CVar [[r.DOF.Gather.RingCount:4                 ; medium number of samples when gathering]]
[2024.10.31-00.45.26:810][  0]LogConfig: Setting CVar [[r.DOF.Scatter.ForegroundCompositing:1    ; additive foreground scattering]]
[2024.10.31-00.45.26:810][  0]LogConfig: Setting CVar [[r.DOF.Scatter.BackgroundCompositing:2    ; additive background scattering]]
[2024.10.31-00.45.26:810][  0]LogConfig: Setting CVar [[r.DOF.Scatter.EnableBokehSettings:1      ; bokeh simulation when scattering]]
[2024.10.31-00.45.26:810][  0]LogConfig: Setting CVar [[r.DOF.Scatter.MaxSpriteRatio:0.1         ; only a maximum of 10% of scattered bokeh]]
[2024.10.31-00.45.26:810][  0]LogConfig: Setting CVar [[r.DOF.Recombine.Quality:1                ; cheap slight out of focus]]
[2024.10.31-00.45.26:810][  0]LogConfig: Setting CVar [[r.DOF.Recombine.EnableBokehSettings:0    ; no bokeh simulation on slight out of focus]]
[2024.10.31-00.45.26:810][  0]LogConfig: Setting CVar [[r.DOF.TemporalAAQuality:1                ; more stable temporal accumulation]]
[2024.10.31-00.45.26:810][  0]LogConfig: Setting CVar [[r.DOF.Kernel.MaxForegroundRadius:0.025]]
[2024.10.31-00.45.26:810][  0]LogConfig: Setting CVar [[r.DOF.Kernel.MaxBackgroundRadius:0.025]]
[2024.10.31-00.45.26:810][  0]LogConfig: Applying CVar settings from Section [TextureQuality@3] File [G:/CS425_SeniorProject/MainProject/Vertigo_Protocol/Vertigo_Protocol/Saved/Config/Windows/Scalability.ini]
[2024.10.31-00.45.26:810][  0]LogConfig: Setting CVar [[r.Streaming.MipBias:0]]
[2024.10.31-00.45.26:810][  0]LogConfig: Setting CVar [[r.Streaming.AmortizeCPUToGPUCopy:0]]
[2024.10.31-00.45.26:810][  0]LogConfig: Setting CVar [[r.Streaming.MaxNumTexturesToStreamPerFrame:0]]
[2024.10.31-00.45.26:810][  0]LogConfig: Setting CVar [[r.Streaming.Boost:1]]
[2024.10.31-00.45.26:810][  0]LogConfig: Setting CVar [[r.MaxAnisotropy:8]]
[2024.10.31-00.45.26:810][  0]LogConfig: Setting CVar [[r.VT.MaxAnisotropy:8]]
[2024.10.31-00.45.26:810][  0]LogConfig: Setting CVar [[r.Streaming.LimitPoolSizeToVRAM:0]]
[2024.10.31-00.45.26:810][  0]LogConfig: Setting CVar [[r.Streaming.PoolSize:1000]]
[2024.10.31-00.45.26:811][  0]LogConfig: Setting CVar [[r.Streaming.MaxEffectiveScreenSize:0]]
[2024.10.31-00.45.26:811][  0]LogConfig: Applying CVar settings from Section [EffectsQuality@3] File [G:/CS425_SeniorProject/MainProject/Vertigo_Protocol/Vertigo_Protocol/Saved/Config/Windows/Scalability.ini]
[2024.10.31-00.45.26:811][  0]LogConfig: Setting CVar [[r.TranslucencyLightingVolumeDim:64]]
[2024.10.31-00.45.26:811][  0]LogConfig: Setting CVar [[r.RefractionQuality:2]]
[2024.10.31-00.45.26:811][  0]LogConfig: Setting CVar [[r.SSR.Quality:3]]
[2024.10.31-00.45.26:811][  0]LogConfig: Setting CVar [[r.SSR.HalfResSceneColor:0]]
[2024.10.31-00.45.26:811][  0]LogConfig: Setting CVar [[r.SceneColorFormat:4]]
[2024.10.31-00.45.26:811][  0]LogConfig: Setting CVar [[r.DetailMode:2]]
[2024.10.31-00.45.26:811][  0]LogConfig: Setting CVar [[r.TranslucencyVolumeBlur:1]]
[2024.10.31-00.45.26:811][  0]LogConfig: Setting CVar [[r.MaterialQualityLevel:1 ; High quality]]
[2024.10.31-00.45.26:811][  0]LogConfig: Setting CVar [[r.AnisotropicMaterials:1]]
[2024.10.31-00.45.26:811][  0]LogConfig: Setting CVar [[r.SSS.Scale:1]]
[2024.10.31-00.45.26:811][  0]LogConfig: Setting CVar [[r.SSS.SampleSet:2]]
[2024.10.31-00.45.26:811][  0]LogConfig: Setting CVar [[r.SSS.Quality:1]]
[2024.10.31-00.45.26:811][  0]LogConfig: Setting CVar [[r.SSS.HalfRes:0]]
[2024.10.31-00.45.26:811][  0]LogConfig: Setting CVar [[r.SSGI.Quality:3]]
[2024.10.31-00.45.26:811][  0]LogConfig: Setting CVar [[r.EmitterSpawnRateScale:1.0]]
[2024.10.31-00.45.26:811][  0]LogConfig: Setting CVar [[r.ParticleLightQuality:2]]
[2024.10.31-00.45.26:811][  0]LogConfig: Setting CVar [[r.SkyAtmosphere.AerialPerspectiveLUT.FastApplyOnOpaque:1 ; Always have FastSkyLUT 1 in this case to avoid wrong sky]]
[2024.10.31-00.45.26:811][  0]LogConfig: Setting CVar [[r.SkyAtmosphere.AerialPerspectiveLUT.SampleCountMaxPerSlice:4]]
[2024.10.31-00.45.26:811][  0]LogConfig: Setting CVar [[r.SkyAtmosphere.AerialPerspectiveLUT.DepthResolution:16.0]]
[2024.10.31-00.45.26:811][  0]LogConfig: Setting CVar [[r.SkyAtmosphere.FastSkyLUT:1]]
[2024.10.31-00.45.26:811][  0]LogConfig: Setting CVar [[r.SkyAtmosphere.FastSkyLUT.SampleCountMin:4.0]]
[2024.10.31-00.45.26:811][  0]LogConfig: Setting CVar [[r.SkyAtmosphere.FastSkyLUT.SampleCountMax:128.0]]
[2024.10.31-00.45.26:811][  0]LogConfig: Setting CVar [[r.SkyAtmosphere.SampleCountMin:4.0]]
[2024.10.31-00.45.26:811][  0]LogConfig: Setting CVar [[r.SkyAtmosphere.SampleCountMax:128.0]]
[2024.10.31-00.45.26:811][  0]LogConfig: Setting CVar [[r.SkyAtmosphere.TransmittanceLUT.UseSmallFormat:0]]
[2024.10.31-00.45.26:811][  0]LogConfig: Setting CVar [[r.SkyAtmosphere.TransmittanceLUT.SampleCount:10.0]]
[2024.10.31-00.45.26:811][  0]LogConfig: Setting CVar [[r.SkyAtmosphere.MultiScatteringLUT.SampleCount:15.0]]
[2024.10.31-00.45.26:811][  0]LogConfig: Setting CVar [[r.SkyLight.RealTimeReflectionCapture:1]]
[2024.10.31-00.45.26:811][  0]LogConfig: Applying CVar settings from Section [FoliageQuality@3] File [G:/CS425_SeniorProject/MainProject/Vertigo_Protocol/Vertigo_Protocol/Saved/Config/Windows/Scalability.ini]
[2024.10.31-00.45.26:811][  0]LogConfig: Setting CVar [[foliage.DensityScale:1.0]]
[2024.10.31-00.45.26:811][  0]LogConfig: Setting CVar [[grass.DensityScale:1.0]]
[2024.10.31-00.45.26:811][  0]LogConfig: Applying CVar settings from Section [ShadingQuality@3] File [G:/CS425_SeniorProject/MainProject/Vertigo_Protocol/Vertigo_Protocol/Saved/Config/Windows/Scalability.ini]
[2024.10.31-00.45.26:811][  0]LogConfig: Setting CVar [[r.HairStrands.SkyLighting.IntegrationType:2]]
[2024.10.31-00.45.26:811][  0]LogConfig: Setting CVar [[r.HairStrands.SkyAO.SampleCount:4]]
[2024.10.31-00.45.26:811][  0]LogConfig: Setting CVar [[r.HairStrands.Visibility.MSAA.SamplePerPixel:4]]
[2024.10.31-00.45.26:812][  0]LogConfig: Applying CVar settings from Section [Startup] File [../../../Engine/Config/ConsoleVariables.ini]
[2024.10.31-00.45.26:812][  0]LogConfig: Setting CVar [[net.UseAdaptiveNetUpdateFrequency:0]]
[2024.10.31-00.45.26:812][  0]LogConfig: Setting CVar [[p.chaos.AllowCreatePhysxBodies:1]]
[2024.10.31-00.45.26:812][  0]LogConfig: Setting CVar [[fx.SkipVectorVMBackendOptimizations:1]]
[2024.10.31-00.45.26:812][  0]LogConfig: Applying CVar settings from Section [ConsoleVariables] File [G:/CS425_SeniorProject/MainProject/Vertigo_Protocol/Vertigo_Protocol/Saved/Config/Windows/Engine.ini]
[2024.10.31-00.45.26:812][  0]LogConfig: Applying CVar settings from Section [ConsoleVariables] File [G:/CS425_SeniorProject/MainProject/Vertigo_Protocol/Vertigo_Protocol/Saved/Config/Windows/Editor.ini]
[2024.10.31-00.45.26:812][  0]LogInit: Computer: DESKTOP-JRLUCO1
[2024.10.31-00.45.26:812][  0]LogInit: User: hdsiz
[2024.10.31-00.45.26:812][  0]LogInit: CPU Page size=4096, Cores=8
[2024.10.31-00.45.26:812][  0]LogInit: High frequency timer resolution =10.000000 MHz
[2024.10.31-00.45.26:812][  0]LogMemory: Memory total: Physical=31.9GB (32GB approx)
[2024.10.31-00.45.26:812][  0]LogMemory: Platform Memory Stats for Windows
[2024.10.31-00.45.26:812][  0]LogMemory: Process Physical Memory: 148.24 MB used, 148.25 MB peak
[2024.10.31-00.45.26:812][  0]LogMemory: Process Virtual Memory: 131.53 MB used, 131.53 MB peak
[2024.10.31-00.45.26:812][  0]LogMemory: Physical Memory: 18569.90 MB used,  14127.71 MB free, 32697.61 MB total
[2024.10.31-00.45.26:812][  0]LogMemory: Virtual Memory: 134197536.00 MB used,  20190.00 MB free, 134217728.00 MB total
[2024.10.31-00.45.26:817][  0]LogWindows: WindowsPlatformFeatures enabled
[2024.10.31-00.45.26:853][  0]LogInit: Physics initialised using underlying interface: PhysX
[2024.10.31-00.45.26:853][  0]LogInit: Using OS detected language (en-US).
[2024.10.31-00.45.26:853][  0]LogInit: Using OS detected locale (en-US).
[2024.10.31-00.45.26:855][  0]LogTextLocalizationManager: No specific localization for 'en-US' exists, so the 'en' localization will be used.
[2024.10.31-00.45.27:021][  0]LogInit: Setting process to per monitor DPI aware
[2024.10.31-00.45.27:033][  0]LogWindowsTextInputMethodSystem: Display: IME system deactivated.
[2024.10.31-00.45.27:044][  0]LogSlate: New Slate User Created.  User Index 0, Is Virtual User: 0
[2024.10.31-00.45.27:044][  0]LogSlate: Slate User Registered.  User Index 0, Is Virtual User: 0
[2024.10.31-00.45.27:149][  0]LogD3D11RHI: Loaded GFSDK_Aftermath_Lib.x64.dll
[2024.10.31-00.45.27:151][  0]LogHMD: Failed to initialize OpenVR with code 110
[2024.10.31-00.45.27:151][  0]LogD3D11RHI: D3D11 min allowed feature level: 11_0
[2024.10.31-00.45.27:151][  0]LogD3D11RHI: D3D11 max allowed feature level: 11_0
[2024.10.31-00.45.27:151][  0]LogD3D11RHI: D3D11 adapters:
[2024.10.31-00.45.27:296][  0]LogD3D11RHI:    0. 'NVIDIA GeForce RTX 2080 Ti' (Feature Level 11_0)
[2024.10.31-00.45.27:296][  0]LogD3D11RHI:       11027/0/16348 MB DedicatedVideo/DedicatedSystem/SharedSystem, Outputs:1, VendorId:0x10de
[2024.10.31-00.45.27:409][  0]LogD3D11RHI:    1. 'NVIDIA GeForce RTX 2070' (Feature Level 11_0)
[2024.10.31-00.45.27:409][  0]LogD3D11RHI:       8006/0/16348 MB DedicatedVideo/DedicatedSystem/SharedSystem, Outputs:2, VendorId:0x10de
[2024.10.31-00.45.27:411][  0]LogD3D11RHI:    2. 'Microsoft Basic Render Driver' (Feature Level 11_0)
[2024.10.31-00.45.27:411][  0]LogD3D11RHI:       0/0/16348 MB DedicatedVideo/DedicatedSystem/SharedSystem, Outputs:0, VendorId:0x1414
[2024.10.31-00.45.27:411][  0]LogD3D11RHI: Chosen D3D11 Adapter:
[2024.10.31-00.45.27:411][  0]LogD3D11RHI:     Description : NVIDIA GeForce RTX 2080 Ti
[2024.10.31-00.45.27:411][  0]LogD3D11RHI:     VendorId    : 10de
[2024.10.31-00.45.27:411][  0]LogD3D11RHI:     DeviceId    : 1e04
[2024.10.31-00.45.27:411][  0]LogD3D11RHI:     SubSysId    : 12ae10de
[2024.10.31-00.45.27:411][  0]LogD3D11RHI:     Revision    : 00a1
[2024.10.31-00.45.27:411][  0]LogD3D11RHI:     DedicatedVideoMemory : 11562647552 bytes
[2024.10.31-00.45.27:411][  0]LogD3D11RHI:     DedicatedSystemMemory : 0 bytes
[2024.10.31-00.45.27:411][  0]LogD3D11RHI:     SharedSystemMemory : 17142966272 bytes
[2024.10.31-00.45.27:411][  0]LogD3D11RHI:     AdapterLuid : 0 69772
[2024.10.31-00.45.27:425][  0]LogD3D11RHI: Creating new Direct3DDevice
[2024.10.31-00.45.27:425][  0]LogD3D11RHI:     GPU DeviceId: 0x1e04 (for the marketing name, search the web for "GPU Device Id")
[2024.10.31-00.45.27:425][  0]LogWindows: EnumDisplayDevices:
[2024.10.31-00.45.27:425][  0]LogWindows:    0. 'NVIDIA GeForce RTX 2080 Ti' (P:1 D:1)
[2024.10.31-00.45.27:425][  0]LogWindows:    1. 'NVIDIA GeForce RTX 2080 Ti' (P:0 D:0)
[2024.10.31-00.45.27:425][  0]LogWindows:    2. 'NVIDIA GeForce RTX 2080 Ti' (P:0 D:0)
[2024.10.31-00.45.27:426][  0]LogWindows:    3. 'NVIDIA GeForce RTX 2080 Ti' (P:0 D:0)
[2024.10.31-00.45.27:426][  0]LogWindows:    4. 'NVIDIA GeForce RTX 2070' (P:0 D:1)
[2024.10.31-00.45.27:426][  0]LogWindows:    5. 'NVIDIA GeForce RTX 2070' (P:0 D:1)
[2024.10.31-00.45.27:427][  0]LogWindows:    6. 'NVIDIA GeForce RTX 2070' (P:0 D:0)
[2024.10.31-00.45.27:427][  0]LogWindows:    7. 'NVIDIA GeForce RTX 2070' (P:0 D:0)
[2024.10.31-00.45.27:427][  0]LogWindows: DebugString: PrimaryIsNotTheChoosenAdapter PrimaryIsNotTheChoosenAdapter PrimaryIsNotTheChoosenAdapter PrimaryIsNotTheChoosenAdapter FoundDriverCount:4 
[2024.10.31-00.45.27:427][  0]LogD3D11RHI:     Adapter Name: NVIDIA GeForce RTX 2080 Ti
[2024.10.31-00.45.27:427][  0]LogD3D11RHI:   Driver Version: 560.94 (internal:32.0.15.6094, unified:560.94)
[2024.10.31-00.45.27:427][  0]LogD3D11RHI:      Driver Date: 8-14-2024
[2024.10.31-00.45.27:427][  0]LogRHI: Texture pool is 7718 MB (70% of 11027 MB)
[2024.10.31-00.45.27:427][  0]LogD3D11RHI: Creating D3DDevice using adapter:
[2024.10.31-00.45.27:427][  0]LogD3D11RHI:     Description : NVIDIA GeForce RTX 2080 Ti
[2024.10.31-00.45.27:427][  0]LogD3D11RHI:     VendorId    : 10de
[2024.10.31-00.45.27:427][  0]LogD3D11RHI:     DeviceId    : 1e04
[2024.10.31-00.45.27:427][  0]LogD3D11RHI:     SubSysId    : 12ae10de
[2024.10.31-00.45.27:427][  0]LogD3D11RHI:     Revision    : 00a1
[2024.10.31-00.45.27:427][  0]LogD3D11RHI:     DedicatedVideoMemory : 11562647552 bytes
[2024.10.31-00.45.27:427][  0]LogD3D11RHI:     DedicatedSystemMemory : 0 bytes
[2024.10.31-00.45.27:427][  0]LogD3D11RHI:     SharedSystemMemory : 17142966272 bytes
[2024.10.31-00.45.27:427][  0]LogD3D11RHI:     AdapterLuid : 0 69772
[2024.10.31-00.45.27:526][  0]LogD3D11RHI: RHI has support for 64 bit atomics
[2024.10.31-00.45.27:526][  0]LogD3D11RHI: Async texture creation enabled
[2024.10.31-00.45.27:526][  0]LogD3D11RHI: Array index from any shader is supported
[2024.10.31-00.45.27:568][  0]LogD3D11RHI: GPU Timing Frequency: 1000.000000 (Debug: 2 1)
[2024.10.31-00.45.27:610][  0]LogRHI: GeForceNow SDK initialized: 1
[2024.10.31-00.45.27:871][  0]LogTargetPlatformManager: Display: Loaded TargetPlatform 'AllDesktop'
[2024.10.31-00.45.27:888][  0]LogTargetPlatformManager: Display: Loaded TargetPlatform 'Android'
[2024.10.31-00.45.27:888][  0]LogTargetPlatformManager: Display: Loaded TargetPlatform 'Android_ASTC'
[2024.10.31-00.45.27:888][  0]LogTargetPlatformManager: Display: Loaded TargetPlatform 'Android_DXT'
[2024.10.31-00.45.27:888][  0]LogTargetPlatformManager: Display: Loaded TargetPlatform 'Android_ETC2'
[2024.10.31-00.45.27:888][  0]LogTargetPlatformManager: Display: Loaded TargetPlatform 'AndroidClient'
[2024.10.31-00.45.27:888][  0]LogTargetPlatformManager: Display: Loaded TargetPlatform 'Android_ASTCClient'
[2024.10.31-00.45.27:888][  0]LogTargetPlatformManager: Display: Loaded TargetPlatform 'Android_DXTClient'
[2024.10.31-00.45.27:888][  0]LogTargetPlatformManager: Display: Loaded TargetPlatform 'Android_ETC2Client'
[2024.10.31-00.45.27:888][  0]LogTargetPlatformManager: Display: Loaded TargetPlatform 'Android_Multi'
[2024.10.31-00.45.27:888][  0]LogTargetPlatformManager: Display: Loaded TargetPlatform 'Android_MultiClient'
[2024.10.31-00.45.27:902][  0]LogTargetPlatformManager: Display: Loaded TargetPlatform 'IOSClient'
[2024.10.31-00.45.27:902][  0]LogTargetPlatformManager: Display: Loaded TargetPlatform 'IOS'
[2024.10.31-00.45.27:910][  0]LogTargetPlatformManager: Display: Loaded TargetPlatform 'Linux'
[2024.10.31-00.45.27:914][  0]LogTargetPlatformManager: Display: Loaded TargetPlatform 'LinuxNoEditor'
[2024.10.31-00.45.27:917][  0]LogTargetPlatformManager: Display: Loaded TargetPlatform 'LinuxClient'
[2024.10.31-00.45.27:920][  0]LogTargetPlatformManager: Display: Loaded TargetPlatform 'LinuxServer'
[2024.10.31-00.45.27:927][  0]LogTargetPlatformManager: Display: Loaded TargetPlatform 'LinuxAArch64NoEditor'
[2024.10.31-00.45.27:931][  0]LogTargetPlatformManager: Display: Loaded TargetPlatform 'LinuxAArch64Client'
[2024.10.31-00.45.27:934][  0]LogTargetPlatformManager: Display: Loaded TargetPlatform 'LinuxAArch64Server'
[2024.10.31-00.45.27:954][  0]LogTargetPlatformManager: Display: Loaded TargetPlatform 'Lumin'
[2024.10.31-00.45.27:954][  0]LogTargetPlatformManager: Display: Loaded TargetPlatform 'LuminClient'
[2024.10.31-00.45.27:960][  0]LogTargetPlatformManager: Display: Loaded TargetPlatform 'MacNoEditor'
[2024.10.31-00.45.27:964][  0]LogTargetPlatformManager: Display: Loaded TargetPlatform 'Mac'
[2024.10.31-00.45.27:967][  0]LogTargetPlatformManager: Display: Loaded TargetPlatform 'MacClient'
[2024.10.31-00.45.27:970][  0]LogTargetPlatformManager: Display: Loaded TargetPlatform 'MacServer'
[2024.10.31-00.45.27:977][  0]LogTargetPlatformManager: Display: Loaded TargetPlatform 'TVOSClient'
[2024.10.31-00.45.27:978][  0]LogTargetPlatformManager: Display: Loaded TargetPlatform 'TVOS'
[2024.10.31-00.45.27:984][  0]LogTargetPlatformManager: Display: Loaded TargetPlatform 'WindowsNoEditor'
[2024.10.31-00.45.27:987][  0]LogTargetPlatformManager: Display: Loaded TargetPlatform 'Windows'
[2024.10.31-00.45.27:991][  0]LogTargetPlatformManager: Display: Loaded TargetPlatform 'WindowsClient'
[2024.10.31-00.45.27:994][  0]LogTargetPlatformManager: Display: Loaded TargetPlatform 'WindowsServer'
[2024.10.31-00.45.27:994][  0]LogTargetPlatformManager: Display: Building Assets For Windows
[2024.10.31-00.45.27:999][  0]LogAudioDebug: Display: Lib vorbis DLL was dynamically loaded.
[2024.10.31-00.45.28:019][  0]LogTextureFormatOodle: Display: Oodle Texture 2.9.0 init RDO Off
[2024.10.31-00.45.28:040][  0]LogRendererCore: Ray tracing is disabled. Reason: r.RayTracing=0.
[2024.10.31-00.45.28:040][  0]LogShaderCompilers: Guid format shader working directory is -35 characters bigger than the processId version (../../../../../CS425_SeniorProject/MainProject/Vertigo_Protocol/Vertigo_Protocol/Intermediate/Shaders/WorkingDirectory/64608/).
[2024.10.31-00.45.28:040][  0]LogShaderCompilers: Cleaned the shader compiler working directory 'C:/Users/hdsiz/AppData/Local/Temp/UnrealShaderWorkingDir/F8B91D0649F5AA0A8FF06AAB059B14A7/'.
[2024.10.31-00.45.28:041][  0]LogXGEController: Cannot use XGE Controller as Incredibuild is not installed on this machine.
[2024.10.31-00.45.28:041][  0]LogShaderCompilers: Cannot use XGE Shader Compiler as Incredibuild is not installed on this machine.
[2024.10.31-00.45.28:041][  0]LogShaderCompilers: Display: Using Local Shader Compiler.
[2024.10.31-00.45.28:641][  0]LogDerivedDataCache: Display: Max Cache Size: 512 MB
[2024.10.31-00.45.28:707][  0]LogDerivedDataCache: Loaded boot cache 0.07s 116MB C:/Users/hdsiz/AppData/Local/UnrealEngine/4.27/DerivedDataCache/Boot.ddc.
[2024.10.31-00.45.28:707][  0]LogDerivedDataCache: Display: Loaded Boot cache: C:/Users/hdsiz/AppData/Local/UnrealEngine/4.27/DerivedDataCache/Boot.ddc
[2024.10.31-00.45.28:707][  0]LogDerivedDataCache: FDerivedDataBackendGraph:  Pak pak cache file ../../../../../CS425_SeniorProject/MainProject/Vertigo_Protocol/Vertigo_Protocol/DerivedDataCache/DDC.ddp not found, will not use a pak cache.
[2024.10.31-00.45.28:707][  0]LogDerivedDataCache: Unable to find inner node Pak for hierarchical cache Hierarchy.
[2024.10.31-00.45.28:707][  0]LogDerivedDataCache: FDerivedDataBackendGraph:  CompressedPak pak cache file ../../../../../CS425_SeniorProject/MainProject/Vertigo_Protocol/Vertigo_Protocol/DerivedDataCache/Compressed.ddp not found, will not use a pak cache.
[2024.10.31-00.45.28:707][  0]LogDerivedDataCache: Unable to find inner node CompressedPak for hierarchical cache Hierarchy.
[2024.10.31-00.45.28:721][  0]LogDerivedDataCache: Display: Pak cache opened for reading ../../../Engine/DerivedDataCache/Compressed.ddp.
[2024.10.31-00.45.28:721][  0]LogDerivedDataCache: FDerivedDataBackendGraph:  EnterprisePak pak cache file ../../../Enterprise/DerivedDataCache/Compressed.ddp not found, will not use a pak cache.
[2024.10.31-00.45.28:721][  0]LogDerivedDataCache: Unable to find inner node EnterprisePak for hierarchical cache Hierarchy.
[2024.10.31-00.45.28:727][  0]LogDerivedDataCache: Speed tests for C:/Users/hdsiz/AppData/Local/UnrealEngine/Common/DerivedDataCache took 0.01 seconds
[2024.10.31-00.45.28:727][  0]LogDerivedDataCache: Display: Performance to C:/Users/hdsiz/AppData/Local/UnrealEngine/Common/DerivedDataCache: Latency=0.03ms. RandomReadSpeed=1041.78MBs, RandomWriteSpeed=208.84MBs. Assigned SpeedClass 'Local'
[2024.10.31-00.45.28:728][  0]LogDerivedDataCache: Using Local data cache path C:/Users/hdsiz/AppData/Local/UnrealEngine/Common/DerivedDataCache: Writable
[2024.10.31-00.45.28:728][  0]LogDerivedDataCache: Shared data cache path not found in *engine.ini, will not use an Shared cache.
[2024.10.31-00.45.28:728][  0]LogDerivedDataCache: Unable to find inner node Shared for hierarchical cache Hierarchy.
[2024.10.31-00.45.28:769][  0]LogSlate: Using FreeType 2.10.0
[2024.10.31-00.45.28:770][  0]LogSlate: SlateFontServices - WITH_FREETYPE: 1, WITH_HARFBUZZ: 1
[2024.10.31-00.45.28:792][  0]LogAssetRegistry: FAssetRegistry took 0.0031 seconds to start up
[2024.10.31-00.45.29:027][  0]LogInit: Selected Device Profile: [Windows]
[2024.10.31-00.45.29:027][  0]LogInit: Active device profile: [0000028D49DC6C00][0000028D46876800 49] Windows
[2024.10.31-00.45.29:027][  0]LogInit: Profiles: [0000028D49DC6C00][0000028D46876800 49] Windows, [0000028D49D50E00][0000028D478F8980 49] WindowsNoEditor, [0000028D49DC5100][0000028D4A4ACB00 49] WindowsServer, [0000028D49DC5800][0000028D4A4B0C80 49] WindowsClient, [0000028D49D52600][0000028D478F0DC0 49] IOS, [0000028D49D53900][0000028D4A4B4F00 49] iPadAir, [0000028D49D3EF00][0000028D4A4B9040 49] iPadAir2, [0000028D49CECC00][0000028D467152C0 49] IPadPro, [0000028D49CECD00][0000028D4A4BD300 49] iPadAir3, [0000028D49D52C00][0000028D4A8BD480 49] iPadAir4, [0000028D49CEDB00][0000028D4A8C1600 49] iPadMini2, [0000028D49D52700][0000028D4A8C5780 49] iPadMini3, [0000028D49CEE700][0000028D4A8C9900 49] iPadMini4, [0000028D49D51E00][0000028D4A8CDA80 49] iPadMini5, [0000028D49DC5300][0000028D48D6C1C0 49] iPhone6, [0000028D49DC5200][0000028D47C06200 49] iPodTouch6, [0000028D49D3E200][0000028D48D744C0 49] iPhone7, [0000028D49D3E100][0000028D48D70500 49] iPodTouch7, [0000028D49CEE100][0000028D48D78680 49] iPhone5S, [0000028D49D3C400][0000028D48D7C800 49] iPhone6Plus, [0000028D49CED000][0000028D47C0A980 49] iPhone6S, [0000028D49D3D100][0000028D47C0EB00 49] iPhone6SPlus, [0000028D49CECB00][0000028D47C1AC80 49] iPhone7Plus, [0000028D49D3F600][0000028D47B5EE00 49] iPhoneSE, [0000028D49CEC300][0000028D46710F40 49] iPhone8, [0000028D49D3E700][0000028D47C1F080 49] iPhone8Plus, [0000028D49CED400][0000028D47C231C0 49] iPhoneX, [0000028D49D3C100][0000028D479F1300 49] iPhoneXS, [0000028D49CECF00][0000028D479F9480 49] iPhoneXSMax, [0000028D49DC5600][0000028D47C2B600 49] iPhoneXR, [0000028D49CEC900][0000028D4906D780 49] iPhone11, [0000028D49DC6100][0000028D47C35900 49] iPhone11Pro, [0000028D49CEE300][0000028D47C39A80 49] iPhone11ProMax, [0000028D49DC4A00][0000028D47C3DC00 49] iPhoneSE2, [0000028D49CEFB00][0000028D47AAC200 49] iPhone12Mini, [0000028D49DC4800][0000028D49068380 49] iPhone12, [0000028D49CEC400][0000028D47C26500 49] iPhone12Pro, [0000028D49DC6000][0000028D47AB0680 49] iPhone12ProMax, [0000028D49CEF500][0000028D47AB4800 49] iPadPro105, [0000028D49DC4200][0000028D48EA2980 49] iPadPro129, [0000028D49CEF100][0000028D48EA6B00 49] iPadPro97, [0000028D49DC5B00][0000028D48EAAC80 49] iPadPro2_129, [0000028D49CEC600][0000028D46872E00 49] iPad5, [0000028D49DC5700][0000028D490AAF80 49] iPad6, [0000028D49CEEA00][0000028D3F111100 49] iPad7, [0000028D49DC7000][0000028D479F5240 49] iPad8, [0000028D49CEDD00][0000028D49085380 49] iPadPro11, [0000028D49DC5D00][0000028D490894C0 49] iPadPro2_11, [0000028D49CEC800][0000028D48EB3640 49] iPadPro3_129, [0000028D49DC6F00][0000028D48EB77C0 49] iPadPro4_129, [0000028D49CEEC00][0000028D48EBB940 49] AppleTV, [0000028D49DC4F00][0000028D48EBFAC0 49] AppleTV4K, [0000028D49CED300][0000028D48EC20C0 49] TVOS, [0000028D49DC6700][0000028D46826240 49] Mac, [0000028D49CEF200][0000028D4682A3C0 49] MacClient, [0000028D49DC7600][0000028D4682E540 49] MacNoEditor, [0000028D49CED900][0000028D468326C0 49] MacServer, [0000028D49DC6A00][0000028D46836840 49] Linux, [0000028D49CEEE00][0000028D4683A9C0 49] LinuxAArch64, [0000028D49DC5E00][0000028D4683EB40 49] LinuxNoEditor, [0000028D49CEC700][0000028D46842CC0 49] LinuxAArch64NoEditor, [0000028D49DC6900][0000028D46846E40 49] LinuxClient, [0000028D49CEED00][0000028D4684AFC0 49] LinuxAArch64Client, [0000028D49DC5500][0000028D4A667140 49] LinuxServer, [0000028D49CEFA00][0000028D4A66B2C0 49] LinuxAArch64Server, [0000028D49DC4300][0000028D48EAF400 49] Android, [0000028D49CED100][0000028D4A66F540 49] Android_Low, [0000028D49D3D600][0000028D4A673680 49] Android_Mid, [0000028D49D52100][0000028D4A6777C0 49] Android_High, [0000028D49D3D900][0000028D4A67F940 49] Android_Default, [0000028D49D51100][0000028D4A683AC0 49] Android_Adreno4xx, [0000028D49D3F200][0000028D4A6860C0 49] Android_Adreno5xx_Low, [0000028D49D50600][0000028D4A68A240 49] Android_Adreno5xx, [0000028D49D3D700][0000028D4A68E3C0 49] Android_Adreno6xx, [0000028D49D52300][0000028D4A692540 49] Android_Adreno6xx_Vulkan, [0000028D49D3FD00][0000028D48FBE6C0 49] Android_Mali_T6xx, [0000028D49D51C00][0000028D48FC2840 49] Android_Mali_T7xx, [0000028D49D3E800][0000028D48FC69C0 49] Android_Mali_T8xx, [0000028D49D51B00][0000028D48FCAB40 49] Android_Mali_G71, [0000028D49D3C500][0000028D48FCECC0 49] Android_Mali_G72, [0000028D49D50D00][0000028D48FD2E40 49] Android_Mali_G72_Vulkan, [0000028D49D3C800][0000028D48FD6FC0 49] Android_Mali_G76, [0000028D49D52E00][0000028D48FDB140 49] Android_Mali_G76_Vulkan, [0000028D49D3C900][0000028D48FDF2C0 49] Android_Mali_G77, [0000028D49D51800][0000028D48FE3440 49] Android_Mali_G77_Vulkan, [0000028D49D3C200][0000028D4A67B580 49] Android_Mali_G78, [0000028D49D53200][0000028D48FE76C0 49] Android_Mali_G78_Vulkan, [0000028D49D3F400][0000028D48FEB800 49] Android_Mali_G710, [0000028D49D53800][0000028D48FEF940 49] Android_Mali_G710_Vulkan, [0000028D49D3EC00][0000028D48FF7AC0 49] Android_Vulkan_SM5, [0000028D49D51F00][0000028D47AC40C0 49] Android_PowerVR_G6xxx, [0000028D49D3E400][0000028D47AC8240 49] Android_PowerVR_GT7xxx, [0000028D49D53700][0000028D47ACC3C0 49] Android_PowerVR_GE8xxx, [0000028D49D3ED00][0000028D47AD0540 49] Android_PowerVR_GM9xxx, [0000028D49D51700][0000028D47AD46C0 49] Android_PowerVR_GM9xxx_Vulkan, [0000028D49D3FA00][0000028D47AD8840 49] Android_TegraK1, [0000028D49D53B00][0000028D47ADC9C0 49] Android_Unknown_Vulkan, [0000028D49D3FC00][0000028D47AE0B40 49] Lumin, [0000028D49D51500][0000028D47AE4CC0 49] Lumin_Desktop, [0000028D49D3D400][0000028D47AE8E40 49] HoloLens, 
[2024.10.31-00.45.29:125][  0]LogMeshReduction: Using QuadricMeshReduction for automatic static mesh reduction
[2024.10.31-00.45.29:126][  0]LogMeshReduction: Using SimplygonMeshReduction for automatic skeletal mesh reduction
[2024.10.31-00.45.29:126][  0]LogMeshReduction: Using ProxyLODMeshReduction for automatic mesh merging
[2024.10.31-00.45.29:126][  0]LogMeshReduction: No distributed automatic mesh merging module available
[2024.10.31-00.45.29:126][  0]LogMeshMerging: No distributed automatic mesh merging module available
[2024.10.31-00.45.29:141][  0]LogNetVersion: Vertigo_Protocol 1.0.0, NetCL: 17155196, EngineNetVer: 17, GameNetVer: 0 (Checksum: 1914338960)
[2024.10.31-00.45.29:478][  0]LogTexture: Default maximum texture size for cubemaps generated from long-lat sources has been changed from 512 to unlimited. In order to preserve old behaiour for '/Engine/MapTemplates/Sky/DaylightAmbientCubemap.DaylightAmbientCubemap', its maximum texture size has been explicitly set to 512.
[2024.10.31-00.45.29:533][  0]LogHMD: PokeAHoleMaterial loaded successfully
[2024.10.31-00.45.29:538][  0]LogUObjectArray: 17178 objects as part of root set at end of initial load.
[2024.10.31-00.45.29:538][  0]LogUObjectAllocator: 4302048 out of 0 bytes used by permanent object pool.
[2024.10.31-00.45.29:538][  0]LogUObjectArray: CloseDisregardForGC: 0/0 objects in disregard for GC pool
[2024.10.31-00.45.29:743][  0]LogNiagaraDebuggerClient: Niagara Debugger Client Initialized | Session: 9E8A174E4D325502D1549B83DA6F3E8C | Instance: 5F29FB7C464429EA71FDAC8F724F4741 (DESKTOP-JRLUCO1-64608).
[2024.10.31-00.45.29:827][  0]LogUdpMessaging: Initializing bridge on interface 0.0.0.0:0 to multicast group 230.0.0.1:6666.
[2024.10.31-00.45.29:835][  0]LogTcpMessaging: Initializing TcpMessaging bridge
[2024.10.31-00.45.29:852][  0]LogPython: Using Python 3.7.7
[2024.10.31-00.45.30:320][  0]LogLinker: Warning: Failed to load '/Game/VehicleCPP/VehicleOverview': Can't find file.
[2024.10.31-00.45.30:320][  0]LogLinker: Warning: Failed to load '/Game/VehicleCPP/VehicleOverview': Can't find file.
[2024.10.31-00.45.30:320][  0]LogUObjectGlobals: Warning: Failed to find object 'Class /Game/VehicleCPP/VehicleOverview.VehicleOverview_C'
[2024.10.31-00.45.30:377][  0]SourceControl: Source control is disabled
[2024.10.31-00.45.30:377][  0]SourceControl: Source control is disabled
[2024.10.31-00.45.30:379][  0]SourceControl: Source control is disabled
[2024.10.31-00.45.30:381][  0]SourceControl: Source control is disabled
[2024.10.31-00.45.30:389][  0]SourceControl: Source control is disabled
[2024.10.31-00.45.30:393][  0]LogUProjectInfo: Found projects:
[2024.10.31-00.45.30:704][  0]LogAndroidPermission: UAndroidPermissionCallbackProxy::GetInstance
[2024.10.31-00.45.30:721][  0]LogAudioCaptureCore: Display: No Audio Capture implementations found. Audio input will be silent.
[2024.10.31-00.45.30:721][  0]LogAudioCaptureCore: Display: No Audio Capture implementations found. Audio input will be silent.
[2024.10.31-00.45.30:749][  0]LogOpenImageDenoise: OIDN starting up
[2024.10.31-00.45.30:823][  0]LogCollectionManager: Loaded 0 collections in 0.000537 seconds
[2024.10.31-00.45.30:840][  0]LogFileCache: Scanning file cache for directory 'G:/CS425_SeniorProject/MainProject/Vertigo_Protocol/Vertigo_Protocol/Saved/Collections/' took 0.00s
[2024.10.31-00.45.30:840][  0]LogFileCache: Scanning file cache for directory 'G:/CS425_SeniorProject/MainProject/Vertigo_Protocol/Vertigo_Protocol/Content/Developers/hdsiz/Collections/' took 0.00s
[2024.10.31-00.45.30:840][  0]LogFileCache: Scanning file cache for directory 'G:/CS425_SeniorProject/MainProject/Vertigo_Protocol/Vertigo_Protocol/Content/Collections/' took 0.00s
[2024.10.31-00.45.30:840][  0]LogOcInput: OculusInput pre-init called
[2024.10.31-00.45.31:019][  0]LogEngine: Initializing Engine...
[2024.10.31-00.45.31:082][  0]LogHMD: Failed to enumerate extensions. Please check that you have a valid OpenXR runtime installed.
[2024.10.31-00.45.31:082][  0]LogHMD: Failed to initialize OpenVR with code 110
[2024.10.31-00.45.31:083][  0]LogMagicLeap: Warning: VR disabled because ZI is not enabled.  To enable, in the editor, Edit -> Project Settings -> Plugins -> Magic Leap Plugin -> Enable Zero Iteration
[2024.10.31-00.45.31:083][  0]LogStats: UGameplayTagsManager::InitializeManager -  0.000 s
[2024.10.31-00.45.31:186][  0]LogInit: Initializing FReadOnlyCVARCache
[2024.10.31-00.45.31:192][  0]LogAIModule: Creating AISystem for world Untitled
[2024.10.31-00.45.31:194][  0]LogAudio: Display: Initializing Audio Device Manager...
[2024.10.31-00.45.31:196][  0]LogAudio: Display: Loading Default Audio Settings Objects...
[2024.10.31-00.45.31:196][  0]LogAudio: Display: No default SoundConcurrencyObject specified (or failed to load).
[2024.10.31-00.45.31:197][  0]LogAudio: Display: Audio Device Manager Initialized
[2024.10.31-00.45.31:197][  0]LogAudio: Display: Creating Audio Device:                 Id: 1, Scope: Shared, Realtime: True
[2024.10.31-00.45.31:197][  0]LogAudioMixer: Display: Audio Mixer Platform Settings:
[2024.10.31-00.45.31:197][  0]LogAudioMixer: Display: 	Sample Rate:						  48000
[2024.10.31-00.45.31:197][  0]LogAudioMixer: Display: 	Callback Buffer Frame Size Requested: 1024
[2024.10.31-00.45.31:197][  0]LogAudioMixer: Display: 	Callback Buffer Frame Size To Use:	  1024
[2024.10.31-00.45.31:197][  0]LogAudioMixer: Display: 	Number of buffers to queue:			  2
[2024.10.31-00.45.31:197][  0]LogAudioMixer: Display: 	Max Channels (voices):				  32
[2024.10.31-00.45.31:197][  0]LogAudioMixer: Display: 	Number of Async Source Workers:		  0
[2024.10.31-00.45.31:197][  0]LogAudio: Display: AudioDevice MaxSources: 32
[2024.10.31-00.45.31:197][  0]LogAudio: Display: Audio Spatialization Plugin: None (built-in).
[2024.10.31-00.45.31:197][  0]LogAudio: Display: Audio Reverb Plugin: None (built-in).
[2024.10.31-00.45.31:197][  0]LogAudio: Display: Audio Occlusion Plugin: None (built-in).
[2024.10.31-00.45.31:197][  0]LogAudioMixer: Display: Initializing audio mixer.
[2024.10.31-00.45.31:216][  0]LogAudioMixer: Display: 0: FrontLeft
[2024.10.31-00.45.31:216][  0]LogAudioMixer: Display: 1: FrontRight
[2024.10.31-00.45.31:240][  0]LogAudioMixer: Display: Using Audio Device Headphones (Realtek(R) Audio)
[2024.10.31-00.45.31:241][  0]LogAudioMixer: Display: Initializing Sound Submixes...
[2024.10.31-00.45.31:243][  0]LogAudioMixer: Display: Creating Master Submix 'MasterSubmixDefault'
[2024.10.31-00.45.31:243][  0]LogAudioMixer: Display: Creating Master Submix 'MasterReverbSubmixDefault'
[2024.10.31-00.45.31:243][  0]LogAudioMixer: Display: Creating Master Submix 'MasterEQSubmixDefault'
[2024.10.31-00.45.31:243][  0]LogAudioMixer: FMixerPlatformXAudio2::StartAudioStream() called
[2024.10.31-00.45.31:243][  0]LogAudioMixer: Display: Output buffers initialized: Frames=1024, Channels=2, Samples=2048
[2024.10.31-00.45.31:244][  0]LogAudioMixer: Display: Starting AudioMixerPlatformInterface::RunInternal()
[2024.10.31-00.45.31:244][  0]LogAudioMixer: Display: FMixerPlatformXAudio2::SubmitBuffer() called for the first time
[2024.10.31-00.45.31:244][  0]LogInit: FAudioDevice initialized.
[2024.10.31-00.45.31:244][  0]LogAudio: Display: Audio Device (ID: 1) registered with world 'Untitled'.
[2024.10.31-00.45.31:244][  0]LogNetVersion: Set ProjectVersion to 1.0.0.0. Version Checksum will be recalculated on next use.
[2024.10.31-00.45.31:294][  0]LogDerivedDataCache: Saved boot cache 0.05s 116MB C:/Users/hdsiz/AppData/Local/UnrealEngine/4.27/DerivedDataCache/Boot.ddc.
[2024.10.31-00.45.31:296][  0]LogInit: Texture streaming: Enabled
[2024.10.31-00.45.31:305][  0]LogAnalytics: Display: [UEEditor.Rocket.Release] APIServer = https://datarouter.ol.epicgames.com/. AppVersion = 4.27.2-18319896+++UE4+Release-4.27
[2024.10.31-00.45.31:308][  0]LogEngineSessionManager: EngineSessionManager initialized
[2024.10.31-00.45.31:308][  0]LogEditorSessionSummary: Verbose: Initializing EditorSessionSummaryWriter for editor session tracking
[2024.10.31-00.45.31:310][  0]LogEditorSessionSummary: EditorSessionSummaryWriter initialized
[2024.10.31-00.45.31:336][  0]LogInit: Transaction tracking system initialized
[2024.10.31-00.45.31:349][  0]BlueprintLog: New page: Editor Load
[2024.10.31-00.45.31:388][  0]LocalizationService: Localization service is disabled
[2024.10.31-00.45.31:405][  0]TimingProfiler: Initialize
[2024.10.31-00.45.31:406][  0]TimingProfiler: OnSessionChanged
[2024.10.31-00.45.31:406][  0]LoadingProfiler: Initialize
[2024.10.31-00.45.31:406][  0]LoadingProfiler: OnSessionChanged
[2024.10.31-00.45.31:406][  0]NetworkingProfiler: Initialize
[2024.10.31-00.45.31:406][  0]NetworkingProfiler: OnSessionChanged
[2024.10.31-00.45.31:406][  0]MemoryProfiler: Initialize
[2024.10.31-00.45.31:406][  0]MemoryProfiler: OnSessionChanged
[2024.10.31-00.45.31:516][  0]LogCook: Display: CookSettings for Memory: MemoryMaxUsedVirtual 0MiB, MemoryMaxUsedPhysical 16384MiB, MemoryMinFreeVirtual 0MiB, MemoryMinFreePhysical 1024MiB
[2024.10.31-00.45.31:516][  0]LogCook: Display: Mobile HDR setting 1
[2024.10.31-00.45.31:643][  0]LogFileCache: Scanning file cache for directory 'G:/CS425_SeniorProject/MainProject/Vertigo_Protocol/Vertigo_Protocol/Content/' took 0.01s
[2024.10.31-00.45.31:790][  0]LogInit: Display: Engine is initialized. Leaving FEngineLoop::Init()
[2024.10.31-00.45.31:792][  0]SourceControl: Source control is disabled
[2024.10.31-00.45.31:792][  0]LogUnrealEdMisc: Loading editor; pre map load, took 5.805
[2024.10.31-00.45.31:793][  0]Cmd: MAP LOAD FILE="../../../../../CS425_SeniorProject/MainProject/Vertigo_Protocol/Vertigo_Protocol/Content/Dynamic/Levels/TestMap.umap" TEMPLATE=0 SHOWPROGRESS=1 FEATURELEVEL=3
[2024.10.31-00.45.31:793][  0]LightingResults: New page: Lighting Build
[2024.10.31-00.45.31:794][  0]LogWorld: UWorld::CleanupWorld for Untitled, bSessionEnded=true, bCleanupResources=true
[2024.10.31-00.45.31:794][  0]LogSlate: InvalidateAllWidgets triggered.  All widgets were invalidated
[2024.10.31-00.45.31:794][  0]MapCheck: New page: Map Check
[2024.10.31-00.45.31:794][  0]LightingResults: New page: Lighting Build
[2024.10.31-00.45.31:803][  0]LogAudio: Display: Audio Device unregistered from world 'None'.
[2024.10.31-00.45.31:805][  0]LogUObjectHash: Compacting FUObjectHashTables data took   0.59ms
[2024.10.31-00.45.32:041][  0]LogAudio: Display: Audio Device (ID: 1) registered with world 'TestMap'.
[2024.10.31-00.45.32:042][  0]LogAIModule: Creating AISystem for world TestMap
[2024.10.31-00.45.32:063][  0]LogEditorServer: Finished looking for orphan Actors (0.000 secs)
[2024.10.31-00.45.32:069][  0]LogUObjectHash: Compacting FUObjectHashTables data took   0.70ms
[2024.10.31-00.45.32:069][  0]Cmd: MAP CHECKDEP NOCLEARLOG
[2024.10.31-00.45.32:070][  0]MapCheck: Map check complete: 0 Error(s), 0 Warning(s), took 0.089ms to complete.
[2024.10.31-00.45.32:070][  0]LogFileHelpers: Loading map 'TestMap' took 0.277
[2024.10.31-00.45.32:071][  0]LogUnrealEdMisc: Total Editor Startup Time, took 6.084
[2024.10.31-00.45.32:238][  0]LogNativeClassHierarchy: Verbose: Native class hierarchy populated in 0.0083 seconds. Added 3822 classes and 928 folders.
[2024.10.31-00.45.32:253][  0]LogNativeClassHierarchy: Verbose: Native class hierarchy updated for 'WidgetCarousel' in 0.0002 seconds. Added 0 classes and 0 folders.
[2024.10.31-00.45.32:274][  0]LogPakFile: PakFile PrimaryIndexSize=187
[2024.10.31-00.45.32:274][  0]LogPakFile: PakFile PathHashIndexSize=101
[2024.10.31-00.45.32:274][  0]LogPakFile: PakFile FullDirectoryIndexSize=148
[2024.10.31-00.45.32:276][  0]LogShaderLibrary: Display: ShaderCodeLibraryPakFileMountedCallback: PakFile 'G:/unreal engine 5.1/UE_4.27/FeaturePacks/FP_FirstPerson.upack' (chunk index -1, root 'root:/') mounted
[2024.10.31-00.45.32:276][  0]LogShaderLibrary: Display: ShaderCodeLibraryPakFileMountedCallback: pending pak file info (ChunkID:-1 Root:root:/ File:G:/unreal engine 5.1/UE_4.27/FeaturePacks/FP_FirstPerson.upack)
[2024.10.31-00.45.32:277][  0]LogPakFile: OnPakFileMounted2Time == 0.002575
[2024.10.31-00.45.32:289][  0]LogPakFile: PakFile PrimaryIndexSize=189
[2024.10.31-00.45.32:289][  0]LogPakFile: PakFile PathHashIndexSize=101
[2024.10.31-00.45.32:289][  0]LogPakFile: PakFile FullDirectoryIndexSize=152
[2024.10.31-00.45.32:289][  0]LogShaderLibrary: Display: ShaderCodeLibraryPakFileMountedCallback: PakFile 'G:/unreal engine 5.1/UE_4.27/FeaturePacks/FP_FirstPersonBP.upack' (chunk index -1, root 'root:/') mounted
[2024.10.31-00.45.32:289][  0]LogShaderLibrary: Display: ShaderCodeLibraryPakFileMountedCallback: pending pak file info (ChunkID:-1 Root:root:/ File:G:/unreal engine 5.1/UE_4.27/FeaturePacks/FP_FirstPersonBP.upack)
[2024.10.31-00.45.32:289][  0]LogPakFile: OnPakFileMounted2Time == 0.000044
[2024.10.31-00.45.32:296][  0]LogPakFile: PakFile PrimaryIndexSize=191
[2024.10.31-00.45.32:296][  0]LogPakFile: PakFile PathHashIndexSize=101
[2024.10.31-00.45.32:296][  0]LogPakFile: PakFile FullDirectoryIndexSize=160
[2024.10.31-00.45.32:296][  0]LogShaderLibrary: Display: ShaderCodeLibraryPakFileMountedCallback: PakFile 'G:/unreal engine 5.1/UE_4.27/FeaturePacks/MobileStarterContent.upack' (chunk index -1, root 'root:/') mounted
[2024.10.31-00.45.32:296][  0]LogShaderLibrary: Display: ShaderCodeLibraryPakFileMountedCallback: pending pak file info (ChunkID:-1 Root:root:/ File:G:/unreal engine 5.1/UE_4.27/FeaturePacks/MobileStarterContent.upack)
[2024.10.31-00.45.32:296][  0]LogPakFile: OnPakFileMounted2Time == 0.000040
[2024.10.31-00.45.32:304][  0]LogPakFile: PakFile PrimaryIndexSize=185
[2024.10.31-00.45.32:304][  0]LogPakFile: PakFile PathHashIndexSize=101
[2024.10.31-00.45.32:304][  0]LogPakFile: PakFile FullDirectoryIndexSize=148
[2024.10.31-00.45.32:304][  0]LogShaderLibrary: Display: ShaderCodeLibraryPakFileMountedCallback: PakFile 'G:/unreal engine 5.1/UE_4.27/FeaturePacks/StarterContent.upack' (chunk index -1, root 'root:/') mounted
[2024.10.31-00.45.32:304][  0]LogShaderLibrary: Display: ShaderCodeLibraryPakFileMountedCallback: pending pak file info (ChunkID:-1 Root:root:/ File:G:/unreal engine 5.1/UE_4.27/FeaturePacks/StarterContent.upack)
[2024.10.31-00.45.32:304][  0]LogPakFile: OnPakFileMounted2Time == 0.000042
[2024.10.31-00.45.32:311][  0]LogPakFile: PakFile PrimaryIndexSize=190
[2024.10.31-00.45.32:311][  0]LogPakFile: PakFile PathHashIndexSize=101
[2024.10.31-00.45.32:311][  0]LogPakFile: PakFile FullDirectoryIndexSize=154
[2024.10.31-00.45.32:311][  0]LogShaderLibrary: Display: ShaderCodeLibraryPakFileMountedCallback: PakFile 'G:/unreal engine 5.1/UE_4.27/FeaturePacks/TP_2DSideScroller.upack' (chunk index -1, root 'root:/') mounted
[2024.10.31-00.45.32:311][  0]LogShaderLibrary: Display: ShaderCodeLibraryPakFileMountedCallback: pending pak file info (ChunkID:-1 Root:root:/ File:G:/unreal engine 5.1/UE_4.27/FeaturePacks/TP_2DSideScroller.upack)
[2024.10.31-00.45.32:311][  0]LogPakFile: OnPakFileMounted2Time == 0.000040
[2024.10.31-00.45.32:317][  0]LogPakFile: PakFile PrimaryIndexSize=192
[2024.10.31-00.45.32:317][  0]LogPakFile: PakFile PathHashIndexSize=101
[2024.10.31-00.45.32:317][  0]LogPakFile: PakFile FullDirectoryIndexSize=158
[2024.10.31-00.45.32:317][  0]LogShaderLibrary: Display: ShaderCodeLibraryPakFileMountedCallback: PakFile 'G:/unreal engine 5.1/UE_4.27/FeaturePacks/TP_2DSideScrollerBP.upack' (chunk index -1, root 'root:/') mounted
[2024.10.31-00.45.32:317][  0]LogShaderLibrary: Display: ShaderCodeLibraryPakFileMountedCallback: pending pak file info (ChunkID:-1 Root:root:/ File:G:/unreal engine 5.1/UE_4.27/FeaturePacks/TP_2DSideScrollerBP.upack)
[2024.10.31-00.45.32:317][  0]LogPakFile: OnPakFileMounted2Time == 0.000034
[2024.10.31-00.45.32:323][  0]LogPakFile: PakFile PrimaryIndexSize=182
[2024.10.31-00.45.32:323][  0]LogPakFile: PakFile PathHashIndexSize=101
[2024.10.31-00.45.32:323][  0]LogPakFile: PakFile FullDirectoryIndexSize=138
[2024.10.31-00.45.32:323][  0]LogShaderLibrary: Display: ShaderCodeLibraryPakFileMountedCallback: PakFile 'G:/unreal engine 5.1/UE_4.27/FeaturePacks/TP_Flying.upack' (chunk index -1, root 'root:/') mounted
[2024.10.31-00.45.32:323][  0]LogShaderLibrary: Display: ShaderCodeLibraryPakFileMountedCallback: pending pak file info (ChunkID:-1 Root:root:/ File:G:/unreal engine 5.1/UE_4.27/FeaturePacks/TP_Flying.upack)
[2024.10.31-00.45.32:323][  0]LogPakFile: OnPakFileMounted2Time == 0.000033
[2024.10.31-00.45.32:331][  0]LogPakFile: PakFile PrimaryIndexSize=184
[2024.10.31-00.45.32:331][  0]LogPakFile: PakFile PathHashIndexSize=101
[2024.10.31-00.45.32:332][  0]LogPakFile: PakFile FullDirectoryIndexSize=142
[2024.10.31-00.45.32:332][  0]LogShaderLibrary: Display: ShaderCodeLibraryPakFileMountedCallback: PakFile 'G:/unreal engine 5.1/UE_4.27/FeaturePacks/TP_FlyingBP.upack' (chunk index -1, root 'root:/') mounted
[2024.10.31-00.45.32:332][  0]LogShaderLibrary: Display: ShaderCodeLibraryPakFileMountedCallback: pending pak file info (ChunkID:-1 Root:root:/ File:G:/unreal engine 5.1/UE_4.27/FeaturePacks/TP_FlyingBP.upack)
[2024.10.31-00.45.32:332][  0]LogPakFile: OnPakFileMounted2Time == 0.000039
[2024.10.31-00.45.32:339][  0]LogPakFile: PakFile PrimaryIndexSize=188
[2024.10.31-00.45.32:339][  0]LogPakFile: PakFile PathHashIndexSize=101
[2024.10.31-00.45.32:339][  0]LogPakFile: PakFile FullDirectoryIndexSize=150
[2024.10.31-00.45.32:339][  0]LogShaderLibrary: Display: ShaderCodeLibraryPakFileMountedCallback: PakFile 'G:/unreal engine 5.1/UE_4.27/FeaturePacks/TP_HandheldARBP.upack' (chunk index -1, root 'root:/') mounted
[2024.10.31-00.45.32:339][  0]LogShaderLibrary: Display: ShaderCodeLibraryPakFileMountedCallback: pending pak file info (ChunkID:-1 Root:root:/ File:G:/unreal engine 5.1/UE_4.27/FeaturePacks/TP_HandheldARBP.upack)
[2024.10.31-00.45.32:339][  0]LogPakFile: OnPakFileMounted2Time == 0.000037
[2024.10.31-00.45.32:351][  0]LogPakFile: PakFile PrimaryIndexSize=182
[2024.10.31-00.45.32:351][  0]LogPakFile: PakFile PathHashIndexSize=101
[2024.10.31-00.45.32:351][  0]LogPakFile: PakFile FullDirectoryIndexSize=138
[2024.10.31-00.45.32:351][  0]LogShaderLibrary: Display: ShaderCodeLibraryPakFileMountedCallback: PakFile 'G:/unreal engine 5.1/UE_4.27/FeaturePacks/TP_Puzzle.upack' (chunk index -1, root 'root:/') mounted
[2024.10.31-00.45.32:351][  0]LogShaderLibrary: Display: ShaderCodeLibraryPakFileMountedCallback: pending pak file info (ChunkID:-1 Root:root:/ File:G:/unreal engine 5.1/UE_4.27/FeaturePacks/TP_Puzzle.upack)
[2024.10.31-00.45.32:351][  0]LogPakFile: OnPakFileMounted2Time == 0.000036
[2024.10.31-00.45.32:357][  0]LogPakFile: PakFile PrimaryIndexSize=184
[2024.10.31-00.45.32:357][  0]LogPakFile: PakFile PathHashIndexSize=101
[2024.10.31-00.45.32:357][  0]LogPakFile: PakFile FullDirectoryIndexSize=142
[2024.10.31-00.45.32:358][  0]LogShaderLibrary: Display: ShaderCodeLibraryPakFileMountedCallback: PakFile 'G:/unreal engine 5.1/UE_4.27/FeaturePacks/TP_PuzzleBP.upack' (chunk index -1, root 'root:/') mounted
[2024.10.31-00.45.32:358][  0]LogShaderLibrary: Display: ShaderCodeLibraryPakFileMountedCallback: pending pak file info (ChunkID:-1 Root:root:/ File:G:/unreal engine 5.1/UE_4.27/FeaturePacks/TP_PuzzleBP.upack)
[2024.10.31-00.45.32:358][  0]LogPakFile: OnPakFileMounted2Time == 0.000038
[2024.10.31-00.45.32:364][  0]LogPakFile: PakFile PrimaryIndexSize=183
[2024.10.31-00.45.32:364][  0]LogPakFile: PakFile PathHashIndexSize=101
[2024.10.31-00.45.32:364][  0]LogPakFile: PakFile FullDirectoryIndexSize=140
[2024.10.31-00.45.32:364][  0]LogShaderLibrary: Display: ShaderCodeLibraryPakFileMountedCallback: PakFile 'G:/unreal engine 5.1/UE_4.27/FeaturePacks/TP_Rolling.upack' (chunk index -1, root 'root:/') mounted
[2024.10.31-00.45.32:364][  0]LogShaderLibrary: Display: ShaderCodeLibraryPakFileMountedCallback: pending pak file info (ChunkID:-1 Root:root:/ File:G:/unreal engine 5.1/UE_4.27/FeaturePacks/TP_Rolling.upack)
[2024.10.31-00.45.32:364][  0]LogPakFile: OnPakFileMounted2Time == 0.000039
[2024.10.31-00.45.32:371][  0]LogPakFile: PakFile PrimaryIndexSize=185
[2024.10.31-00.45.32:371][  0]LogPakFile: PakFile PathHashIndexSize=101
[2024.10.31-00.45.32:371][  0]LogPakFile: PakFile FullDirectoryIndexSize=144
[2024.10.31-00.45.32:371][  0]LogShaderLibrary: Display: ShaderCodeLibraryPakFileMountedCallback: PakFile 'G:/unreal engine 5.1/UE_4.27/FeaturePacks/TP_RollingBP.upack' (chunk index -1, root 'root:/') mounted
[2024.10.31-00.45.32:371][  0]LogShaderLibrary: Display: ShaderCodeLibraryPakFileMountedCallback: pending pak file info (ChunkID:-1 Root:root:/ File:G:/unreal engine 5.1/UE_4.27/FeaturePacks/TP_RollingBP.upack)
[2024.10.31-00.45.32:371][  0]LogPakFile: OnPakFileMounted2Time == 0.000038
[2024.10.31-00.45.32:378][  0]LogPakFile: PakFile PrimaryIndexSize=188
[2024.10.31-00.45.32:378][  0]LogPakFile: PakFile PathHashIndexSize=101
[2024.10.31-00.45.32:378][  0]LogPakFile: PakFile FullDirectoryIndexSize=150
[2024.10.31-00.45.32:378][  0]LogShaderLibrary: Display: ShaderCodeLibraryPakFileMountedCallback: PakFile 'G:/unreal engine 5.1/UE_4.27/FeaturePacks/TP_SideScroller.upack' (chunk index -1, root 'root:/') mounted
[2024.10.31-00.45.32:378][  0]LogShaderLibrary: Display: ShaderCodeLibraryPakFileMountedCallback: pending pak file info (ChunkID:-1 Root:root:/ File:G:/unreal engine 5.1/UE_4.27/FeaturePacks/TP_SideScroller.upack)
[2024.10.31-00.45.32:378][  0]LogPakFile: OnPakFileMounted2Time == 0.000038
[2024.10.31-00.45.32:384][  0]LogPakFile: PakFile PrimaryIndexSize=190
[2024.10.31-00.45.32:384][  0]LogPakFile: PakFile PathHashIndexSize=101
[2024.10.31-00.45.32:384][  0]LogPakFile: PakFile FullDirectoryIndexSize=154
[2024.10.31-00.45.32:384][  0]LogShaderLibrary: Display: ShaderCodeLibraryPakFileMountedCallback: PakFile 'G:/unreal engine 5.1/UE_4.27/FeaturePacks/TP_SideScrollerBP.upack' (chunk index -1, root 'root:/') mounted
[2024.10.31-00.45.32:384][  0]LogShaderLibrary: Display: ShaderCodeLibraryPakFileMountedCallback: pending pak file info (ChunkID:-1 Root:root:/ File:G:/unreal engine 5.1/UE_4.27/FeaturePacks/TP_SideScrollerBP.upack)
[2024.10.31-00.45.32:384][  0]LogPakFile: OnPakFileMounted2Time == 0.000034
[2024.10.31-00.45.32:389][  0]LogPakFile: PakFile PrimaryIndexSize=187
[2024.10.31-00.45.32:389][  0]LogPakFile: PakFile PathHashIndexSize=101
[2024.10.31-00.45.32:389][  0]LogPakFile: PakFile FullDirectoryIndexSize=148
[2024.10.31-00.45.32:389][  0]LogShaderLibrary: Display: ShaderCodeLibraryPakFileMountedCallback: PakFile 'G:/unreal engine 5.1/UE_4.27/FeaturePacks/TP_ThirdPerson.upack' (chunk index -1, root 'root:/') mounted
[2024.10.31-00.45.32:389][  0]LogShaderLibrary: Display: ShaderCodeLibraryPakFileMountedCallback: pending pak file info (ChunkID:-1 Root:root:/ File:G:/unreal engine 5.1/UE_4.27/FeaturePacks/TP_ThirdPerson.upack)
[2024.10.31-00.45.32:389][  0]LogPakFile: OnPakFileMounted2Time == 0.000044
[2024.10.31-00.45.32:397][  0]LogPakFile: PakFile PrimaryIndexSize=189
[2024.10.31-00.45.32:397][  0]LogPakFile: PakFile PathHashIndexSize=101
[2024.10.31-00.45.32:397][  0]LogPakFile: PakFile FullDirectoryIndexSize=152
[2024.10.31-00.45.32:397][  0]LogShaderLibrary: Display: ShaderCodeLibraryPakFileMountedCallback: PakFile 'G:/unreal engine 5.1/UE_4.27/FeaturePacks/TP_ThirdPersonBP.upack' (chunk index -1, root 'root:/') mounted
[2024.10.31-00.45.32:397][  0]LogShaderLibrary: Display: ShaderCodeLibraryPakFileMountedCallback: pending pak file info (ChunkID:-1 Root:root:/ File:G:/unreal engine 5.1/UE_4.27/FeaturePacks/TP_ThirdPersonBP.upack)
[2024.10.31-00.45.32:397][  0]LogPakFile: OnPakFileMounted2Time == 0.000039
[2024.10.31-00.45.32:404][  0]LogPakFile: PakFile PrimaryIndexSize=183
[2024.10.31-00.45.32:404][  0]LogPakFile: PakFile PathHashIndexSize=101
[2024.10.31-00.45.32:404][  0]LogPakFile: PakFile FullDirectoryIndexSize=140
[2024.10.31-00.45.32:404][  0]LogShaderLibrary: Display: ShaderCodeLibraryPakFileMountedCallback: PakFile 'G:/unreal engine 5.1/UE_4.27/FeaturePacks/TP_TopDown.upack' (chunk index -1, root 'root:/') mounted
[2024.10.31-00.45.32:405][  0]LogShaderLibrary: Display: ShaderCodeLibraryPakFileMountedCallback: pending pak file info (ChunkID:-1 Root:root:/ File:G:/unreal engine 5.1/UE_4.27/FeaturePacks/TP_TopDown.upack)
[2024.10.31-00.45.32:405][  0]LogPakFile: OnPakFileMounted2Time == 0.000052
[2024.10.31-00.45.32:411][  0]LogPakFile: PakFile PrimaryIndexSize=185
[2024.10.31-00.45.32:411][  0]LogPakFile: PakFile PathHashIndexSize=101
[2024.10.31-00.45.32:411][  0]LogPakFile: PakFile FullDirectoryIndexSize=144
[2024.10.31-00.45.32:411][  0]LogShaderLibrary: Display: ShaderCodeLibraryPakFileMountedCallback: PakFile 'G:/unreal engine 5.1/UE_4.27/FeaturePacks/TP_TopDownBP.upack' (chunk index -1, root 'root:/') mounted
[2024.10.31-00.45.32:411][  0]LogShaderLibrary: Display: ShaderCodeLibraryPakFileMountedCallback: pending pak file info (ChunkID:-1 Root:root:/ File:G:/unreal engine 5.1/UE_4.27/FeaturePacks/TP_TopDownBP.upack)
[2024.10.31-00.45.32:411][  0]LogPakFile: OnPakFileMounted2Time == 0.000038
[2024.10.31-00.45.32:420][  0]LogPakFile: PakFile PrimaryIndexSize=185
[2024.10.31-00.45.32:420][  0]LogPakFile: PakFile PathHashIndexSize=101
[2024.10.31-00.45.32:420][  0]LogPakFile: PakFile FullDirectoryIndexSize=144
[2024.10.31-00.45.32:420][  0]LogShaderLibrary: Display: ShaderCodeLibraryPakFileMountedCallback: PakFile 'G:/unreal engine 5.1/UE_4.27/FeaturePacks/TP_TwinStick.upack' (chunk index -1, root 'root:/') mounted
[2024.10.31-00.45.32:421][  0]LogShaderLibrary: Display: ShaderCodeLibraryPakFileMountedCallback: pending pak file info (ChunkID:-1 Root:root:/ File:G:/unreal engine 5.1/UE_4.27/FeaturePacks/TP_TwinStick.upack)
[2024.10.31-00.45.32:421][  0]LogPakFile: OnPakFileMounted2Time == 0.000043
[2024.10.31-00.45.32:426][  0]LogPakFile: PakFile PrimaryIndexSize=187
[2024.10.31-00.45.32:426][  0]LogPakFile: PakFile PathHashIndexSize=101
[2024.10.31-00.45.32:426][  0]LogPakFile: PakFile FullDirectoryIndexSize=148
[2024.10.31-00.45.32:426][  0]LogShaderLibrary: Display: ShaderCodeLibraryPakFileMountedCallback: PakFile 'G:/unreal engine 5.1/UE_4.27/FeaturePacks/TP_TwinStickBP.upack' (chunk index -1, root 'root:/') mounted
[2024.10.31-00.45.32:426][  0]LogShaderLibrary: Display: ShaderCodeLibraryPakFileMountedCallback: pending pak file info (ChunkID:-1 Root:root:/ File:G:/unreal engine 5.1/UE_4.27/FeaturePacks/TP_TwinStickBP.upack)
[2024.10.31-00.45.32:426][  0]LogPakFile: OnPakFileMounted2Time == 0.000036
[2024.10.31-00.45.32:433][  0]LogPakFile: PakFile PrimaryIndexSize=183
[2024.10.31-00.45.32:434][  0]LogPakFile: PakFile PathHashIndexSize=101
[2024.10.31-00.45.32:434][  0]LogPakFile: PakFile FullDirectoryIndexSize=140
[2024.10.31-00.45.32:434][  0]LogShaderLibrary: Display: ShaderCodeLibraryPakFileMountedCallback: PakFile 'G:/unreal engine 5.1/UE_4.27/FeaturePacks/TP_Vehicle.upack' (chunk index -1, root 'root:/') mounted
[2024.10.31-00.45.32:434][  0]LogShaderLibrary: Display: ShaderCodeLibraryPakFileMountedCallback: pending pak file info (ChunkID:-1 Root:root:/ File:G:/unreal engine 5.1/UE_4.27/FeaturePacks/TP_Vehicle.upack)
[2024.10.31-00.45.32:434][  0]LogPakFile: OnPakFileMounted2Time == 0.000039
[2024.10.31-00.45.32:440][  0]LogPakFile: PakFile PrimaryIndexSize=186
[2024.10.31-00.45.32:440][  0]LogPakFile: PakFile PathHashIndexSize=101
[2024.10.31-00.45.32:440][  0]LogPakFile: PakFile FullDirectoryIndexSize=146
[2024.10.31-00.45.32:440][  0]LogShaderLibrary: Display: ShaderCodeLibraryPakFileMountedCallback: PakFile 'G:/unreal engine 5.1/UE_4.27/FeaturePacks/TP_VehicleAdv.upack' (chunk index -1, root 'root:/') mounted
[2024.10.31-00.45.32:440][  0]LogShaderLibrary: Display: ShaderCodeLibraryPakFileMountedCallback: pending pak file info (ChunkID:-1 Root:root:/ File:G:/unreal engine 5.1/UE_4.27/FeaturePacks/TP_VehicleAdv.upack)
[2024.10.31-00.45.32:440][  0]LogPakFile: OnPakFileMounted2Time == 0.000034
[2024.10.31-00.45.32:446][  0]LogPakFile: PakFile PrimaryIndexSize=188
[2024.10.31-00.45.32:446][  0]LogPakFile: PakFile PathHashIndexSize=101
[2024.10.31-00.45.32:446][  0]LogPakFile: PakFile FullDirectoryIndexSize=150
[2024.10.31-00.45.32:446][  0]LogShaderLibrary: Display: ShaderCodeLibraryPakFileMountedCallback: PakFile 'G:/unreal engine 5.1/UE_4.27/FeaturePacks/TP_VehicleAdvBP.upack' (chunk index -1, root 'root:/') mounted
[2024.10.31-00.45.32:446][  0]LogShaderLibrary: Display: ShaderCodeLibraryPakFileMountedCallback: pending pak file info (ChunkID:-1 Root:root:/ File:G:/unreal engine 5.1/UE_4.27/FeaturePacks/TP_VehicleAdvBP.upack)
[2024.10.31-00.45.32:446][  0]LogPakFile: OnPakFileMounted2Time == 0.000037
[2024.10.31-00.45.32:452][  0]LogPakFile: PakFile PrimaryIndexSize=185
[2024.10.31-00.45.32:452][  0]LogPakFile: PakFile PathHashIndexSize=101
[2024.10.31-00.45.32:452][  0]LogPakFile: PakFile FullDirectoryIndexSize=144
[2024.10.31-00.45.32:452][  0]LogShaderLibrary: Display: ShaderCodeLibraryPakFileMountedCallback: PakFile 'G:/unreal engine 5.1/UE_4.27/FeaturePacks/TP_VehicleBP.upack' (chunk index -1, root 'root:/') mounted
[2024.10.31-00.45.32:452][  0]LogShaderLibrary: Display: ShaderCodeLibraryPakFileMountedCallback: pending pak file info (ChunkID:-1 Root:root:/ File:G:/unreal engine 5.1/UE_4.27/FeaturePacks/TP_VehicleBP.upack)
[2024.10.31-00.45.32:452][  0]LogPakFile: OnPakFileMounted2Time == 0.000038
[2024.10.31-00.45.32:460][  0]LogPakFile: PakFile PrimaryIndexSize=192
[2024.10.31-00.45.32:460][  0]LogPakFile: PakFile PathHashIndexSize=101
[2024.10.31-00.45.32:460][  0]LogPakFile: PakFile FullDirectoryIndexSize=158
[2024.10.31-00.45.32:460][  0]LogShaderLibrary: Display: ShaderCodeLibraryPakFileMountedCallback: PakFile 'G:/unreal engine 5.1/UE_4.27/FeaturePacks/TP_VirtualRealityBP.upack' (chunk index -1, root 'root:/') mounted
[2024.10.31-00.45.32:460][  0]LogShaderLibrary: Display: ShaderCodeLibraryPakFileMountedCallback: pending pak file info (ChunkID:-1 Root:root:/ File:G:/unreal engine 5.1/UE_4.27/FeaturePacks/TP_VirtualRealityBP.upack)
[2024.10.31-00.45.32:460][  0]LogPakFile: OnPakFileMounted2Time == 0.000038
[2024.10.31-00.45.32:863][  0]LogNativeClassHierarchy: Verbose: Native class hierarchy updated for 'AddContentDialog' in 0.0004 seconds. Added 0 classes and 0 folders.
[2024.10.31-00.45.33:564][  0]LogSlate: Only BGRA pngs, bmps or icos are supported in by External Image Picker
[2024.10.31-00.45.33:712][  0]LogSlate: Updating window title bar state: overlay mode, drag disabled, window buttons hidden, title bar hidden
[2024.10.31-00.45.33:720][  0]LogSlate: Updating window title bar state: overlay mode, drag disabled, window buttons hidden, title bar hidden
[2024.10.31-00.45.33:725][  0]LogSlate: Updating window title bar state: overlay mode, drag disabled, window buttons hidden, title bar hidden
[2024.10.31-00.45.33:731][  0]LogSlate: Updating window title bar state: overlay mode, drag disabled, window buttons hidden, title bar hidden
[2024.10.31-00.45.33:742][  0]LogNativeClassHierarchy: Verbose: Native class hierarchy updated for 'SceneOutliner' in 0.0003 seconds. Added 2 classes and 0 folders.
[2024.10.31-00.45.33:836][  0]LogNativeClassHierarchy: Verbose: Native class hierarchy updated for 'HierarchicalLODOutliner' in 0.0002 seconds. Added 0 classes and 0 folders.
[2024.10.31-00.45.33:836][  0]LogLoad: (Engine Initialization) Total time: 7.85 seconds
[2024.10.31-00.45.33:836][  0]LogLoad: (Engine Initialization) Total Blueprint compile time: 0.00 seconds
[2024.10.31-00.45.33:927][  0]LogRenderer: Reallocating scene render targets to support 64x64 Format 10 NumSamples 1 (Frame:1).
[2024.10.31-00.45.33:927][  0]LogAssetRegistry: Asset discovery search completed in 5.1361 seconds
[2024.10.31-00.45.33:931][  0]LogCollectionManager: Fixed up redirectors for 0 collections in 0.000003 seconds (updated 0 objects)
[2024.10.31-00.45.33:937][  0]LogContentStreaming: Texture pool size now 1000 MB
[2024.10.31-00.45.33:943][  0]LogSlate: Took 0.000122 seconds to synchronously load lazily loaded font '../../../Engine/Content/Slate/Fonts/Roboto-Regular.ttf' (155K)
[2024.10.31-00.45.33:952][  0]LogSlate: Took 0.006860 seconds to synchronously load lazily loaded font '../../../Engine/Content/Editor/Slate/Fonts/FontAwesome.ttf' (139K)
[2024.10.31-00.45.33:955][  0]LogSlate: Took 0.000106 seconds to synchronously load lazily loaded font '../../../Engine/Content/Slate/Fonts/Roboto-Bold.ttf' (160K)
[2024.10.31-00.45.34:109][  1]LogRenderer: Reallocating scene render targets to support 968x352 Format 10 NumSamples 1 (Frame:1).
[2024.10.31-00.45.34:865][ 70]LogSlate: Took 0.007408 seconds to synchronously load lazily loaded font '../../../Engine/Content/Slate/Fonts/Roboto-Light.ttf' (167K)
[2024.10.31-00.45.36:979][207]LogRenderer: Reallocating scene render targets to support 1452x900 Format 10 NumSamples 1 (Frame:208).
[2024.10.31-00.45.39:707][488]LogTemp: Repeating last play command: Selected Viewport
[2024.10.31-00.45.39:717][488]LogPlayLevel: PlayLevel: No blueprints needed recompiling
[2024.10.31-00.45.39:725][488]PIE: New page: PIE session: TestMap (Oct 30, 2024, 10:45:39 AM)
[2024.10.31-00.45.39:728][488]LogOnline: OSS: Creating online subsystem instance for: NULL
[2024.10.31-00.45.39:730][488]LogOnline: OSS: TryLoadSubsystemAndSetDefault: Loaded subsystem for module [NULL]
[2024.10.31-00.45.39:731][488]LogPlayLevel: Creating play world package: /Game/Dynamic/Levels/UEDPIE_0_TestMap
[2024.10.31-00.45.39:735][488]LogPlayLevel: PIE: StaticDuplicateObject took: (0.003984s)
[2024.10.31-00.45.39:737][488]LogAIModule: Creating AISystem for world TestMap
[2024.10.31-00.45.39:738][488]LogPlayLevel: PIE: World Init took: (0.002521s)
[2024.10.31-00.45.39:739][488]LogPlayLevel: PIE: Created PIE world by copying editor world from /Game/Dynamic/Levels/TestMap.TestMap to /Game/Dynamic/Levels/UEDPIE_0_TestMap.TestMap (0.007437s)
[2024.10.31-00.45.39:743][488]LogUObjectHash: Compacting FUObjectHashTables data took   0.48ms
[2024.10.31-00.45.39:747][488]LogAudio: Display: Creating Audio Device:                 Id: 2, Scope: Unique, Realtime: True
[2024.10.31-00.45.39:747][488]LogAudioMixer: Display: Audio Mixer Platform Settings:
[2024.10.31-00.45.39:747][488]LogAudioMixer: Display: 	Sample Rate:						  48000
[2024.10.31-00.45.39:747][488]LogAudioMixer: Display: 	Callback Buffer Frame Size Requested: 1024
[2024.10.31-00.45.39:747][488]LogAudioMixer: Display: 	Callback Buffer Frame Size To Use:	  1024
[2024.10.31-00.45.39:747][488]LogAudioMixer: Display: 	Number of buffers to queue:			  2
[2024.10.31-00.45.39:747][488]LogAudioMixer: Display: 	Max Channels (voices):				  32
[2024.10.31-00.45.39:747][488]LogAudioMixer: Display: 	Number of Async Source Workers:		  0
[2024.10.31-00.45.39:747][488]LogAudio: Display: AudioDevice MaxSources: 32
[2024.10.31-00.45.39:748][488]LogAudio: Display: Audio Spatialization Plugin: None (built-in).
[2024.10.31-00.45.39:748][488]LogAudio: Display: Audio Reverb Plugin: None (built-in).
[2024.10.31-00.45.39:748][488]LogAudio: Display: Audio Occlusion Plugin: None (built-in).
[2024.10.31-00.45.39:748][488]LogAudioMixer: Display: Initializing audio mixer.
[2024.10.31-00.45.39:756][488]LogAudioMixer: Display: 0: FrontLeft
[2024.10.31-00.45.39:756][488]LogAudioMixer: Display: 1: FrontRight
[2024.10.31-00.45.39:771][488]LogAudioMixer: Display: Using Audio Device Headphones (Realtek(R) Audio)
[2024.10.31-00.45.39:771][488]LogAudioMixer: Display: Initializing Sound Submixes...
[2024.10.31-00.45.39:771][488]LogAudioMixer: Display: Creating Master Submix 'MasterSubmixDefault'
[2024.10.31-00.45.39:771][488]LogAudioMixer: Display: Creating Master Submix 'MasterReverbSubmixDefault'
[2024.10.31-00.45.39:771][488]LogAudioMixer: Display: Creating Master Submix 'MasterEQSubmixDefault'
[2024.10.31-00.45.39:771][488]LogAudioMixer: FMixerPlatformXAudio2::StartAudioStream() called
[2024.10.31-00.45.39:771][488]LogAudioMixer: Display: Output buffers initialized: Frames=1024, Channels=2, Samples=2048
[2024.10.31-00.45.39:772][488]LogAudioMixer: Display: Starting AudioMixerPlatformInterface::RunInternal()
[2024.10.31-00.45.39:772][488]LogAudioMixer: Display: FMixerPlatformXAudio2::SubmitBuffer() called for the first time
[2024.10.31-00.45.39:772][488]LogInit: FAudioDevice initialized.
[2024.10.31-00.45.39:772][488]LogAudio: Display: Audio Device (ID: 2) registered with world 'TestMap'.
[2024.10.31-00.45.39:792][488]LogLoad: Game class is 'GameMode_C'
[2024.10.31-00.45.39:805][488]LogWorld: Bringing World /Game/Dynamic/Levels/UEDPIE_0_TestMap.TestMap up for play (max tick rate 0) at 2024.10.30-17.45.39
[2024.10.31-00.45.39:807][488]LogWorld: Bringing up level for play took: 0.002469
[2024.10.31-00.45.39:809][488]LogOnline: OSS: Creating online subsystem instance for: :Context_2
[2024.10.31-00.45.39:829][488]LogNativeClassHierarchy: Verbose: Native class hierarchy updated for 'MovieSceneCapture' in 0.0005 seconds. Added 20 classes and 0 folders.
[2024.10.31-00.45.39:829][488]LogGameMode: Display: Match State Changed from EnteringMap to WaitingToStart
[2024.10.31-00.45.39:829][488]LogGameState: Match State Changed from EnteringMap to WaitingToStart
[2024.10.31-00.45.39:829][488]LogGameMode: Display: Match State Changed from WaitingToStart to InProgress
[2024.10.31-00.45.39:840][488]LogGameState: Match State Changed from WaitingToStart to InProgress
[2024.10.31-00.45.39:841][488]PIE: Server logged in
[2024.10.31-00.45.39:844][488]PIE: Play in editor total start time 0.133 seconds.
[2024.10.31-00.45.40:726][574]LogBlueprintUserMessages: [BP_Gun_2] PickingUp
[2024.10.31-00.45.42:585][797]LogBlueprintUserMessages: [BP_Gun_2] Shot Fired.
[2024.10.31-00.45.42:984][843]LogBlueprintUserMessages: [BP_Gun_2] Shot Fired.
[2024.10.31-00.45.43:177][866]LogBlueprintUserMessages: [BP_Gun_2] Shot Fired.
[2024.10.31-00.45.43:350][887]LogBlueprintUserMessages: [BP_Gun_2] Shot Fired.
[2024.10.31-00.45.43:517][907]LogBlueprintUserMessages: [BP_Gun_2] Shot Fired.
[2024.10.31-00.45.43:693][928]LogBlueprintUserMessages: [BP_Gun_2] Shot Fired.
[2024.10.31-00.45.43:860][948]LogBlueprintUserMessages: [BP_Gun_2] Shot Fired.
[2024.10.31-00.45.44:027][968]LogBlueprintUserMessages: [BP_Gun_2] Shot Fired.
[2024.10.31-00.45.44:211][990]LogBlueprintUserMessages: [BP_Gun_2] Shot Fired.
[2024.10.31-00.45.44:403][ 13]LogBlueprintUserMessages: [BP_Gun_2] Shot Fired.
[2024.10.31-00.45.44:603][ 37]LogBlueprintUserMessages: [BP_Gun_2] Shot Fired.
[2024.10.31-00.45.44:884][ 71]LogBlueprintUserMessages: [BP_Gun_2] Shot Fired.
[2024.10.31-00.45.45:361][128]LogBlueprintUserMessages: [BP_Gun_2] Shot Fired.
[2024.10.31-00.45.45:561][152]LogBlueprintUserMessages: [BP_Gun_2] Shot Fired.
[2024.10.31-00.45.45:735][173]LogBlueprintUserMessages: [BP_Gun_2] Shot Fired.
[2024.10.31-00.45.45:909][194]LogBlueprintUserMessages: [BP_Gun_2] Shot Fired.
[2024.10.31-00.45.46:101][217]LogBlueprintUserMessages: [BP_Gun_2] Shot Fired.
[2024.10.31-00.45.46:277][238]LogBlueprintUserMessages: [BP_Gun_2] Shot Fired.
[2024.10.31-00.45.46:460][260]LogBlueprintUserMessages: [BP_Gun_2] Shot Fired.
[2024.10.31-00.45.46:635][281]LogBlueprintUserMessages: [BP_Gun_2] Shot Fired.
[2024.10.31-00.45.46:835][305]LogBlueprintUserMessages: [BP_Gun_2] Shot Fired.
[2024.10.31-00.45.47:657][397]LogSlate: Updating window title bar state: overlay mode, drag disabled, window buttons hidden, title bar hidden
[2024.10.31-00.45.47:658][397]LogWorld: BeginTearingDown for /Game/Dynamic/Levels/UEDPIE_0_TestMap
[2024.10.31-00.45.47:661][397]LogWorld: UWorld::CleanupWorld for TestMap, bSessionEnded=true, bCleanupResources=true
[2024.10.31-00.45.47:662][397]LogSlate: InvalidateAllWidgets triggered.  All widgets were invalidated
[2024.10.31-00.45.47:675][397]LogPlayLevel: Display: Shutting down PIE online subsystems
[2024.10.31-00.45.47:677][397]LogSlate: InvalidateAllWidgets triggered.  All widgets were invalidated
[2024.10.31-00.45.47:683][397]LogAudio: Display: Audio Device unregistered from world 'None'.
[2024.10.31-00.45.47:683][397]LogAudioMixer: FMixerPlatformXAudio2::StopAudioStream() called
[2024.10.31-00.45.47:684][397]LogAudioMixer: FMixerPlatformXAudio2::StopAudioStream() called
[2024.10.31-00.45.47:688][397]LogSlate: Updating window title bar state: overlay mode, drag disabled, window buttons hidden, title bar hidden
[2024.10.31-00.45.47:691][397]LogUObjectHash: Compacting FUObjectHashTables data took   0.64ms
[2024.10.31-00.45.47:703][398]LogPlayLevel: Display: Destroying online subsystem :Context_2
[2024.10.31-00.45.48:707][493]LogUObjectHash: Compacting FUObjectHashTables data took   0.51ms
